
*** Running vivado
    with args -log wrapper.vds -m64 -product Vivado -mode batch -messageDb vivado.pb -notrace -source wrapper.tcl



****** Vivado v2024.2 (64-bit)
  **** SW Build 5239630 on Fri Nov 08 22:35:27 MST 2024
  **** IP Build 5239520 on Sun Nov 10 16:12:51 MST 2024
  **** SharedData Build 5239561 on Fri Nov 08 14:39:27 MST 2024
  **** Start of session at: Thu Mar 27 06:56:10 2025
    ** Copyright 1986-2022 Xilinx, Inc. All Rights Reserved.
    ** Copyright 2022-2024 Advanced Micro Devices, Inc. All Rights Reserved.

source wrapper.tcl -notrace
create_project: Time (s): cpu = 00:00:07 ; elapsed = 00:00:08 . Memory (MB): peak = 618.375 ; gain = 190.988
Command: read_checkpoint -auto_incremental -incremental {C:/Users/Kobe/Desktop/EE214_Projects/Project 8/KobeBui_EE214_Project8_part5v2/KobeBui_EE214_Project8_part5v2.srcs/utils_1/imports/synth_1/counter.dcp}
INFO: [Vivado 12-5825] Read reference checkpoint from C:/Users/Kobe/Desktop/EE214_Projects/Project 8/KobeBui_EE214_Project8_part5v2/KobeBui_EE214_Project8_part5v2.srcs/utils_1/imports/synth_1/counter.dcp for incremental synthesis
INFO: [Vivado 12-7989] Please ensure there are no constraint changes
Command: synth_design -top wrapper -part xc7z007sclg400-1
Starting synth_design
Attempting to get a license for feature 'Synthesis' and/or device 'xc7z007s'
INFO: [Common 17-349] Got license for feature 'Synthesis' and/or device 'xc7z007s'
INFO: [Device 21-403] Loading part xc7z007sclg400-1
INFO: [Designutils 20-5440] No compile time benefit to using incremental synthesis; A full resynthesis will be run
INFO: [Designutils 20-4379] Flow is switching to default flow due to incremental criteria not met. If you would like to alter this behaviour and have the flow terminate instead, please set the following parameter config_implementation {autoIncr.Synth.RejectBehavior Terminate}
INFO: [Synth 8-7079] Multithreading enabled for synth_design using a maximum of 2 processes.
INFO: [Synth 8-7078] Launching helper process for spawning children vivado processes
INFO: [Synth 8-7075] Helper process launched with PID 19288
---------------------------------------------------------------------------------
Starting RTL Elaboration : Time (s): cpu = 00:00:07 ; elapsed = 00:00:07 . Memory (MB): peak = 1302.180 ; gain = 469.629
---------------------------------------------------------------------------------
WARNING: [Synth 8-10929] literal value 'b10000000 truncated to fit in 7 bits [C:/Users/Kobe/Desktop/EE214_Projects/Project 8/KobeBui_EE214_Project8_part5v2/KobeBui_EE214_Project8_part5v2.srcs/sources_1/new/seven_seg.v:33]
INFO: [Synth 8-6157] synthesizing module 'wrapper' [C:/Users/Kobe/Desktop/EE214_Projects/Project 8/KobeBui_EE214_Project8_Part1/KobeBui_EE214_Project8_Part1.srcs/sources_1/new/wrapper.v:23]
INFO: [Synth 8-6157] synthesizing module 'clkdiv' [C:/Users/Kobe/Desktop/EE214_Projects/Project 8/KobeBui_EE214_Project8_part5v2/KobeBui_EE214_Project8_part5v2.srcs/sources_1/new/clkdiv.v:23]
INFO: [Synth 8-6155] done synthesizing module 'clkdiv' (0#1) [C:/Users/Kobe/Desktop/EE214_Projects/Project 8/KobeBui_EE214_Project8_part5v2/KobeBui_EE214_Project8_part5v2.srcs/sources_1/new/clkdiv.v:23]
WARNING: [Synth 8-7071] port 'terminalcount' of module 'clkdiv' is unconnected for instance 'clkdiv' [C:/Users/Kobe/Desktop/EE214_Projects/Project 8/KobeBui_EE214_Project8_Part1/KobeBui_EE214_Project8_Part1.srcs/sources_1/new/wrapper.v:37]
WARNING: [Synth 8-7023] instance 'clkdiv' of module 'clkdiv' has 4 connections declared, but only 3 given [C:/Users/Kobe/Desktop/EE214_Projects/Project 8/KobeBui_EE214_Project8_Part1/KobeBui_EE214_Project8_Part1.srcs/sources_1/new/wrapper.v:37]
INFO: [Synth 8-6157] synthesizing module 'twobit_counter' [C:/Users/Kobe/Desktop/EE214_Projects/Project 8/KobeBui_EE214_Project8_part5v2/KobeBui_EE214_Project8_part5v2.srcs/sources_1/new/twobit_counter.v:23]
INFO: [Synth 8-6155] done synthesizing module 'twobit_counter' (0#1) [C:/Users/Kobe/Desktop/EE214_Projects/Project 8/KobeBui_EE214_Project8_part5v2/KobeBui_EE214_Project8_part5v2.srcs/sources_1/new/twobit_counter.v:23]
INFO: [Synth 8-6157] synthesizing module 'counter' [C:/Users/Kobe/Desktop/EE214_Projects/Project 8/KobeBui_EE214_Project8_part5v2/KobeBui_EE214_Project8_part5v2.srcs/sources_1/new/counter.v:21]
INFO: [Synth 8-6155] done synthesizing module 'counter' (0#1) [C:/Users/Kobe/Desktop/EE214_Projects/Project 8/KobeBui_EE214_Project8_part5v2/KobeBui_EE214_Project8_part5v2.srcs/sources_1/new/counter.v:21]
INFO: [Synth 8-6157] synthesizing module 'mux' [C:/Users/Kobe/Desktop/EE214_Projects/Project 8/KobeBui_EE214_Project8_part5v2/KobeBui_EE214_Project8_part5v2.srcs/sources_1/new/mux.v:23]
INFO: [Synth 8-226] default block is never used [C:/Users/Kobe/Desktop/EE214_Projects/Project 8/KobeBui_EE214_Project8_part5v2/KobeBui_EE214_Project8_part5v2.srcs/sources_1/new/mux.v:30]
INFO: [Synth 8-6155] done synthesizing module 'mux' (0#1) [C:/Users/Kobe/Desktop/EE214_Projects/Project 8/KobeBui_EE214_Project8_part5v2/KobeBui_EE214_Project8_part5v2.srcs/sources_1/new/mux.v:23]
INFO: [Synth 8-6157] synthesizing module 'decoder' [C:/Users/Kobe/Desktop/EE214_Projects/Project 8/KobeBui_EE214_Project8_part5v2/KobeBui_EE214_Project8_part5v2.srcs/sources_1/new/decoder.v:23]
INFO: [Synth 8-226] default block is never used [C:/Users/Kobe/Desktop/EE214_Projects/Project 8/KobeBui_EE214_Project8_part5v2/KobeBui_EE214_Project8_part5v2.srcs/sources_1/new/decoder.v:29]
INFO: [Synth 8-6155] done synthesizing module 'decoder' (0#1) [C:/Users/Kobe/Desktop/EE214_Projects/Project 8/KobeBui_EE214_Project8_part5v2/KobeBui_EE214_Project8_part5v2.srcs/sources_1/new/decoder.v:23]
WARNING: [Synth 8-7071] port 'rst' of module 'decoder' is unconnected for instance 'decoder' [C:/Users/Kobe/Desktop/EE214_Projects/Project 8/KobeBui_EE214_Project8_Part1/KobeBui_EE214_Project8_Part1.srcs/sources_1/new/wrapper.v:51]
WARNING: [Synth 8-7023] instance 'decoder' of module 'decoder' has 3 connections declared, but only 2 given [C:/Users/Kobe/Desktop/EE214_Projects/Project 8/KobeBui_EE214_Project8_Part1/KobeBui_EE214_Project8_Part1.srcs/sources_1/new/wrapper.v:51]
INFO: [Synth 8-6157] synthesizing module 'seven_seg' [C:/Users/Kobe/Desktop/EE214_Projects/Project 8/KobeBui_EE214_Project8_part5v2/KobeBui_EE214_Project8_part5v2.srcs/sources_1/new/seven_seg.v:23]
WARNING: [Synth 8-6090] variable 'catReg' is written by both blocking and non-blocking assignments, entire logic could be removed [C:/Users/Kobe/Desktop/EE214_Projects/Project 8/KobeBui_EE214_Project8_part5v2/KobeBui_EE214_Project8_part5v2.srcs/sources_1/new/seven_seg.v:36]
WARNING: [Synth 8-6090] variable 'catReg' is written by both blocking and non-blocking assignments, entire logic could be removed [C:/Users/Kobe/Desktop/EE214_Projects/Project 8/KobeBui_EE214_Project8_part5v2/KobeBui_EE214_Project8_part5v2.srcs/sources_1/new/seven_seg.v:37]
WARNING: [Synth 8-6090] variable 'catReg' is written by both blocking and non-blocking assignments, entire logic could be removed [C:/Users/Kobe/Desktop/EE214_Projects/Project 8/KobeBui_EE214_Project8_part5v2/KobeBui_EE214_Project8_part5v2.srcs/sources_1/new/seven_seg.v:38]
WARNING: [Synth 8-6090] variable 'catReg' is written by both blocking and non-blocking assignments, entire logic could be removed [C:/Users/Kobe/Desktop/EE214_Projects/Project 8/KobeBui_EE214_Project8_part5v2/KobeBui_EE214_Project8_part5v2.srcs/sources_1/new/seven_seg.v:39]
WARNING: [Synth 8-6090] variable 'catReg' is written by both blocking and non-blocking assignments, entire logic could be removed [C:/Users/Kobe/Desktop/EE214_Projects/Project 8/KobeBui_EE214_Project8_part5v2/KobeBui_EE214_Project8_part5v2.srcs/sources_1/new/seven_seg.v:40]
WARNING: [Synth 8-6090] variable 'catReg' is written by both blocking and non-blocking assignments, entire logic could be removed [C:/Users/Kobe/Desktop/EE214_Projects/Project 8/KobeBui_EE214_Project8_part5v2/KobeBui_EE214_Project8_part5v2.srcs/sources_1/new/seven_seg.v:41]
WARNING: [Synth 8-6090] variable 'catReg' is written by both blocking and non-blocking assignments, entire logic could be removed [C:/Users/Kobe/Desktop/EE214_Projects/Project 8/KobeBui_EE214_Project8_part5v2/KobeBui_EE214_Project8_part5v2.srcs/sources_1/new/seven_seg.v:42]
WARNING: [Synth 8-6090] variable 'catReg' is written by both blocking and non-blocking assignments, entire logic could be removed [C:/Users/Kobe/Desktop/EE214_Projects/Project 8/KobeBui_EE214_Project8_part5v2/KobeBui_EE214_Project8_part5v2.srcs/sources_1/new/seven_seg.v:43]
WARNING: [Synth 8-6090] variable 'catReg' is written by both blocking and non-blocking assignments, entire logic could be removed [C:/Users/Kobe/Desktop/EE214_Projects/Project 8/KobeBui_EE214_Project8_part5v2/KobeBui_EE214_Project8_part5v2.srcs/sources_1/new/seven_seg.v:44]
WARNING: [Synth 8-6090] variable 'catReg' is written by both blocking and non-blocking assignments, entire logic could be removed [C:/Users/Kobe/Desktop/EE214_Projects/Project 8/KobeBui_EE214_Project8_part5v2/KobeBui_EE214_Project8_part5v2.srcs/sources_1/new/seven_seg.v:45]
WARNING: [Synth 8-6090] variable 'catReg' is written by both blocking and non-blocking assignments, entire logic could be removed [C:/Users/Kobe/Desktop/EE214_Projects/Project 8/KobeBui_EE214_Project8_part5v2/KobeBui_EE214_Project8_part5v2.srcs/sources_1/new/seven_seg.v:46]
WARNING: [Synth 8-567] referenced signal 'anReg' should be on the sensitivity list [C:/Users/Kobe/Desktop/EE214_Projects/Project 8/KobeBui_EE214_Project8_part5v2/KobeBui_EE214_Project8_part5v2.srcs/sources_1/new/seven_seg.v:32]
INFO: [Synth 8-6155] done synthesizing module 'seven_seg' (0#1) [C:/Users/Kobe/Desktop/EE214_Projects/Project 8/KobeBui_EE214_Project8_part5v2/KobeBui_EE214_Project8_part5v2.srcs/sources_1/new/seven_seg.v:23]
INFO: [Synth 8-6155] done synthesizing module 'wrapper' (0#1) [C:/Users/Kobe/Desktop/EE214_Projects/Project 8/KobeBui_EE214_Project8_Part1/KobeBui_EE214_Project8_Part1.srcs/sources_1/new/wrapper.v:23]
WARNING: [Synth 8-3848] Net seg_cat in module/entity seven_seg does not have driver. [C:/Users/Kobe/Desktop/EE214_Projects/Project 8/KobeBui_EE214_Project8_part5v2/KobeBui_EE214_Project8_part5v2.srcs/sources_1/new/seven_seg.v:27]
WARNING: [Synth 8-7129] Port seg_cat[7] in module seven_seg is either unconnected or has no load
WARNING: [Synth 8-7129] Port seg_cat[6] in module seven_seg is either unconnected or has no load
WARNING: [Synth 8-7129] Port seg_cat[5] in module seven_seg is either unconnected or has no load
WARNING: [Synth 8-7129] Port seg_cat[4] in module seven_seg is either unconnected or has no load
WARNING: [Synth 8-7129] Port seg_cat[3] in module seven_seg is either unconnected or has no load
WARNING: [Synth 8-7129] Port seg_cat[2] in module seven_seg is either unconnected or has no load
WARNING: [Synth 8-7129] Port seg_cat[1] in module seven_seg is either unconnected or has no load
WARNING: [Synth 8-7129] Port seg_cat[0] in module seven_seg is either unconnected or has no load
WARNING: [Synth 8-7129] Port I[3] in module seven_seg is either unconnected or has no load
WARNING: [Synth 8-7129] Port I[2] in module seven_seg is either unconnected or has no load
WARNING: [Synth 8-7129] Port I[1] in module seven_seg is either unconnected or has no load
WARNING: [Synth 8-7129] Port I[0] in module seven_seg is either unconnected or has no load
WARNING: [Synth 8-7129] Port rst in module seven_seg is either unconnected or has no load
---------------------------------------------------------------------------------
Finished RTL Elaboration : Time (s): cpu = 00:00:08 ; elapsed = 00:00:09 . Memory (MB): peak = 1406.770 ; gain = 574.219
---------------------------------------------------------------------------------
---------------------------------------------------------------------------------
Start Handling Custom Attributes
---------------------------------------------------------------------------------
---------------------------------------------------------------------------------
Finished Handling Custom Attributes : Time (s): cpu = 00:00:09 ; elapsed = 00:00:09 . Memory (MB): peak = 1406.770 ; gain = 574.219
---------------------------------------------------------------------------------
---------------------------------------------------------------------------------
Finished RTL Optimization Phase 1 : Time (s): cpu = 00:00:09 ; elapsed = 00:00:09 . Memory (MB): peak = 1406.770 ; gain = 574.219
---------------------------------------------------------------------------------
Netlist sorting complete. Time (s): cpu = 00:00:00 ; elapsed = 00:00:00.001 . Memory (MB): peak = 1406.770 ; gain = 0.000
INFO: [Project 1-570] Preparing netlist for logic optimization

Processing XDC Constraints
Initializing timing engine
Parsing XDC File [C:/Users/Kobe/Desktop/EE214_Projects/blackboard.xdc]
WARNING: [Vivado 12-584] No ports matched 'led[0]'. [C:/Users/Kobe/Desktop/EE214_Projects/blackboard.xdc:7]
CRITICAL WARNING: [Common 17-55] 'set_property' expects at least one object. [C:/Users/Kobe/Desktop/EE214_Projects/blackboard.xdc:7]
Resolution: If [get_<value>] was used to populate the object, check to make sure this command returns at least one valid object.
WARNING: [Vivado 12-584] No ports matched 'led[1]'. [C:/Users/Kobe/Desktop/EE214_Projects/blackboard.xdc:8]
CRITICAL WARNING: [Common 17-55] 'set_property' expects at least one object. [C:/Users/Kobe/Desktop/EE214_Projects/blackboard.xdc:8]
Resolution: If [get_<value>] was used to populate the object, check to make sure this command returns at least one valid object.
WARNING: [Vivado 12-584] No ports matched 'led[2]'. [C:/Users/Kobe/Desktop/EE214_Projects/blackboard.xdc:9]
CRITICAL WARNING: [Common 17-55] 'set_property' expects at least one object. [C:/Users/Kobe/Desktop/EE214_Projects/blackboard.xdc:9]
Resolution: If [get_<value>] was used to populate the object, check to make sure this command returns at least one valid object.
WARNING: [Vivado 12-584] No ports matched 'led[3]'. [C:/Users/Kobe/Desktop/EE214_Projects/blackboard.xdc:10]
CRITICAL WARNING: [Common 17-55] 'set_property' expects at least one object. [C:/Users/Kobe/Desktop/EE214_Projects/blackboard.xdc:10]
Resolution: If [get_<value>] was used to populate the object, check to make sure this command returns at least one valid object.
WARNING: [Vivado 12-584] No ports matched 'led[4]'. [C:/Users/Kobe/Desktop/EE214_Projects/blackboard.xdc:11]
CRITICAL WARNING: [Common 17-55] 'set_property' expects at least one object. [C:/Users/Kobe/Desktop/EE214_Projects/blackboard.xdc:11]
Resolution: If [get_<value>] was used to populate the object, check to make sure this command returns at least one valid object.
WARNING: [Vivado 12-584] No ports matched 'led[5]'. [C:/Users/Kobe/Desktop/EE214_Projects/blackboard.xdc:12]
CRITICAL WARNING: [Common 17-55] 'set_property' expects at least one object. [C:/Users/Kobe/Desktop/EE214_Projects/blackboard.xdc:12]
Resolution: If [get_<value>] was used to populate the object, check to make sure this command returns at least one valid object.
WARNING: [Vivado 12-584] No ports matched 'led[6]'. [C:/Users/Kobe/Desktop/EE214_Projects/blackboard.xdc:13]
CRITICAL WARNING: [Common 17-55] 'set_property' expects at least one object. [C:/Users/Kobe/Desktop/EE214_Projects/blackboard.xdc:13]
Resolution: If [get_<value>] was used to populate the object, check to make sure this command returns at least one valid object.
WARNING: [Vivado 12-584] No ports matched 'led[7]'. [C:/Users/Kobe/Desktop/EE214_Projects/blackboard.xdc:14]
CRITICAL WARNING: [Common 17-55] 'set_property' expects at least one object. [C:/Users/Kobe/Desktop/EE214_Projects/blackboard.xdc:14]
Resolution: If [get_<value>] was used to populate the object, check to make sure this command returns at least one valid object.
WARNING: [Vivado 12-584] No ports matched 'led[8]'. [C:/Users/Kobe/Desktop/EE214_Projects/blackboard.xdc:15]
CRITICAL WARNING: [Common 17-55] 'set_property' expects at least one object. [C:/Users/Kobe/Desktop/EE214_Projects/blackboard.xdc:15]
Resolution: If [get_<value>] was used to populate the object, check to make sure this command returns at least one valid object.
WARNING: [Vivado 12-584] No ports matched 'led[9]'. [C:/Users/Kobe/Desktop/EE214_Projects/blackboard.xdc:16]
CRITICAL WARNING: [Common 17-55] 'set_property' expects at least one object. [C:/Users/Kobe/Desktop/EE214_Projects/blackboard.xdc:16]
Resolution: If [get_<value>] was used to populate the object, check to make sure this command returns at least one valid object.
WARNING: [Vivado 12-584] No ports matched 'RGB_led_A[0]'. [C:/Users/Kobe/Desktop/EE214_Projects/blackboard.xdc:19]
CRITICAL WARNING: [Common 17-55] 'set_property' expects at least one object. [C:/Users/Kobe/Desktop/EE214_Projects/blackboard.xdc:19]
Resolution: If [get_<value>] was used to populate the object, check to make sure this command returns at least one valid object.
WARNING: [Vivado 12-584] No ports matched 'RGB_led_A[1]'. [C:/Users/Kobe/Desktop/EE214_Projects/blackboard.xdc:20]
CRITICAL WARNING: [Common 17-55] 'set_property' expects at least one object. [C:/Users/Kobe/Desktop/EE214_Projects/blackboard.xdc:20]
Resolution: If [get_<value>] was used to populate the object, check to make sure this command returns at least one valid object.
WARNING: [Vivado 12-584] No ports matched 'RGB_led_A[2]'. [C:/Users/Kobe/Desktop/EE214_Projects/blackboard.xdc:21]
CRITICAL WARNING: [Common 17-55] 'set_property' expects at least one object. [C:/Users/Kobe/Desktop/EE214_Projects/blackboard.xdc:21]
Resolution: If [get_<value>] was used to populate the object, check to make sure this command returns at least one valid object.
WARNING: [Vivado 12-584] No ports matched 'RGB_led_B[0]'. [C:/Users/Kobe/Desktop/EE214_Projects/blackboard.xdc:23]
CRITICAL WARNING: [Common 17-55] 'set_property' expects at least one object. [C:/Users/Kobe/Desktop/EE214_Projects/blackboard.xdc:23]
Resolution: If [get_<value>] was used to populate the object, check to make sure this command returns at least one valid object.
WARNING: [Vivado 12-584] No ports matched 'RGB_led_B[1]'. [C:/Users/Kobe/Desktop/EE214_Projects/blackboard.xdc:24]
CRITICAL WARNING: [Common 17-55] 'set_property' expects at least one object. [C:/Users/Kobe/Desktop/EE214_Projects/blackboard.xdc:24]
Resolution: If [get_<value>] was used to populate the object, check to make sure this command returns at least one valid object.
WARNING: [Vivado 12-584] No ports matched 'RGB_led_B[2]'. [C:/Users/Kobe/Desktop/EE214_Projects/blackboard.xdc:25]
CRITICAL WARNING: [Common 17-55] 'set_property' expects at least one object. [C:/Users/Kobe/Desktop/EE214_Projects/blackboard.xdc:25]
Resolution: If [get_<value>] was used to populate the object, check to make sure this command returns at least one valid object.
WARNING: [Vivado 12-584] No ports matched 'sw[0]'. [C:/Users/Kobe/Desktop/EE214_Projects/blackboard.xdc:28]
CRITICAL WARNING: [Common 17-55] 'set_property' expects at least one object. [C:/Users/Kobe/Desktop/EE214_Projects/blackboard.xdc:28]
Resolution: If [get_<value>] was used to populate the object, check to make sure this command returns at least one valid object.
WARNING: [Vivado 12-584] No ports matched 'sw[1]'. [C:/Users/Kobe/Desktop/EE214_Projects/blackboard.xdc:29]
CRITICAL WARNING: [Common 17-55] 'set_property' expects at least one object. [C:/Users/Kobe/Desktop/EE214_Projects/blackboard.xdc:29]
Resolution: If [get_<value>] was used to populate the object, check to make sure this command returns at least one valid object.
WARNING: [Vivado 12-584] No ports matched 'sw[2]'. [C:/Users/Kobe/Desktop/EE214_Projects/blackboard.xdc:30]
CRITICAL WARNING: [Common 17-55] 'set_property' expects at least one object. [C:/Users/Kobe/Desktop/EE214_Projects/blackboard.xdc:30]
Resolution: If [get_<value>] was used to populate the object, check to make sure this command returns at least one valid object.
WARNING: [Vivado 12-584] No ports matched 'sw[3]'. [C:/Users/Kobe/Desktop/EE214_Projects/blackboard.xdc:31]
CRITICAL WARNING: [Common 17-55] 'set_property' expects at least one object. [C:/Users/Kobe/Desktop/EE214_Projects/blackboard.xdc:31]
Resolution: If [get_<value>] was used to populate the object, check to make sure this command returns at least one valid object.
WARNING: [Vivado 12-584] No ports matched 'sw[4]'. [C:/Users/Kobe/Desktop/EE214_Projects/blackboard.xdc:32]
CRITICAL WARNING: [Common 17-55] 'set_property' expects at least one object. [C:/Users/Kobe/Desktop/EE214_Projects/blackboard.xdc:32]
Resolution: If [get_<value>] was used to populate the object, check to make sure this command returns at least one valid object.
WARNING: [Vivado 12-584] No ports matched 'sw[5]'. [C:/Users/Kobe/Desktop/EE214_Projects/blackboard.xdc:33]
CRITICAL WARNING: [Common 17-55] 'set_property' expects at least one object. [C:/Users/Kobe/Desktop/EE214_Projects/blackboard.xdc:33]
Resolution: If [get_<value>] was used to populate the object, check to make sure this command returns at least one valid object.
WARNING: [Vivado 12-584] No ports matched 'sw[6]'. [C:/Users/Kobe/Desktop/EE214_Projects/blackboard.xdc:34]
CRITICAL WARNING: [Common 17-55] 'set_property' expects at least one object. [C:/Users/Kobe/Desktop/EE214_Projects/blackboard.xdc:34]
Resolution: If [get_<value>] was used to populate the object, check to make sure this command returns at least one valid object.
WARNING: [Vivado 12-584] No ports matched 'sw[7]'. [C:/Users/Kobe/Desktop/EE214_Projects/blackboard.xdc:35]
CRITICAL WARNING: [Common 17-55] 'set_property' expects at least one object. [C:/Users/Kobe/Desktop/EE214_Projects/blackboard.xdc:35]
Resolution: If [get_<value>] was used to populate the object, check to make sure this command returns at least one valid object.
WARNING: [Vivado 12-584] No ports matched 'sw[8]'. [C:/Users/Kobe/Desktop/EE214_Projects/blackboard.xdc:36]
CRITICAL WARNING: [Common 17-55] 'set_property' expects at least one object. [C:/Users/Kobe/Desktop/EE214_Projects/blackboard.xdc:36]
Resolution: If [get_<value>] was used to populate the object, check to make sure this command returns at least one valid object.
WARNING: [Vivado 12-584] No ports matched 'sw[9]'. [C:/Users/Kobe/Desktop/EE214_Projects/blackboard.xdc:37]
CRITICAL WARNING: [Common 17-55] 'set_property' expects at least one object. [C:/Users/Kobe/Desktop/EE214_Projects/blackboard.xdc:37]
Resolution: If [get_<value>] was used to populate the object, check to make sure this command returns at least one valid object.
WARNING: [Vivado 12-584] No ports matched 'sw[10]'. [C:/Users/Kobe/Desktop/EE214_Projects/blackboard.xdc:38]
CRITICAL WARNING: [Common 17-55] 'set_property' expects at least one object. [C:/Users/Kobe/Desktop/EE214_Projects/blackboard.xdc:38]
Resolution: If [get_<value>] was used to populate the object, check to make sure this command returns at least one valid object.
WARNING: [Vivado 12-584] No ports matched 'sw[11]'. [C:/Users/Kobe/Desktop/EE214_Projects/blackboard.xdc:39]
CRITICAL WARNING: [Common 17-55] 'set_property' expects at least one object. [C:/Users/Kobe/Desktop/EE214_Projects/blackboard.xdc:39]
Resolution: If [get_<value>] was used to populate the object, check to make sure this command returns at least one valid object.
WARNING: [Vivado 12-584] No ports matched 'btn[1]'. [C:/Users/Kobe/Desktop/EE214_Projects/blackboard.xdc:44]
CRITICAL WARNING: [Common 17-55] 'set_property' expects at least one object. [C:/Users/Kobe/Desktop/EE214_Projects/blackboard.xdc:44]
Resolution: If [get_<value>] was used to populate the object, check to make sure this command returns at least one valid object.
WARNING: [Vivado 12-584] No ports matched 'btn[2]'. [C:/Users/Kobe/Desktop/EE214_Projects/blackboard.xdc:45]
CRITICAL WARNING: [Common 17-55] 'set_property' expects at least one object. [C:/Users/Kobe/Desktop/EE214_Projects/blackboard.xdc:45]
Resolution: If [get_<value>] was used to populate the object, check to make sure this command returns at least one valid object.
WARNING: [Vivado 12-584] No ports matched 'btn[3]'. [C:/Users/Kobe/Desktop/EE214_Projects/blackboard.xdc:46]
CRITICAL WARNING: [Common 17-55] 'set_property' expects at least one object. [C:/Users/Kobe/Desktop/EE214_Projects/blackboard.xdc:46]
Resolution: If [get_<value>] was used to populate the object, check to make sure this command returns at least one valid object.
Finished Parsing XDC File [C:/Users/Kobe/Desktop/EE214_Projects/blackboard.xdc]
INFO: [Project 1-236] Implementation specific constraints were found while reading constraint file [C:/Users/Kobe/Desktop/EE214_Projects/blackboard.xdc]. These constraints will be ignored for synthesis but will be used in implementation. Impacted constraints are listed in the file [.Xil/wrapper_propImpl.xdc].
Resolution: To avoid this warning, move constraints listed in [.Xil/wrapper_propImpl.xdc] to another XDC file and exclude this new file from synthesis with the used_in_synthesis property (File Properties dialog in GUI) and re-run elaboration/synthesis.
Completed Processing XDC Constraints

Netlist sorting complete. Time (s): cpu = 00:00:00 ; elapsed = 00:00:00 . Memory (MB): peak = 1495.520 ; gain = 0.000
INFO: [Project 1-111] Unisim Transformation Summary:
No Unisim elements were transformed.

Constraint Validation Runtime : Time (s): cpu = 00:00:00 ; elapsed = 00:00:00.002 . Memory (MB): peak = 1495.520 ; gain = 0.000
INFO: [Designutils 20-5440] No compile time benefit to using incremental synthesis; A full resynthesis will be run
INFO: [Designutils 20-4379] Flow is switching to default flow due to incremental criteria not met. If you would like to alter this behaviour and have the flow terminate instead, please set the following parameter config_implementation {autoIncr.Synth.RejectBehavior Terminate}
---------------------------------------------------------------------------------
Finished Constraint Validation : Time (s): cpu = 00:00:15 ; elapsed = 00:00:16 . Memory (MB): peak = 1495.520 ; gain = 662.969
---------------------------------------------------------------------------------
---------------------------------------------------------------------------------
Start Loading Part and Timing Information
---------------------------------------------------------------------------------
Loading part: xc7z007sclg400-1
---------------------------------------------------------------------------------
Finished Loading Part and Timing Information : Time (s): cpu = 00:00:15 ; elapsed = 00:00:16 . Memory (MB): peak = 1495.520 ; gain = 662.969
---------------------------------------------------------------------------------
---------------------------------------------------------------------------------
Start Applying 'set_property' XDC Constraints
---------------------------------------------------------------------------------
---------------------------------------------------------------------------------
Finished applying 'set_property' XDC Constraints : Time (s): cpu = 00:00:15 ; elapsed = 00:00:16 . Memory (MB): peak = 1495.520 ; gain = 662.969
---------------------------------------------------------------------------------
---------------------------------------------------------------------------------
Finished RTL Optimization Phase 2 : Time (s): cpu = 00:00:15 ; elapsed = 00:00:16 . Memory (MB): peak = 1495.520 ; gain = 662.969
---------------------------------------------------------------------------------
INFO: [Synth 8-223] decloning instance 'one' (counter) to 'two'
INFO: [Synth 8-223] decloning instance 'one' (counter) to 'three'
INFO: [Synth 8-223] decloning instance 'one' (counter) to 'four'
---------------------------------------------------------------------------------
Start RTL Component Statistics 
---------------------------------------------------------------------------------
Detailed RTL Component Info : 
+---Adders : 
	   2 Input    4 Bit       Adders := 1     
	   2 Input    2 Bit       Adders := 1     
+---Registers : 
	                4 Bit    Registers := 1     
	                2 Bit    Registers := 1     
	                1 Bit    Registers := 1     
+---Muxes : 
	   2 Input    4 Bit        Muxes := 1     
	   4 Input    4 Bit        Muxes := 1     
	   5 Input    4 Bit        Muxes := 1     
	   2 Input    1 Bit        Muxes := 1     
---------------------------------------------------------------------------------
Finished RTL Component Statistics 
---------------------------------------------------------------------------------
---------------------------------------------------------------------------------
Start Part Resource Summary
---------------------------------------------------------------------------------
Part Resources:
DSPs: 66 (col length:40)
BRAMs: 100 (col length: RAMB18 40 RAMB36 20)
---------------------------------------------------------------------------------
Finished Part Resource Summary
---------------------------------------------------------------------------------
---------------------------------------------------------------------------------
Start Cross Boundary and Area Optimization
---------------------------------------------------------------------------------
WARNING: [Synth 8-7080] Parallel synthesis criteria is not met
WARNING: [Synth 8-7129] Port seg_cat[7] in module wrapper is either unconnected or has no load
WARNING: [Synth 8-7129] Port seg_cat[6] in module wrapper is either unconnected or has no load
WARNING: [Synth 8-7129] Port seg_cat[5] in module wrapper is either unconnected or has no load
WARNING: [Synth 8-7129] Port seg_cat[4] in module wrapper is either unconnected or has no load
WARNING: [Synth 8-7129] Port seg_cat[3] in module wrapper is either unconnected or has no load
WARNING: [Synth 8-7129] Port seg_cat[2] in module wrapper is either unconnected or has no load
WARNING: [Synth 8-7129] Port seg_cat[1] in module wrapper is either unconnected or has no load
WARNING: [Synth 8-7129] Port seg_cat[0] in module wrapper is either unconnected or has no load
---------------------------------------------------------------------------------
Finished Cross Boundary and Area Optimization : Time (s): cpu = 00:00:17 ; elapsed = 00:00:17 . Memory (MB): peak = 1495.520 ; gain = 662.969
---------------------------------------------------------------------------------
---------------------------------------------------------------------------------
Start Applying XDC Timing Constraints
---------------------------------------------------------------------------------
---------------------------------------------------------------------------------
Finished Applying XDC Timing Constraints : Time (s): cpu = 00:00:22 ; elapsed = 00:00:23 . Memory (MB): peak = 1601.277 ; gain = 768.727
---------------------------------------------------------------------------------
---------------------------------------------------------------------------------
Start Timing Optimization
---------------------------------------------------------------------------------
---------------------------------------------------------------------------------
Finished Timing Optimization : Time (s): cpu = 00:00:22 ; elapsed = 00:00:23 . Memory (MB): peak = 1601.277 ; gain = 768.727
---------------------------------------------------------------------------------
---------------------------------------------------------------------------------
Start Technology Mapping
---------------------------------------------------------------------------------
---------------------------------------------------------------------------------
Finished Technology Mapping : Time (s): cpu = 00:00:22 ; elapsed = 00:00:23 . Memory (MB): peak = 1610.848 ; gain = 778.297
---------------------------------------------------------------------------------
---------------------------------------------------------------------------------
Start IO Insertion
---------------------------------------------------------------------------------
---------------------------------------------------------------------------------
Start Flattening Before IO Insertion
---------------------------------------------------------------------------------
---------------------------------------------------------------------------------
Finished Flattening Before IO Insertion
---------------------------------------------------------------------------------
---------------------------------------------------------------------------------
Start Final Netlist Cleanup
---------------------------------------------------------------------------------
---------------------------------------------------------------------------------
Finished Final Netlist Cleanup
---------------------------------------------------------------------------------
---------------------------------------------------------------------------------
Finished IO Insertion : Time (s): cpu = 00:00:24 ; elapsed = 00:00:26 . Memory (MB): peak = 1827.371 ; gain = 994.820
---------------------------------------------------------------------------------
---------------------------------------------------------------------------------
Start Renaming Generated Instances
---------------------------------------------------------------------------------
---------------------------------------------------------------------------------
Finished Renaming Generated Instances : Time (s): cpu = 00:00:24 ; elapsed = 00:00:26 . Memory (MB): peak = 1827.371 ; gain = 994.820
---------------------------------------------------------------------------------
---------------------------------------------------------------------------------
Start Rebuilding User Hierarchy
---------------------------------------------------------------------------------
---------------------------------------------------------------------------------
Finished Rebuilding User Hierarchy : Time (s): cpu = 00:00:24 ; elapsed = 00:00:26 . Memory (MB): peak = 1827.371 ; gain = 994.820
---------------------------------------------------------------------------------
---------------------------------------------------------------------------------
Start Renaming Generated Ports
---------------------------------------------------------------------------------
---------------------------------------------------------------------------------
Finished Renaming Generated Ports : Time (s): cpu = 00:00:24 ; elapsed = 00:00:26 . Memory (MB): peak = 1827.371 ; gain = 994.820
---------------------------------------------------------------------------------
---------------------------------------------------------------------------------
Start Handling Custom Attributes
---------------------------------------------------------------------------------
---------------------------------------------------------------------------------
Finished Handling Custom Attributes : Time (s): cpu = 00:00:24 ; elapsed = 00:00:26 . Memory (MB): peak = 1827.371 ; gain = 994.820
---------------------------------------------------------------------------------
---------------------------------------------------------------------------------
Start Renaming Generated Nets
---------------------------------------------------------------------------------
---------------------------------------------------------------------------------
Finished Renaming Generated Nets : Time (s): cpu = 00:00:24 ; elapsed = 00:00:26 . Memory (MB): peak = 1827.371 ; gain = 994.820
---------------------------------------------------------------------------------
---------------------------------------------------------------------------------
Start Writing Synthesis Report
---------------------------------------------------------------------------------

Report BlackBoxes: 
+-+--------------+----------+
| |BlackBox name |Instances |
+-+--------------+----------+
+-+--------------+----------+

Report Cell Usage: 
+------+------+------+
|      |Cell  |Count |
+------+------+------+
|1     |BUFG  |     1|
|2     |LUT1  |     1|
|3     |LUT2  |     5|
|4     |FDRE  |     2|
|5     |IBUF  |     1|
|6     |OBUF  |     4|
|7     |OBUFT |     8|
+------+------+------+
---------------------------------------------------------------------------------
Finished Writing Synthesis Report : Time (s): cpu = 00:00:24 ; elapsed = 00:00:26 . Memory (MB): peak = 1827.371 ; gain = 994.820
---------------------------------------------------------------------------------
Synthesis finished with 0 errors, 0 critical warnings and 9 warnings.
Synthesis Optimization Runtime : Time (s): cpu = 00:00:15 ; elapsed = 00:00:24 . Memory (MB): peak = 1827.371 ; gain = 906.070
Synthesis Optimization Complete : Time (s): cpu = 00:00:25 ; elapsed = 00:00:26 . Memory (MB): peak = 1827.371 ; gain = 994.820
INFO: [Project 1-571] Translating synthesized netlist
Netlist sorting complete. Time (s): cpu = 00:00:00 ; elapsed = 00:00:00.001 . Memory (MB): peak = 1827.371 ; gain = 0.000
INFO: [Project 1-570] Preparing netlist for logic optimization
INFO: [Opt 31-138] Pushed 0 inverter(s) to 0 load pin(s).
Netlist sorting complete. Time (s): cpu = 00:00:00 ; elapsed = 00:00:00 . Memory (MB): peak = 1827.371 ; gain = 0.000
INFO: [Project 1-111] Unisim Transformation Summary:
No Unisim elements were transformed.

Synth Design complete | Checksum: 70525fc
INFO: [Common 17-83] Releasing license: Synthesis
38 Infos, 71 Warnings, 31 Critical Warnings and 0 Errors encountered.
synth_design completed successfully
synth_design: Time (s): cpu = 00:00:28 ; elapsed = 00:00:32 . Memory (MB): peak = 1827.371 ; gain = 1203.738
INFO: [runtcl-6] Synthesis results are not added to the cache due to CRITICAL_WARNING
Write ShapeDB Complete: Time (s): cpu = 00:00:00 ; elapsed = 00:00:00.001 . Memory (MB): peak = 1827.371 ; gain = 0.000
INFO: [Common 17-1381] The checkpoint 'C:/Users/Kobe/Desktop/EE214_Projects/Project 8/KobeBui_EE214_Project8_part5v2/KobeBui_EE214_Project8_part5v2.runs/synth_1/wrapper.dcp' has been generated.
INFO: [Vivado 12-24828] Executing command : report_utilization -file wrapper_utilization_synth.rpt -pb wrapper_utilization_synth.pb
INFO: [Common 17-206] Exiting Vivado at Thu Mar 27 06:56:55 2025...
