
*** Running vivado
    with args -log oilCoolant.vds -m64 -product Vivado -mode batch -messageDb vivado.pb -notrace -source oilCoolant.tcl



****** Vivado v2024.2 (64-bit)
  **** SW Build 5239630 on Fri Nov 08 22:35:27 MST 2024
  **** IP Build 5239520 on Sun Nov 10 16:12:51 MST 2024
  **** SharedData Build 5239561 on Fri Nov 08 14:39:27 MST 2024
  **** Start of session at: Tue Jan 28 08:36:03 2025
    ** Copyright 1986-2022 Xilinx, Inc. All Rights Reserved.
    ** Copyright 2022-2024 Advanced Micro Devices, Inc. All Rights Reserved.

source oilCoolant.tcl -notrace
create_project: Time (s): cpu = 00:00:09 ; elapsed = 00:00:21 . Memory (MB): peak = 619.676 ; gain = 192.195
Command: read_checkpoint -auto_incremental -incremental {C:/Users/Kobe/Desktop/EE214_Projects/Project 2/KobeBui_EE214_Project2_OilCoolant/KobeBui_EE214_Project2_OilCoolant.srcs/utils_1/imports/synth_1/oilCoolant.dcp}
INFO: [Vivado 12-5825] Read reference checkpoint from C:/Users/Kobe/Desktop/EE214_Projects/Project 2/KobeBui_EE214_Project2_OilCoolant/KobeBui_EE214_Project2_OilCoolant.srcs/utils_1/imports/synth_1/oilCoolant.dcp for incremental synthesis
INFO: [Vivado 12-7989] Please ensure there are no constraint changes
Command: synth_design -top oilCoolant -part xc7z007sclg400-1
Starting synth_design
Attempting to get a license for feature 'Synthesis' and/or device 'xc7z007s'
INFO: [Common 17-349] Got license for feature 'Synthesis' and/or device 'xc7z007s'
INFO: [Device 21-403] Loading part xc7z007sclg400-1
INFO: [Designutils 20-5440] No compile time benefit to using incremental synthesis; A full resynthesis will be run
INFO: [Designutils 20-4379] Flow is switching to default flow due to incremental criteria not met. If you would like to alter this behaviour and have the flow terminate instead, please set the following parameter config_implementation {autoIncr.Synth.RejectBehavior Terminate}
INFO: [Synth 8-7079] Multithreading enabled for synth_design using a maximum of 2 processes.
INFO: [Synth 8-7078] Launching helper process for spawning children vivado processes
INFO: [Synth 8-7075] Helper process launched with PID 23628
---------------------------------------------------------------------------------
Starting RTL Elaboration : Time (s): cpu = 00:00:06 ; elapsed = 00:00:16 . Memory (MB): peak = 1300.918 ; gain = 469.449
---------------------------------------------------------------------------------
INFO: [Synth 8-6157] synthesizing module 'oilCoolant' [C:/Users/Kobe/Desktop/EE214_Projects/Project 2/KobeBui_EE214_Project2_OilCoolant/KobeBui_EE214_Project2_OilCoolant.srcs/sources_1/new/oilCoolant.v:23]
INFO: [Synth 8-6155] done synthesizing module 'oilCoolant' (0#1) [C:/Users/Kobe/Desktop/EE214_Projects/Project 2/KobeBui_EE214_Project2_OilCoolant/KobeBui_EE214_Project2_OilCoolant.srcs/sources_1/new/oilCoolant.v:23]
WARNING: [Synth 8-7129] Port RGB_led_A[2] in module oilCoolant is either unconnected or has no load
WARNING: [Synth 8-7129] Port RGB_led_B[1] in module oilCoolant is either unconnected or has no load
WARNING: [Synth 8-7129] Port RGB_led_B[2] in module oilCoolant is either unconnected or has no load
---------------------------------------------------------------------------------
Finished RTL Elaboration : Time (s): cpu = 00:00:08 ; elapsed = 00:00:21 . Memory (MB): peak = 1405.133 ; gain = 573.664
---------------------------------------------------------------------------------
---------------------------------------------------------------------------------
Start Handling Custom Attributes
---------------------------------------------------------------------------------
---------------------------------------------------------------------------------
Finished Handling Custom Attributes : Time (s): cpu = 00:00:08 ; elapsed = 00:00:21 . Memory (MB): peak = 1405.133 ; gain = 573.664
---------------------------------------------------------------------------------
---------------------------------------------------------------------------------
Finished RTL Optimization Phase 1 : Time (s): cpu = 00:00:08 ; elapsed = 00:00:21 . Memory (MB): peak = 1405.133 ; gain = 573.664
---------------------------------------------------------------------------------
Netlist sorting complete. Time (s): cpu = 00:00:00 ; elapsed = 00:00:00.001 . Memory (MB): peak = 1405.133 ; gain = 0.000
INFO: [Project 1-570] Preparing netlist for logic optimization

Processing XDC Constraints
Initializing timing engine
Parsing XDC File [C:/Users/Kobe/Desktop/EE214_Projects/blackboard_revD.xdc]
WARNING: [Vivado 12-584] No ports matched 'clk'. [C:/Users/Kobe/Desktop/EE214_Projects/blackboard_revD.xdc:4]
CRITICAL WARNING: [Common 17-55] 'set_property' expects at least one object. [C:/Users/Kobe/Desktop/EE214_Projects/blackboard_revD.xdc:4]
Resolution: If [get_<value>] was used to populate the object, check to make sure this command returns at least one valid object.
WARNING: [Vivado 12-584] No ports matched 'led[0]'. [C:/Users/Kobe/Desktop/EE214_Projects/blackboard_revD.xdc:7]
CRITICAL WARNING: [Common 17-55] 'set_property' expects at least one object. [C:/Users/Kobe/Desktop/EE214_Projects/blackboard_revD.xdc:7]
Resolution: If [get_<value>] was used to populate the object, check to make sure this command returns at least one valid object.
WARNING: [Vivado 12-584] No ports matched 'led[1]'. [C:/Users/Kobe/Desktop/EE214_Projects/blackboard_revD.xdc:8]
CRITICAL WARNING: [Common 17-55] 'set_property' expects at least one object. [C:/Users/Kobe/Desktop/EE214_Projects/blackboard_revD.xdc:8]
Resolution: If [get_<value>] was used to populate the object, check to make sure this command returns at least one valid object.
WARNING: [Vivado 12-584] No ports matched 'led[2]'. [C:/Users/Kobe/Desktop/EE214_Projects/blackboard_revD.xdc:9]
CRITICAL WARNING: [Common 17-55] 'set_property' expects at least one object. [C:/Users/Kobe/Desktop/EE214_Projects/blackboard_revD.xdc:9]
Resolution: If [get_<value>] was used to populate the object, check to make sure this command returns at least one valid object.
WARNING: [Vivado 12-584] No ports matched 'led[3]'. [C:/Users/Kobe/Desktop/EE214_Projects/blackboard_revD.xdc:10]
CRITICAL WARNING: [Common 17-55] 'set_property' expects at least one object. [C:/Users/Kobe/Desktop/EE214_Projects/blackboard_revD.xdc:10]
Resolution: If [get_<value>] was used to populate the object, check to make sure this command returns at least one valid object.
WARNING: [Vivado 12-584] No ports matched 'led[4]'. [C:/Users/Kobe/Desktop/EE214_Projects/blackboard_revD.xdc:11]
CRITICAL WARNING: [Common 17-55] 'set_property' expects at least one object. [C:/Users/Kobe/Desktop/EE214_Projects/blackboard_revD.xdc:11]
Resolution: If [get_<value>] was used to populate the object, check to make sure this command returns at least one valid object.
WARNING: [Vivado 12-584] No ports matched 'led[5]'. [C:/Users/Kobe/Desktop/EE214_Projects/blackboard_revD.xdc:12]
CRITICAL WARNING: [Common 17-55] 'set_property' expects at least one object. [C:/Users/Kobe/Desktop/EE214_Projects/blackboard_revD.xdc:12]
Resolution: If [get_<value>] was used to populate the object, check to make sure this command returns at least one valid object.
WARNING: [Vivado 12-584] No ports matched 'led[6]'. [C:/Users/Kobe/Desktop/EE214_Projects/blackboard_revD.xdc:13]
CRITICAL WARNING: [Common 17-55] 'set_property' expects at least one object. [C:/Users/Kobe/Desktop/EE214_Projects/blackboard_revD.xdc:13]
Resolution: If [get_<value>] was used to populate the object, check to make sure this command returns at least one valid object.
WARNING: [Vivado 12-584] No ports matched 'led[7]'. [C:/Users/Kobe/Desktop/EE214_Projects/blackboard_revD.xdc:14]
CRITICAL WARNING: [Common 17-55] 'set_property' expects at least one object. [C:/Users/Kobe/Desktop/EE214_Projects/blackboard_revD.xdc:14]
Resolution: If [get_<value>] was used to populate the object, check to make sure this command returns at least one valid object.
WARNING: [Vivado 12-584] No ports matched 'led[8]'. [C:/Users/Kobe/Desktop/EE214_Projects/blackboard_revD.xdc:15]
CRITICAL WARNING: [Common 17-55] 'set_property' expects at least one object. [C:/Users/Kobe/Desktop/EE214_Projects/blackboard_revD.xdc:15]
Resolution: If [get_<value>] was used to populate the object, check to make sure this command returns at least one valid object.
WARNING: [Vivado 12-584] No ports matched 'led[9]'. [C:/Users/Kobe/Desktop/EE214_Projects/blackboard_revD.xdc:16]
CRITICAL WARNING: [Common 17-55] 'set_property' expects at least one object. [C:/Users/Kobe/Desktop/EE214_Projects/blackboard_revD.xdc:16]
Resolution: If [get_<value>] was used to populate the object, check to make sure this command returns at least one valid object.
WARNING: [Vivado 12-584] No ports matched 'sw[4]'. [C:/Users/Kobe/Desktop/EE214_Projects/blackboard_revD.xdc:32]
CRITICAL WARNING: [Common 17-55] 'set_property' expects at least one object. [C:/Users/Kobe/Desktop/EE214_Projects/blackboard_revD.xdc:32]
Resolution: If [get_<value>] was used to populate the object, check to make sure this command returns at least one valid object.
WARNING: [Vivado 12-584] No ports matched 'sw[5]'. [C:/Users/Kobe/Desktop/EE214_Projects/blackboard_revD.xdc:33]
CRITICAL WARNING: [Common 17-55] 'set_property' expects at least one object. [C:/Users/Kobe/Desktop/EE214_Projects/blackboard_revD.xdc:33]
Resolution: If [get_<value>] was used to populate the object, check to make sure this command returns at least one valid object.
WARNING: [Vivado 12-584] No ports matched 'sw[6]'. [C:/Users/Kobe/Desktop/EE214_Projects/blackboard_revD.xdc:34]
CRITICAL WARNING: [Common 17-55] 'set_property' expects at least one object. [C:/Users/Kobe/Desktop/EE214_Projects/blackboard_revD.xdc:34]
Resolution: If [get_<value>] was used to populate the object, check to make sure this command returns at least one valid object.
WARNING: [Vivado 12-584] No ports matched 'sw[7]'. [C:/Users/Kobe/Desktop/EE214_Projects/blackboard_revD.xdc:35]
CRITICAL WARNING: [Common 17-55] 'set_property' expects at least one object. [C:/Users/Kobe/Desktop/EE214_Projects/blackboard_revD.xdc:35]
Resolution: If [get_<value>] was used to populate the object, check to make sure this command returns at least one valid object.
WARNING: [Vivado 12-584] No ports matched 'sw[8]'. [C:/Users/Kobe/Desktop/EE214_Projects/blackboard_revD.xdc:36]
CRITICAL WARNING: [Common 17-55] 'set_property' expects at least one object. [C:/Users/Kobe/Desktop/EE214_Projects/blackboard_revD.xdc:36]
Resolution: If [get_<value>] was used to populate the object, check to make sure this command returns at least one valid object.
WARNING: [Vivado 12-584] No ports matched 'sw[9]'. [C:/Users/Kobe/Desktop/EE214_Projects/blackboard_revD.xdc:37]
CRITICAL WARNING: [Common 17-55] 'set_property' expects at least one object. [C:/Users/Kobe/Desktop/EE214_Projects/blackboard_revD.xdc:37]
Resolution: If [get_<value>] was used to populate the object, check to make sure this command returns at least one valid object.
WARNING: [Vivado 12-584] No ports matched 'sw[10]'. [C:/Users/Kobe/Desktop/EE214_Projects/blackboard_revD.xdc:38]
CRITICAL WARNING: [Common 17-55] 'set_property' expects at least one object. [C:/Users/Kobe/Desktop/EE214_Projects/blackboard_revD.xdc:38]
Resolution: If [get_<value>] was used to populate the object, check to make sure this command returns at least one valid object.
WARNING: [Vivado 12-584] No ports matched 'sw[11]'. [C:/Users/Kobe/Desktop/EE214_Projects/blackboard_revD.xdc:39]
CRITICAL WARNING: [Common 17-55] 'set_property' expects at least one object. [C:/Users/Kobe/Desktop/EE214_Projects/blackboard_revD.xdc:39]
Resolution: If [get_<value>] was used to populate the object, check to make sure this command returns at least one valid object.
WARNING: [Vivado 12-584] No ports matched 'btn[0]'. [C:/Users/Kobe/Desktop/EE214_Projects/blackboard_revD.xdc:42]
CRITICAL WARNING: [Common 17-55] 'set_property' expects at least one object. [C:/Users/Kobe/Desktop/EE214_Projects/blackboard_revD.xdc:42]
Resolution: If [get_<value>] was used to populate the object, check to make sure this command returns at least one valid object.
WARNING: [Vivado 12-584] No ports matched 'btn[1]'. [C:/Users/Kobe/Desktop/EE214_Projects/blackboard_revD.xdc:43]
CRITICAL WARNING: [Common 17-55] 'set_property' expects at least one object. [C:/Users/Kobe/Desktop/EE214_Projects/blackboard_revD.xdc:43]
Resolution: If [get_<value>] was used to populate the object, check to make sure this command returns at least one valid object.
WARNING: [Vivado 12-584] No ports matched 'btn[2]'. [C:/Users/Kobe/Desktop/EE214_Projects/blackboard_revD.xdc:44]
CRITICAL WARNING: [Common 17-55] 'set_property' expects at least one object. [C:/Users/Kobe/Desktop/EE214_Projects/blackboard_revD.xdc:44]
Resolution: If [get_<value>] was used to populate the object, check to make sure this command returns at least one valid object.
WARNING: [Vivado 12-584] No ports matched 'btn[3]'. [C:/Users/Kobe/Desktop/EE214_Projects/blackboard_revD.xdc:45]
CRITICAL WARNING: [Common 17-55] 'set_property' expects at least one object. [C:/Users/Kobe/Desktop/EE214_Projects/blackboard_revD.xdc:45]
Resolution: If [get_<value>] was used to populate the object, check to make sure this command returns at least one valid object.
WARNING: [Vivado 12-584] No ports matched 'seg_an[0]'. [C:/Users/Kobe/Desktop/EE214_Projects/blackboard_revD.xdc:48]
CRITICAL WARNING: [Common 17-55] 'set_property' expects at least one object. [C:/Users/Kobe/Desktop/EE214_Projects/blackboard_revD.xdc:48]
Resolution: If [get_<value>] was used to populate the object, check to make sure this command returns at least one valid object.
WARNING: [Vivado 12-584] No ports matched 'seg_an[1]'. [C:/Users/Kobe/Desktop/EE214_Projects/blackboard_revD.xdc:49]
CRITICAL WARNING: [Common 17-55] 'set_property' expects at least one object. [C:/Users/Kobe/Desktop/EE214_Projects/blackboard_revD.xdc:49]
Resolution: If [get_<value>] was used to populate the object, check to make sure this command returns at least one valid object.
WARNING: [Vivado 12-584] No ports matched 'seg_an[2]'. [C:/Users/Kobe/Desktop/EE214_Projects/blackboard_revD.xdc:50]
CRITICAL WARNING: [Common 17-55] 'set_property' expects at least one object. [C:/Users/Kobe/Desktop/EE214_Projects/blackboard_revD.xdc:50]
Resolution: If [get_<value>] was used to populate the object, check to make sure this command returns at least one valid object.
WARNING: [Vivado 12-584] No ports matched 'seg_an[3]'. [C:/Users/Kobe/Desktop/EE214_Projects/blackboard_revD.xdc:51]
CRITICAL WARNING: [Common 17-55] 'set_property' expects at least one object. [C:/Users/Kobe/Desktop/EE214_Projects/blackboard_revD.xdc:51]
Resolution: If [get_<value>] was used to populate the object, check to make sure this command returns at least one valid object.
WARNING: [Vivado 12-584] No ports matched 'seg_cat[0]'. [C:/Users/Kobe/Desktop/EE214_Projects/blackboard_revD.xdc:54]
CRITICAL WARNING: [Common 17-55] 'set_property' expects at least one object. [C:/Users/Kobe/Desktop/EE214_Projects/blackboard_revD.xdc:54]
Resolution: If [get_<value>] was used to populate the object, check to make sure this command returns at least one valid object.
WARNING: [Vivado 12-584] No ports matched 'seg_cat[1]'. [C:/Users/Kobe/Desktop/EE214_Projects/blackboard_revD.xdc:55]
CRITICAL WARNING: [Common 17-55] 'set_property' expects at least one object. [C:/Users/Kobe/Desktop/EE214_Projects/blackboard_revD.xdc:55]
Resolution: If [get_<value>] was used to populate the object, check to make sure this command returns at least one valid object.
WARNING: [Vivado 12-584] No ports matched 'seg_cat[2]'. [C:/Users/Kobe/Desktop/EE214_Projects/blackboard_revD.xdc:56]
CRITICAL WARNING: [Common 17-55] 'set_property' expects at least one object. [C:/Users/Kobe/Desktop/EE214_Projects/blackboard_revD.xdc:56]
Resolution: If [get_<value>] was used to populate the object, check to make sure this command returns at least one valid object.
WARNING: [Vivado 12-584] No ports matched 'seg_cat[3]'. [C:/Users/Kobe/Desktop/EE214_Projects/blackboard_revD.xdc:57]
CRITICAL WARNING: [Common 17-55] 'set_property' expects at least one object. [C:/Users/Kobe/Desktop/EE214_Projects/blackboard_revD.xdc:57]
Resolution: If [get_<value>] was used to populate the object, check to make sure this command returns at least one valid object.
WARNING: [Vivado 12-584] No ports matched 'seg_cat[4]'. [C:/Users/Kobe/Desktop/EE214_Projects/blackboard_revD.xdc:58]
CRITICAL WARNING: [Common 17-55] 'set_property' expects at least one object. [C:/Users/Kobe/Desktop/EE214_Projects/blackboard_revD.xdc:58]
Resolution: If [get_<value>] was used to populate the object, check to make sure this command returns at least one valid object.
WARNING: [Vivado 12-584] No ports matched 'seg_cat[5]'. [C:/Users/Kobe/Desktop/EE214_Projects/blackboard_revD.xdc:59]
CRITICAL WARNING: [Common 17-55] 'set_property' expects at least one object. [C:/Users/Kobe/Desktop/EE214_Projects/blackboard_revD.xdc:59]
Resolution: If [get_<value>] was used to populate the object, check to make sure this command returns at least one valid object.
WARNING: [Vivado 12-584] No ports matched 'seg_cat[6]'. [C:/Users/Kobe/Desktop/EE214_Projects/blackboard_revD.xdc:60]
CRITICAL WARNING: [Common 17-55] 'set_property' expects at least one object. [C:/Users/Kobe/Desktop/EE214_Projects/blackboard_revD.xdc:60]
Resolution: If [get_<value>] was used to populate the object, check to make sure this command returns at least one valid object.
WARNING: [Vivado 12-584] No ports matched 'seg_cat[7]'. [C:/Users/Kobe/Desktop/EE214_Projects/blackboard_revD.xdc:61]
CRITICAL WARNING: [Common 17-55] 'set_property' expects at least one object. [C:/Users/Kobe/Desktop/EE214_Projects/blackboard_revD.xdc:61]
Resolution: If [get_<value>] was used to populate the object, check to make sure this command returns at least one valid object.
Finished Parsing XDC File [C:/Users/Kobe/Desktop/EE214_Projects/blackboard_revD.xdc]
INFO: [Project 1-236] Implementation specific constraints were found while reading constraint file [C:/Users/Kobe/Desktop/EE214_Projects/blackboard_revD.xdc]. These constraints will be ignored for synthesis but will be used in implementation. Impacted constraints are listed in the file [.Xil/oilCoolant_propImpl.xdc].
Resolution: To avoid this warning, move constraints listed in [.Xil/oilCoolant_propImpl.xdc] to another XDC file and exclude this new file from synthesis with the used_in_synthesis property (File Properties dialog in GUI) and re-run elaboration/synthesis.
Completed Processing XDC Constraints

Netlist sorting complete. Time (s): cpu = 00:00:00 ; elapsed = 00:00:00 . Memory (MB): peak = 1473.926 ; gain = 0.000
INFO: [Project 1-111] Unisim Transformation Summary:
No Unisim elements were transformed.

Constraint Validation Runtime : Time (s): cpu = 00:00:00 ; elapsed = 00:00:00.005 . Memory (MB): peak = 1473.926 ; gain = 0.000
INFO: [Designutils 20-5440] No compile time benefit to using incremental synthesis; A full resynthesis will be run
INFO: [Designutils 20-4379] Flow is switching to default flow due to incremental criteria not met. If you would like to alter this behaviour and have the flow terminate instead, please set the following parameter config_implementation {autoIncr.Synth.RejectBehavior Terminate}
---------------------------------------------------------------------------------
Finished Constraint Validation : Time (s): cpu = 00:00:15 ; elapsed = 00:00:40 . Memory (MB): peak = 1473.926 ; gain = 642.457
---------------------------------------------------------------------------------
---------------------------------------------------------------------------------
Start Loading Part and Timing Information
---------------------------------------------------------------------------------
Loading part: xc7z007sclg400-1
---------------------------------------------------------------------------------
Finished Loading Part and Timing Information : Time (s): cpu = 00:00:15 ; elapsed = 00:00:40 . Memory (MB): peak = 1473.926 ; gain = 642.457
---------------------------------------------------------------------------------
---------------------------------------------------------------------------------
Start Applying 'set_property' XDC Constraints
---------------------------------------------------------------------------------
---------------------------------------------------------------------------------
Finished applying 'set_property' XDC Constraints : Time (s): cpu = 00:00:15 ; elapsed = 00:00:40 . Memory (MB): peak = 1473.926 ; gain = 642.457
---------------------------------------------------------------------------------
---------------------------------------------------------------------------------
Finished RTL Optimization Phase 2 : Time (s): cpu = 00:00:15 ; elapsed = 00:00:41 . Memory (MB): peak = 1473.926 ; gain = 642.457
---------------------------------------------------------------------------------
---------------------------------------------------------------------------------
Start RTL Component Statistics 
---------------------------------------------------------------------------------
Detailed RTL Component Info : 
---------------------------------------------------------------------------------
Finished RTL Component Statistics 
---------------------------------------------------------------------------------
---------------------------------------------------------------------------------
Start Part Resource Summary
---------------------------------------------------------------------------------
Part Resources:
DSPs: 66 (col length:40)
BRAMs: 100 (col length: RAMB18 40 RAMB36 20)
---------------------------------------------------------------------------------
Finished Part Resource Summary
---------------------------------------------------------------------------------
---------------------------------------------------------------------------------
Start Cross Boundary and Area Optimization
---------------------------------------------------------------------------------
WARNING: [Synth 8-7080] Parallel synthesis criteria is not met
WARNING: [Synth 8-7129] Port RGB_led_A[2] in module oilCoolant is either unconnected or has no load
WARNING: [Synth 8-7129] Port RGB_led_B[1] in module oilCoolant is either unconnected or has no load
WARNING: [Synth 8-7129] Port RGB_led_B[2] in module oilCoolant is either unconnected or has no load
---------------------------------------------------------------------------------
Finished Cross Boundary and Area Optimization : Time (s): cpu = 00:00:17 ; elapsed = 00:00:46 . Memory (MB): peak = 1473.926 ; gain = 642.457
---------------------------------------------------------------------------------
---------------------------------------------------------------------------------
Start Applying XDC Timing Constraints
---------------------------------------------------------------------------------
---------------------------------------------------------------------------------
Finished Applying XDC Timing Constraints : Time (s): cpu = 00:00:22 ; elapsed = 00:01:00 . Memory (MB): peak = 1593.672 ; gain = 762.203
---------------------------------------------------------------------------------
---------------------------------------------------------------------------------
Start Timing Optimization
---------------------------------------------------------------------------------
---------------------------------------------------------------------------------
Finished Timing Optimization : Time (s): cpu = 00:00:22 ; elapsed = 00:01:00 . Memory (MB): peak = 1593.672 ; gain = 762.203
---------------------------------------------------------------------------------
---------------------------------------------------------------------------------
Start Technology Mapping
---------------------------------------------------------------------------------
---------------------------------------------------------------------------------
Finished Technology Mapping : Time (s): cpu = 00:00:22 ; elapsed = 00:01:00 . Memory (MB): peak = 1603.250 ; gain = 771.781
---------------------------------------------------------------------------------
---------------------------------------------------------------------------------
Start IO Insertion
---------------------------------------------------------------------------------
---------------------------------------------------------------------------------
Start Flattening Before IO Insertion
---------------------------------------------------------------------------------
---------------------------------------------------------------------------------
Finished Flattening Before IO Insertion
---------------------------------------------------------------------------------
---------------------------------------------------------------------------------
Start Final Netlist Cleanup
---------------------------------------------------------------------------------
---------------------------------------------------------------------------------
Finished Final Netlist Cleanup
---------------------------------------------------------------------------------
---------------------------------------------------------------------------------
Finished IO Insertion : Time (s): cpu = 00:00:25 ; elapsed = 00:01:10 . Memory (MB): peak = 1820.266 ; gain = 988.797
---------------------------------------------------------------------------------
---------------------------------------------------------------------------------
Start Renaming Generated Instances
---------------------------------------------------------------------------------
---------------------------------------------------------------------------------
Finished Renaming Generated Instances : Time (s): cpu = 00:00:25 ; elapsed = 00:01:10 . Memory (MB): peak = 1820.266 ; gain = 988.797
---------------------------------------------------------------------------------
---------------------------------------------------------------------------------
Start Rebuilding User Hierarchy
---------------------------------------------------------------------------------
---------------------------------------------------------------------------------
Finished Rebuilding User Hierarchy : Time (s): cpu = 00:00:25 ; elapsed = 00:01:10 . Memory (MB): peak = 1820.266 ; gain = 988.797
---------------------------------------------------------------------------------
---------------------------------------------------------------------------------
Start Renaming Generated Ports
---------------------------------------------------------------------------------
---------------------------------------------------------------------------------
Finished Renaming Generated Ports : Time (s): cpu = 00:00:25 ; elapsed = 00:01:10 . Memory (MB): peak = 1820.266 ; gain = 988.797
---------------------------------------------------------------------------------
---------------------------------------------------------------------------------
Start Handling Custom Attributes
---------------------------------------------------------------------------------
---------------------------------------------------------------------------------
Finished Handling Custom Attributes : Time (s): cpu = 00:00:25 ; elapsed = 00:01:10 . Memory (MB): peak = 1820.266 ; gain = 988.797
---------------------------------------------------------------------------------
---------------------------------------------------------------------------------
Start Renaming Generated Nets
---------------------------------------------------------------------------------
---------------------------------------------------------------------------------
Finished Renaming Generated Nets : Time (s): cpu = 00:00:25 ; elapsed = 00:01:10 . Memory (MB): peak = 1820.266 ; gain = 988.797
---------------------------------------------------------------------------------
---------------------------------------------------------------------------------
Start Writing Synthesis Report
---------------------------------------------------------------------------------

Report BlackBoxes: 
+-+--------------+----------+
| |BlackBox name |Instances |
+-+--------------+----------+
+-+--------------+----------+

Report Cell Usage: 
+------+------+------+
|      |Cell  |Count |
+------+------+------+
|1     |LUT4  |     2|
|2     |IBUF  |     4|
|3     |OBUF  |     3|
|4     |OBUFT |     3|
+------+------+------+
---------------------------------------------------------------------------------
Finished Writing Synthesis Report : Time (s): cpu = 00:00:25 ; elapsed = 00:01:10 . Memory (MB): peak = 1820.266 ; gain = 988.797
---------------------------------------------------------------------------------
Synthesis finished with 0 errors, 0 critical warnings and 4 warnings.
Synthesis Optimization Runtime : Time (s): cpu = 00:00:16 ; elapsed = 00:01:06 . Memory (MB): peak = 1820.266 ; gain = 920.004
Synthesis Optimization Complete : Time (s): cpu = 00:00:25 ; elapsed = 00:01:10 . Memory (MB): peak = 1820.266 ; gain = 988.797
INFO: [Project 1-571] Translating synthesized netlist
Netlist sorting complete. Time (s): cpu = 00:00:00 ; elapsed = 00:00:00 . Memory (MB): peak = 1820.266 ; gain = 0.000
INFO: [Project 1-570] Preparing netlist for logic optimization
INFO: [Opt 31-138] Pushed 0 inverter(s) to 0 load pin(s).
Netlist sorting complete. Time (s): cpu = 00:00:00 ; elapsed = 00:00:00 . Memory (MB): peak = 1820.266 ; gain = 0.000
INFO: [Project 1-111] Unisim Transformation Summary:
No Unisim elements were transformed.

Synth Design complete | Checksum: 468d85e6
INFO: [Common 17-83] Releasing license: Synthesis
21 Infos, 42 Warnings, 35 Critical Warnings and 0 Errors encountered.
synth_design completed successfully
synth_design: Time (s): cpu = 00:00:28 ; elapsed = 00:01:22 . Memory (MB): peak = 1820.266 ; gain = 1195.305
INFO: [runtcl-6] Synthesis results are not added to the cache due to CRITICAL_WARNING
Write ShapeDB Complete: Time (s): cpu = 00:00:00 ; elapsed = 00:00:00.001 . Memory (MB): peak = 1820.266 ; gain = 0.000
INFO: [Common 17-1381] The checkpoint 'C:/Users/Kobe/Desktop/EE214_Projects/Project 2/KobeBui_EE214_Project2_OilCoolant/KobeBui_EE214_Project2_OilCoolant.runs/synth_1/oilCoolant.dcp' has been generated.
INFO: [Vivado 12-24828] Executing command : report_utilization -file oilCoolant_utilization_synth.rpt -pb oilCoolant_utilization_synth.pb
INFO: [Common 17-206] Exiting Vivado at Tue Jan 28 08:38:01 2025...
