#-----------------------------------------------------------
# Vivado v2024.2 (64-bit)
# SW Build 5239630 on Fri Nov 08 22:35:27 MST 2024
# IP Build 5239520 on Sun Nov 10 16:12:51 MST 2024
# SharedData Build 5239561 on Fri Nov 08 14:39:27 MST 2024
# Start of session at: Wed Feb 12 22:47:16 2025
# Process ID         : 11332
# Current directory  : C:/Users/Kobe/Desktop/EE214_Projects/Project 4/KobeBui_EE214_Project4_Shifter
# Command line       : vivado.exe -gui_launcher_event rodinguilauncherevent31500 C:\Users\Kobe\Desktop\EE214_Projects\Project 4\KobeBui_EE214_Project4_Shifter\KobeBui_EE214_Project4_Shifter.xpr
# Log file           : C:/Users/Kobe/Desktop/EE214_Projects/Project 4/KobeBui_EE214_Project4_Shifter/vivado.log
# Journal file       : C:/Users/Kobe/Desktop/EE214_Projects/Project 4/KobeBui_EE214_Project4_Shifter\vivado.jou
# Running On         : Kobe_Jr
# Platform           : Windows Server 2016 or Windows 10
# Operating System   : 22631
# Processor Detail   : 12th Gen Intel(R) Core(TM) i7-1260P
# CPU Frequency      : 2496 MHz
# CPU Physical cores : 12
# CPU Logical cores  : 16
# Host memory        : 16908 MB
# Swap memory        : 17179 MB
# Total Virtual      : 34088 MB
# Available Virtual  : 16539 MB
#-----------------------------------------------------------
start_gui
open_project {C:/Users/Kobe/Desktop/EE214_Projects/Project 4/KobeBui_EE214_Project4_Shifter/KobeBui_EE214_Project4_Shifter.xpr}
WARNING: [Board 49-26] cannot add Board Part xilinx.com:zcu208ld:part0:2.0 available at C:/Xilinx/Vivado/2024.2/data/xhub/boards/XilinxBoardStore/boards/Xilinx/zcu208ld/production/2.0/board.xml as part xczu58dr-fsvg1517-2-i specified in board_part file is either invalid or not available
WARNING: [Board 49-26] cannot add Board Part xilinx.com:zcu216ld:part0:2.0 available at C:/Xilinx/Vivado/2024.2/data/xhub/boards/XilinxBoardStore/boards/Xilinx/zcu216ld/production/2.0/board.xml as part xczu59dr-ffvf1760-2-i specified in board_part file is either invalid or not available
WARNING: [Board 49-26] cannot add Board Part xilinx.com:zcu670ld:part0:1.0 available at C:/Xilinx/Vivado/2024.2/data/xhub/boards/XilinxBoardStore/boards/Xilinx/zcu670ld/1.0/board.xml as part xczu57dr-fsve1156-2-i specified in board_part file is either invalid or not available
INFO: [filemgmt 56-3] Default IP Output Path : Could not find the directory 'C:/Users/Kobe/Desktop/EE214_Projects/Project 4/KobeBui_EE214_Project4_Shifter/KobeBui_EE214_Project4_Shifter.gen/sources_1'.
Scanning sources...
Finished scanning sources
INFO: [IP_Flow 19-234] Refreshing IP repositories
INFO: [IP_Flow 19-1704] No user IP repositories specified
INFO: [IP_Flow 19-2313] Loaded Vivado IP repository 'C:/Xilinx/Vivado/2024.2/data/ip'.
open_project: Time (s): cpu = 00:00:11 ; elapsed = 00:00:12 . Memory (MB): peak = 1627.629 ; gain = 368.512
update_compile_order -fileset sources_1
reset_run synth_1
INFO: [Project 1-1161] Replacing file C:/Users/Kobe/Desktop/EE214_Projects/Project 4/KobeBui_EE214_Project4_Shifter/KobeBui_EE214_Project4_Shifter.srcs/utils_1/imports/synth_1/multiplexor.dcp with file C:/Users/Kobe/Desktop/EE214_Projects/Project 4/KobeBui_EE214_Project4_Shifter/KobeBui_EE214_Project4_Shifter.runs/synth_1/decoder.dcp
launch_runs impl_1 -to_step write_bitstream -jobs 8
[Wed Feb 12 23:08:57 2025] Launched synth_1...
Run output will be captured here: C:/Users/Kobe/Desktop/EE214_Projects/Project 4/KobeBui_EE214_Project4_Shifter/KobeBui_EE214_Project4_Shifter.runs/synth_1/runme.log
[Wed Feb 12 23:08:57 2025] Launched impl_1...
Run output will be captured here: C:/Users/Kobe/Desktop/EE214_Projects/Project 4/KobeBui_EE214_Project4_Shifter/KobeBui_EE214_Project4_Shifter.runs/impl_1/runme.log
open_hw_manager
connect_hw_server -allow_non_jtag
INFO: [Labtools 27-2285] Connecting to hw_server url TCP:localhost:3121
INFO: [Labtools 27-2222] Launching hw_server...
INFO: [Labtools 27-2221] Launch Output:

****** Xilinx hw_server v2024.2
  **** Build date : Oct 29 2024 at 10:25:41
    ** Copyright 1986-2022 Xilinx, Inc. All Rights Reserved.


INFO: [Labtools 27-3415] Connecting to cs_server url TCP:localhost:0
INFO: [Labtools 27-3417] Launching cs_server...
INFO: [Labtools 27-2221] Launch Output:


******** Xilinx cs_server v2024.2.0
  ****** Build date   : Oct 30 2024-11:19:07
    **** Build number : 2024.2.1730312347
      ** Copyright 2017-2022 Xilinx, Inc. All Rights Reserved.
      ** Copyright 2022-2025 Advanced Micro Devices, Inc. All Rights Reserved.



connect_hw_server: Time (s): cpu = 00:00:00 ; elapsed = 00:00:07 . Memory (MB): peak = 1684.941 ; gain = 0.039
open_hw_target
INFO: [Labtoolstcl 44-466] Opening hw_target localhost:3121/xilinx_tcf/Xilinx/8871422300A9A
set_property PROGRAM.FILE {C:/Users/Kobe/Desktop/EE214_Projects/Project 4/KobeBui_EE214_Project4_Shifter/KobeBui_EE214_Project4_Shifter.runs/impl_1/shifter.bit} [get_hw_devices xc7z007s_1]
current_hw_device [get_hw_devices xc7z007s_1]
refresh_hw_device -update_hw_probes false [lindex [get_hw_devices xc7z007s_1] 0]
INFO: [Labtools 27-1435] Device xc7z007s (JTAG device index = 1) is not programmed (DONE status = 0).
set_property PROBES.FILE {} [get_hw_devices xc7z007s_1]
set_property FULL_PROBES.FILE {} [get_hw_devices xc7z007s_1]
set_property PROGRAM.FILE {C:/Users/Kobe/Desktop/EE214_Projects/Project 4/KobeBui_EE214_Project4_Shifter/KobeBui_EE214_Project4_Shifter.runs/impl_1/shifter.bit} [get_hw_devices xc7z007s_1]
program_hw_devices [get_hw_devices xc7z007s_1]
INFO: [Labtools 27-3164] End of startup status: HIGH
refresh_hw_device [lindex [get_hw_devices xc7z007s_1] 0]
INFO: [Labtools 27-1434] Device xc7z007s (JTAG device index = 1) is programmed with a design that has no supported debug core(s) in it.
close_hw_manager
close [ open {C:/Users/Kobe/Desktop/EE214_Projects/Project 4/KobeBui_EE214_Project4_Shifter/KobeBui_EE214_Project4_Shifter.srcs/sources_1/new/shifter_tb.v} w ]
add_files {{C:/Users/Kobe/Desktop/EE214_Projects/Project 4/KobeBui_EE214_Project4_Shifter/KobeBui_EE214_Project4_Shifter.srcs/sources_1/new/shifter_tb.v}}
update_compile_order -fileset sources_1
open_hw_manager
connect_hw_server -allow_non_jtag
INFO: [Labtools 27-2285] Connecting to hw_server url TCP:localhost:3121
INFO: [Labtools 27-2222] Launching hw_server...
INFO: [Labtools 27-2221] Launch Output:

****** Xilinx hw_server v2024.2
  **** Build date : Oct 29 2024 at 10:25:41
    ** Copyright 1986-2022 Xilinx, Inc. All Rights Reserved.


INFO: [Labtools 27-3415] Connecting to cs_server url TCP:localhost:0
INFO: [Labtools 27-3417] Launching cs_server...
INFO: [Labtools 27-2221] Launch Output:


******** Xilinx cs_server v2024.2.0
  ****** Build date   : Oct 30 2024-11:19:07
    **** Build number : 2024.2.1730312347
      ** Copyright 2017-2022 Xilinx, Inc. All Rights Reserved.
      ** Copyright 2022-2025 Advanced Micro Devices, Inc. All Rights Reserved.



connect_hw_server: Time (s): cpu = 00:00:01 ; elapsed = 00:00:06 . Memory (MB): peak = 1760.492 ; gain = 0.000
open_hw_target
INFO: [Labtoolstcl 44-466] Opening hw_target localhost:3121/xilinx_tcf/Xilinx/8871422300A9A
set_property PROGRAM.FILE {C:/Users/Kobe/Desktop/EE214_Projects/Project 4/KobeBui_EE214_Project4_Shifter/KobeBui_EE214_Project4_Shifter.runs/impl_1/shifter.bit} [get_hw_devices xc7z007s_1]
current_hw_device [get_hw_devices xc7z007s_1]
refresh_hw_device -update_hw_probes false [lindex [get_hw_devices xc7z007s_1] 0]
INFO: [Labtools 27-1435] Device xc7z007s (JTAG device index = 1) is not programmed (DONE status = 0).
set_property PROBES.FILE {} [get_hw_devices xc7z007s_1]
set_property FULL_PROBES.FILE {} [get_hw_devices xc7z007s_1]
set_property PROGRAM.FILE {C:/Users/Kobe/Desktop/EE214_Projects/Project 4/KobeBui_EE214_Project4_Shifter/KobeBui_EE214_Project4_Shifter.runs/impl_1/shifter.bit} [get_hw_devices xc7z007s_1]
program_hw_devices [get_hw_devices xc7z007s_1]
INFO: [Labtools 27-3164] End of startup status: HIGH
refresh_hw_device [lindex [get_hw_devices xc7z007s_1] 0]
INFO: [Labtools 27-1434] Device xc7z007s (JTAG device index = 1) is programmed with a design that has no supported debug core(s) in it.
close_hw_manager
WARNING: [filemgmt 56-199] Attempt to get parsing info during refresh. "On-the-fly" syntax checking information may be incorrect. [C:\Users\Kobe\Desktop\EE214_Projects\Project 4\KobeBui_EE214_Project4_Shifter\KobeBui_EE214_Project4_Shifter.srcs\sources_1\new\shifter.v:]
WARNING: [filemgmt 56-199] Attempt to get parsing info during refresh. "On-the-fly" syntax checking information may be incorrect. [C:\Users\Kobe\Desktop\EE214_Projects\Project 4\KobeBui_EE214_Project4_Shifter\KobeBui_EE214_Project4_Shifter.srcs\sources_1\new\shifter_tb.v:]
WARNING: [filemgmt 56-199] Attempt to get parsing info during refresh. "On-the-fly" syntax checking information may be incorrect. [C:\Users\Kobe\Desktop\EE214_Projects\Project 4\KobeBui_EE214_Project4_Shifter\KobeBui_EE214_Project4_Shifter.srcs\sources_1\new\shifter_tb.v:]
WARNING: [filemgmt 56-199] Attempt to get parsing info during refresh. "On-the-fly" syntax checking information may be incorrect. [C:\Users\Kobe\Desktop\EE214_Projects\Project 4\KobeBui_EE214_Project4_Shifter\KobeBui_EE214_Project4_Shifter.srcs\sources_1\new\shifter_tb.v:]
reset_run impl_1 -prev_step 
ERROR: [Common 17-180] Spawn failed: No error
ERROR: [Common 17-39] 'reset_runs' failed due to earlier errors.
WARNING: [filemgmt 56-199] Attempt to get parsing info during refresh. "On-the-fly" syntax checking information may be incorrect. [C:\Users\Kobe\Desktop\EE214_Projects\Project 4\KobeBui_EE214_Project4_Shifter\KobeBui_EE214_Project4_Shifter.srcs\sources_1\new\shifter.v:]
WARNING: [filemgmt 56-199] Attempt to get parsing info during refresh. "On-the-fly" syntax checking information may be incorrect. [C:\Users\Kobe\Desktop\EE214_Projects\Project 4\KobeBui_EE214_Project4_Shifter\KobeBui_EE214_Project4_Shifter.srcs\sources_1\new\shifter_tb.v:]
WARNING: [filemgmt 56-199] Attempt to get parsing info during refresh. "On-the-fly" syntax checking information may be incorrect. [C:\Users\Kobe\Desktop\EE214_Projects\Project 4\KobeBui_EE214_Project4_Shifter\KobeBui_EE214_Project4_Shifter.srcs\sources_1\new\shifter_tb.v:]
WARNING: [filemgmt 56-199] Attempt to get parsing info during refresh. "On-the-fly" syntax checking information may be incorrect. [C:\Users\Kobe\Desktop\EE214_Projects\Project 4\KobeBui_EE214_Project4_Shifter\KobeBui_EE214_Project4_Shifter.srcs\sources_1\new\shifter_tb.v:]
ERROR: [Common 17-180] Spawn failed: No error
update_compile_order -fileset sources_1
reset_run synth_1
WARNING: [filemgmt 56-199] Attempt to get parsing info during refresh. "On-the-fly" syntax checking information may be incorrect. [C:\Users\Kobe\Desktop\EE214_Projects\Project 4\KobeBui_EE214_Project4_Shifter\KobeBui_EE214_Project4_Shifter.srcs\sources_1\new\shifter.v:]
WARNING: [filemgmt 56-199] Attempt to get parsing info during refresh. "On-the-fly" syntax checking information may be incorrect. [C:\Users\Kobe\Desktop\EE214_Projects\Project 4\KobeBui_EE214_Project4_Shifter\KobeBui_EE214_Project4_Shifter.srcs\sources_1\new\shifter_tb.v:]
WARNING: [filemgmt 56-199] Attempt to get parsing info during refresh. "On-the-fly" syntax checking information may be incorrect. [C:\Users\Kobe\Desktop\EE214_Projects\Project 4\KobeBui_EE214_Project4_Shifter\KobeBui_EE214_Project4_Shifter.srcs\sources_1\new\shifter.v:]
WARNING: [filemgmt 56-199] Attempt to get parsing info during refresh. "On-the-fly" syntax checking information may be incorrect. [C:\Users\Kobe\Desktop\EE214_Projects\Project 4\KobeBui_EE214_Project4_Shifter\KobeBui_EE214_Project4_Shifter.srcs\sources_1\new\shifter.v:]
INFO: [Project 1-1161] Replacing file C:/Users/Kobe/Desktop/EE214_Projects/Project 4/KobeBui_EE214_Project4_Shifter/KobeBui_EE214_Project4_Shifter.srcs/utils_1/imports/synth_1/multiplexor.dcp with file C:/Users/Kobe/Desktop/EE214_Projects/Project 4/KobeBui_EE214_Project4_Shifter/KobeBui_EE214_Project4_Shifter.runs/synth_1/shifter.dcp
WARNING: [Vivado 12-1017] Problems encountered:
1. Failed to delete one or more files in run directory C:/Users/Kobe/Desktop/EE214_Projects/Project 4/KobeBui_EE214_Project4_Shifter/KobeBui_EE214_Project4_Shifter.runs/synth_1

launch_runs impl_1 -to_step write_bitstream -jobs 8
WARNING: [filemgmt 56-199] Attempt to get parsing info during refresh. "On-the-fly" syntax checking information may be incorrect. [C:\Users\Kobe\Desktop\EE214_Projects\Project 4\KobeBui_EE214_Project4_Shifter\KobeBui_EE214_Project4_Shifter.srcs\sources_1\new\shifter.v:]
WARNING: [filemgmt 56-199] Attempt to get parsing info during refresh. "On-the-fly" syntax checking information may be incorrect. [C:\Users\Kobe\Desktop\EE214_Projects\Project 4\KobeBui_EE214_Project4_Shifter\KobeBui_EE214_Project4_Shifter.srcs\sources_1\new\shifter_tb.v:]
WARNING: [filemgmt 56-199] Attempt to get parsing info during refresh. "On-the-fly" syntax checking information may be incorrect. [C:\Users\Kobe\Desktop\EE214_Projects\Project 4\KobeBui_EE214_Project4_Shifter\KobeBui_EE214_Project4_Shifter.srcs\sources_1\new\shifter_tb.v:]
WARNING: [filemgmt 56-199] Attempt to get parsing info during refresh. "On-the-fly" syntax checking information may be incorrect. [C:\Users\Kobe\Desktop\EE214_Projects\Project 4\KobeBui_EE214_Project4_Shifter\KobeBui_EE214_Project4_Shifter.srcs\sources_1\new\shifter_tb.v:]
ERROR: [Common 17-180] Spawn failed: No error
WARNING: [filemgmt 56-199] Attempt to get parsing info during refresh. "On-the-fly" syntax checking information may be incorrect. [C:\Users\Kobe\Desktop\EE214_Projects\Project 4\KobeBui_EE214_Project4_Shifter\KobeBui_EE214_Project4_Shifter.srcs\sources_1\new\shifter.v:]
WARNING: [filemgmt 56-199] Attempt to get parsing info during refresh. "On-the-fly" syntax checking information may be incorrect. [C:\Users\Kobe\Desktop\EE214_Projects\Project 4\KobeBui_EE214_Project4_Shifter\KobeBui_EE214_Project4_Shifter.srcs\sources_1\new\shifter_tb.v:]
WARNING: [filemgmt 56-199] Attempt to get parsing info during refresh. "On-the-fly" syntax checking information may be incorrect. [C:\Users\Kobe\Desktop\EE214_Projects\Project 4\KobeBui_EE214_Project4_Shifter\KobeBui_EE214_Project4_Shifter.srcs\sources_1\new\shifter_tb.v:]
WARNING: [filemgmt 56-199] Attempt to get parsing info during refresh. "On-the-fly" syntax checking information may be incorrect. [C:\Users\Kobe\Desktop\EE214_Projects\Project 4\KobeBui_EE214_Project4_Shifter\KobeBui_EE214_Project4_Shifter.srcs\sources_1\new\shifter_tb.v:]
ERROR: [Vivado 12-4756] Launch of runs aborted due to earlier errors while preparing sub-designs for run execution.
ERROR: [Common 17-180] Spawn failed: No error
launch_runs synth_1 -jobs 8
[Thu Feb 13 11:36:49 2025] Launched synth_1...
Run output will be captured here: C:/Users/Kobe/Desktop/EE214_Projects/Project 4/KobeBui_EE214_Project4_Shifter/KobeBui_EE214_Project4_Shifter.runs/synth_1/runme.log
WARNING: [filemgmt 56-199] Attempt to get parsing info during refresh. "On-the-fly" syntax checking information may be incorrect. [C:\Users\Kobe\Desktop\EE214_Projects\Project 4\KobeBui_EE214_Project4_Shifter\KobeBui_EE214_Project4_Shifter.srcs\sources_1\new\shifter.v:]
WARNING: [filemgmt 56-199] Attempt to get parsing info during refresh. "On-the-fly" syntax checking information may be incorrect. [C:\Users\Kobe\Desktop\EE214_Projects\Project 4\KobeBui_EE214_Project4_Shifter\KobeBui_EE214_Project4_Shifter.srcs\sources_1\new\shifter_tb.v:]
WARNING: [filemgmt 56-199] Attempt to get parsing info during refresh. "On-the-fly" syntax checking information may be incorrect. [C:\Users\Kobe\Desktop\EE214_Projects\Project 4\KobeBui_EE214_Project4_Shifter\KobeBui_EE214_Project4_Shifter.srcs\sources_1\new\shifter_tb.v:]
WARNING: [filemgmt 56-199] Attempt to get parsing info during refresh. "On-the-fly" syntax checking information may be incorrect. [C:\Users\Kobe\Desktop\EE214_Projects\Project 4\KobeBui_EE214_Project4_Shifter\KobeBui_EE214_Project4_Shifter.srcs\sources_1\new\shifter_tb.v:]
launch_simulation
Command: launch_simulation 
INFO: [Vivado 12-12493] Simulation top is 'shifter_tb'
WARNING: [Vivado 12-13340] Unable to auto find GCC executables from simulator install path! (path not set)
INFO: [Vivado 12-5682] Launching behavioral simulation in 'C:/Users/Kobe/Desktop/EE214_Projects/Project 4/KobeBui_EE214_Project4_Shifter/KobeBui_EE214_Project4_Shifter.sim/sim_1/behav/xsim'
INFO: [SIM-utils-51] Simulation object is 'sim_1'
INFO: [SIM-utils-72] Using boost library from 'C:/Xilinx/Vivado/2024.2/tps/boost_1_72_0'
ERROR: [Common 17-180] Spawn failed: No error
ERROR: [Common 17-39] 'get_xpm_libraries' failed due to earlier errors.

    while executing
"rdi::get_xpm_libraries"
    (procedure "xcs_get_xpm_libraries" line 14)
    invoked from within
"xcs_get_xpm_libraries"
    (procedure "usf_xsim_setup_simulation" line 50)
    invoked from within
"usf_xsim_setup_simulation"
    (procedure "tclapp::xilinx::xsim::setup" line 29)
    invoked from within
"tclapp::xilinx::xsim::setup { -simset sim_1 -mode behavioral -run_dir {C:/Users/Kobe/Desktop/EE214_Projects/Project 4/KobeBui_EE214_Project4_Shifter/K..."
ERROR: [Vivado 12-4473] Detected error while running simulation. Please correct the issue and retry this operation.
ERROR: [Common 17-39] 'launch_simulation' failed due to earlier errors.
launch_simulation
Command: launch_simulation 
INFO: [Vivado 12-12493] Simulation top is 'shifter_tb'
WARNING: [Vivado 12-13340] Unable to auto find GCC executables from simulator install path! (path not set)
INFO: [Vivado 12-5682] Launching behavioral simulation in 'C:/Users/Kobe/Desktop/EE214_Projects/Project 4/KobeBui_EE214_Project4_Shifter/KobeBui_EE214_Project4_Shifter.sim/sim_1/behav/xsim'
INFO: [SIM-utils-51] Simulation object is 'sim_1'
INFO: [SIM-utils-72] Using boost library from 'C:/Xilinx/Vivado/2024.2/tps/boost_1_72_0'
INFO: [SIM-utils-54] Inspecting design source files for 'shifter_tb' in fileset 'sim_1'...
INFO: [USF-XSim-97] Finding global include files...
INFO: [USF-XSim-98] Fetching design files from 'sim_1'...
INFO: [USF-XSim-2] XSim::Compile design
INFO: [USF-XSim-61] Executing 'COMPILE and ANALYZE' step in 'C:/Users/Kobe/Desktop/EE214_Projects/Project 4/KobeBui_EE214_Project4_Shifter/KobeBui_EE214_Project4_Shifter.sim/sim_1/behav/xsim'
"xvlog --incr --relax -prj shifter_tb_vlog.prj"
INFO: [VRFC 10-2263] Analyzing Verilog file "C:/Users/Kobe/Desktop/EE214_Projects/Project 4/KobeBui_EE214_Project4_Shifter/KobeBui_EE214_Project4_Shifter.srcs/sources_1/new/shifter.v" into library xil_defaultlib
INFO: [VRFC 10-311] analyzing module shifter
INFO: [VRFC 10-2263] Analyzing Verilog file "C:/Users/Kobe/Desktop/EE214_Projects/Project 4/KobeBui_EE214_Project4_Shifter/KobeBui_EE214_Project4_Shifter.srcs/sources_1/new/shifter_tb.v" into library xil_defaultlib
INFO: [VRFC 10-311] analyzing module shifter_tb
INFO: [VRFC 10-2263] Analyzing Verilog file "C:/Users/Kobe/Desktop/EE214_Projects/Project 4/KobeBui_EE214_Project4_Shifter/KobeBui_EE214_Project4_Shifter.sim/sim_1/behav/xsim/glbl.v" into library xil_defaultlib
INFO: [VRFC 10-311] analyzing module glbl
run_program: Time (s): cpu = 00:00:00 ; elapsed = 00:00:06 . Memory (MB): peak = 1766.531 ; gain = 0.000
INFO: [USF-XSim-69] 'compile' step finished in '5' seconds
INFO: [USF-XSim-3] XSim::Elaborate design
INFO: [USF-XSim-61] Executing 'ELABORATE' step in 'C:/Users/Kobe/Desktop/EE214_Projects/Project 4/KobeBui_EE214_Project4_Shifter/KobeBui_EE214_Project4_Shifter.sim/sim_1/behav/xsim'
"xelab --incr --debug typical --relax --mt 2 -L xil_defaultlib -L unisims_ver -L unimacro_ver -L secureip --snapshot shifter_tb_behav xil_defaultlib.shifter_tb xil_defaultlib.glbl -log elaborate.log"
Vivado Simulator v2024.2.0
Copyright 1986-2022 Xilinx, Inc. All Rights Reserved.
Copyright 2022-2024 Advanced Micro Devices, Inc. All Rights Reserved.
Running: C:/Xilinx/Vivado/2024.2/bin/unwrapped/win64.o/xelab.exe --incr --debug typical --relax --mt 2 -L xil_defaultlib -L unisims_ver -L unimacro_ver -L secureip --snapshot shifter_tb_behav xil_defaultlib.shifter_tb xil_defaultlib.glbl -log elaborate.log 
Using 2 slave threads.
Starting static elaboration
Pass Through NonSizing Optimizer
Completed static elaboration
Starting simulation data flow analysis
Completed simulation data flow analysis
Time Resolution for simulation is 1ps
Compiling module xil_defaultlib.shifter
Compiling module xil_defaultlib.shifter_tb
Compiling module xil_defaultlib.glbl
Built simulation snapshot shifter_tb_behav
run_program: Time (s): cpu = 00:00:00 ; elapsed = 00:00:05 . Memory (MB): peak = 1766.531 ; gain = 0.000
INFO: [USF-XSim-69] 'elaborate' step finished in '6' seconds
INFO: [USF-XSim-4] XSim::Simulate design
INFO: [USF-XSim-61] Executing 'SIMULATE' step in 'C:/Users/Kobe/Desktop/EE214_Projects/Project 4/KobeBui_EE214_Project4_Shifter/KobeBui_EE214_Project4_Shifter.sim/sim_1/behav/xsim'
INFO: [USF-XSim-98] *** Running xsim
   with args "shifter_tb_behav -key {Behavioral:sim_1:Functional:shifter_tb} -tclbatch {shifter_tb.tcl} -view {{C:/Users/Kobe/Desktop/EE214_Projects/Project 4/KobeBui_EE214_Project4_Encoder/encoder_t_behav.wcfg}} -log {simulate.log}"
INFO: [USF-XSim-8] Loading simulator feature
Time resolution is 1 ps
open_wave_config {C:/Users/Kobe/Desktop/EE214_Projects/Project 4/KobeBui_EE214_Project4_Encoder/encoder_t_behav.wcfg}
WARNING: Simulation object /encoder_t/I was not found in the design.
WARNING: Simulation object /encoder_t/Ein was not found in the design.
WARNING: Simulation object /encoder_t/Y was not found in the design.
WARNING: Simulation object /encoder_t/GS was not found in the design.
WARNING: Simulation object /encoder_t/Eout was not found in the design.
WARNING: Simulation object /encoder_t/k was not found in the design.
source shifter_tb.tcl
# set curr_wave [current_wave_config]
# if { [string length $curr_wave] == 0 } {
#   if { [llength [get_objects]] > 0} {
#     add_wave /
#     set_property needs_save false [current_wave_config]
#   } else {
#      send_msg_id Add_Wave-1 WARNING "No top level signals found. Simulator will start without a wave window. If you want to open a wave window go to 'File->New Waveform Configuration' or type 'create_wave_config' in the TCL console."
#   }
# }
# run 15000ns
INFO: [USF-XSim-96] XSim completed. Design snapshot 'shifter_tb_behav' loaded.
INFO: [USF-XSim-97] XSim simulation ran for 15000ns
launch_simulation: Time (s): cpu = 00:00:01 ; elapsed = 00:00:16 . Memory (MB): peak = 1776.363 ; gain = 9.832
close_sim
INFO: [Simtcl 6-16] Simulation closed
export_ip_user_files -of_objects  [get_files {{C:/Users/Kobe/Desktop/EE214_Projects/Project 4/KobeBui_EE214_Project4_Encoder/encoder_t_behav.wcfg}}] -no_script -reset -force -quiet
remove_files  -fileset sim_1 {{C:/Users/Kobe/Desktop/EE214_Projects/Project 4/KobeBui_EE214_Project4_Encoder/encoder_t_behav.wcfg}}
launch_simulation
Command: launch_simulation 
INFO: [Vivado 12-12493] Simulation top is 'shifter_tb'
WARNING: [Vivado 12-13340] Unable to auto find GCC executables from simulator install path! (path not set)
INFO: [Vivado 12-5682] Launching behavioral simulation in 'C:/Users/Kobe/Desktop/EE214_Projects/Project 4/KobeBui_EE214_Project4_Shifter/KobeBui_EE214_Project4_Shifter.sim/sim_1/behav/xsim'
INFO: [SIM-utils-51] Simulation object is 'sim_1'
INFO: [SIM-utils-72] Using boost library from 'C:/Xilinx/Vivado/2024.2/tps/boost_1_72_0'
INFO: [SIM-utils-54] Inspecting design source files for 'shifter_tb' in fileset 'sim_1'...
INFO: [USF-XSim-97] Finding global include files...
INFO: [USF-XSim-98] Fetching design files from 'sim_1'...
INFO: [USF-XSim-2] XSim::Compile design
INFO: [USF-XSim-61] Executing 'COMPILE and ANALYZE' step in 'C:/Users/Kobe/Desktop/EE214_Projects/Project 4/KobeBui_EE214_Project4_Shifter/KobeBui_EE214_Project4_Shifter.sim/sim_1/behav/xsim'
"xvlog --incr --relax -prj shifter_tb_vlog.prj"
INFO: [USF-XSim-69] 'compile' step finished in '3' seconds
INFO: [USF-XSim-3] XSim::Elaborate design
INFO: [USF-XSim-61] Executing 'ELABORATE' step in 'C:/Users/Kobe/Desktop/EE214_Projects/Project 4/KobeBui_EE214_Project4_Shifter/KobeBui_EE214_Project4_Shifter.sim/sim_1/behav/xsim'
"xelab --incr --debug typical --relax --mt 2 -L xil_defaultlib -L unisims_ver -L unimacro_ver -L secureip --snapshot shifter_tb_behav xil_defaultlib.shifter_tb xil_defaultlib.glbl -log elaborate.log"
Vivado Simulator v2024.2.0
Copyright 1986-2022 Xilinx, Inc. All Rights Reserved.
Copyright 2022-2024 Advanced Micro Devices, Inc. All Rights Reserved.
Running: C:/Xilinx/Vivado/2024.2/bin/unwrapped/win64.o/xelab.exe --incr --debug typical --relax --mt 2 -L xil_defaultlib -L unisims_ver -L unimacro_ver -L secureip --snapshot shifter_tb_behav xil_defaultlib.shifter_tb xil_defaultlib.glbl -log elaborate.log 
Using 2 slave threads.
Starting static elaboration
Pass Through NonSizing Optimizer
Completed static elaboration
INFO: [XSIM 43-4323] No Change in HDL. Linking previously generated obj files to create kernel
INFO: [USF-XSim-69] 'elaborate' step finished in '3' seconds
INFO: [USF-XSim-4] XSim::Simulate design
INFO: [USF-XSim-61] Executing 'SIMULATE' step in 'C:/Users/Kobe/Desktop/EE214_Projects/Project 4/KobeBui_EE214_Project4_Shifter/KobeBui_EE214_Project4_Shifter.sim/sim_1/behav/xsim'
INFO: [USF-XSim-98] *** Running xsim
   with args "shifter_tb_behav -key {Behavioral:sim_1:Functional:shifter_tb} -tclbatch {shifter_tb.tcl} -log {simulate.log}"
INFO: [USF-XSim-8] Loading simulator feature
Time resolution is 1 ps
source shifter_tb.tcl
# set curr_wave [current_wave_config]
# if { [string length $curr_wave] == 0 } {
#   if { [llength [get_objects]] > 0} {
#     add_wave /
#     set_property needs_save false [current_wave_config]
#   } else {
#      send_msg_id Add_Wave-1 WARNING "No top level signals found. Simulator will start without a wave window. If you want to open a wave window go to 'File->New Waveform Configuration' or type 'create_wave_config' in the TCL console."
#   }
# }
# run 15000ns
xsim: Time (s): cpu = 00:00:01 ; elapsed = 00:00:05 . Memory (MB): peak = 1784.293 ; gain = 1.152
INFO: [USF-XSim-96] XSim completed. Design snapshot 'shifter_tb_behav' loaded.
INFO: [USF-XSim-97] XSim simulation ran for 15000ns
launch_simulation: Time (s): cpu = 00:00:01 ; elapsed = 00:00:11 . Memory (MB): peak = 1784.293 ; gain = 1.152
set_property -name {xsim.simulate.runtime} -value {25000} -objects [get_filesets sim_1]
WARNING: [filemgmt 56-199] Attempt to get parsing info during refresh. "On-the-fly" syntax checking information may be incorrect. [C:\Users\Kobe\Desktop\EE214_Projects\Project 4\KobeBui_EE214_Project4_Shifter\KobeBui_EE214_Project4_Shifter.srcs\sources_1\new\shifter.v:]
WARNING: [filemgmt 56-199] Attempt to get parsing info during refresh. "On-the-fly" syntax checking information may be incorrect. [C:\Users\Kobe\Desktop\EE214_Projects\Project 4\KobeBui_EE214_Project4_Shifter\KobeBui_EE214_Project4_Shifter.srcs\sources_1\new\shifter_tb.v:]
WARNING: [filemgmt 56-199] Attempt to get parsing info during refresh. "On-the-fly" syntax checking information may be incorrect. [C:\Users\Kobe\Desktop\EE214_Projects\Project 4\KobeBui_EE214_Project4_Shifter\KobeBui_EE214_Project4_Shifter.srcs\sources_1\new\shifter_tb.v:]
WARNING: [filemgmt 56-199] Attempt to get parsing info during refresh. "On-the-fly" syntax checking information may be incorrect. [C:\Users\Kobe\Desktop\EE214_Projects\Project 4\KobeBui_EE214_Project4_Shifter\KobeBui_EE214_Project4_Shifter.srcs\sources_1\new\shifter_tb.v:]
ERROR: [Common 17-180] Spawn failed: No error
close_sim
INFO: [Simtcl 6-16] Simulation closed
launch_simulation
Command: launch_simulation 
INFO: [Vivado 12-12493] Simulation top is 'shifter_tb'
WARNING: [Vivado 12-13340] Unable to auto find GCC executables from simulator install path! (path not set)
INFO: [Vivado 12-5682] Launching behavioral simulation in 'C:/Users/Kobe/Desktop/EE214_Projects/Project 4/KobeBui_EE214_Project4_Shifter/KobeBui_EE214_Project4_Shifter.sim/sim_1/behav/xsim'
INFO: [SIM-utils-51] Simulation object is 'sim_1'
INFO: [SIM-utils-72] Using boost library from 'C:/Xilinx/Vivado/2024.2/tps/boost_1_72_0'
INFO: [SIM-utils-54] Inspecting design source files for 'shifter_tb' in fileset 'sim_1'...
INFO: [USF-XSim-97] Finding global include files...
INFO: [USF-XSim-98] Fetching design files from 'sim_1'...
INFO: [USF-XSim-2] XSim::Compile design
INFO: [USF-XSim-61] Executing 'COMPILE and ANALYZE' step in 'C:/Users/Kobe/Desktop/EE214_Projects/Project 4/KobeBui_EE214_Project4_Shifter/KobeBui_EE214_Project4_Shifter.sim/sim_1/behav/xsim'
"xvlog --incr --relax -prj shifter_tb_vlog.prj"
INFO: [USF-XSim-69] 'compile' step finished in '3' seconds
INFO: [USF-XSim-3] XSim::Elaborate design
INFO: [USF-XSim-61] Executing 'ELABORATE' step in 'C:/Users/Kobe/Desktop/EE214_Projects/Project 4/KobeBui_EE214_Project4_Shifter/KobeBui_EE214_Project4_Shifter.sim/sim_1/behav/xsim'
"xelab --incr --debug typical --relax --mt 2 -L xil_defaultlib -L unisims_ver -L unimacro_ver -L secureip --snapshot shifter_tb_behav xil_defaultlib.shifter_tb xil_defaultlib.glbl -log elaborate.log"
Vivado Simulator v2024.2.0
Copyright 1986-2022 Xilinx, Inc. All Rights Reserved.
Copyright 2022-2024 Advanced Micro Devices, Inc. All Rights Reserved.
Running: C:/Xilinx/Vivado/2024.2/bin/unwrapped/win64.o/xelab.exe --incr --debug typical --relax --mt 2 -L xil_defaultlib -L unisims_ver -L unimacro_ver -L secureip --snapshot shifter_tb_behav xil_defaultlib.shifter_tb xil_defaultlib.glbl -log elaborate.log 
Using 2 slave threads.
Starting static elaboration
Pass Through NonSizing Optimizer
Completed static elaboration
INFO: [XSIM 43-4323] No Change in HDL. Linking previously generated obj files to create kernel
INFO: [USF-XSim-69] 'elaborate' step finished in '2' seconds
INFO: [USF-XSim-4] XSim::Simulate design
INFO: [USF-XSim-61] Executing 'SIMULATE' step in 'C:/Users/Kobe/Desktop/EE214_Projects/Project 4/KobeBui_EE214_Project4_Shifter/KobeBui_EE214_Project4_Shifter.sim/sim_1/behav/xsim'
INFO: [USF-XSim-98] *** Running xsim
   with args "shifter_tb_behav -key {Behavioral:sim_1:Functional:shifter_tb} -tclbatch {shifter_tb.tcl} -log {simulate.log}"
INFO: [USF-XSim-8] Loading simulator feature
Time resolution is 1 ps
source shifter_tb.tcl
# set curr_wave [current_wave_config]
# if { [string length $curr_wave] == 0 } {
#   if { [llength [get_objects]] > 0} {
#     add_wave /
#     set_property needs_save false [current_wave_config]
#   } else {
#      send_msg_id Add_Wave-1 WARNING "No top level signals found. Simulator will start without a wave window. If you want to open a wave window go to 'File->New Waveform Configuration' or type 'create_wave_config' in the TCL console."
#   }
# }
# run 25000
$finish called at time : 24330 ns : File "C:/Users/Kobe/Desktop/EE214_Projects/Project 4/KobeBui_EE214_Project4_Shifter/KobeBui_EE214_Project4_Shifter.srcs/sources_1/new/shifter_tb.v" Line 188
xsim: Time (s): cpu = 00:00:03 ; elapsed = 00:00:07 . Memory (MB): peak = 1856.254 ; gain = 0.000
INFO: [USF-XSim-96] XSim completed. Design snapshot 'shifter_tb_behav' loaded.
INFO: [USF-XSim-97] XSim simulation ran for 25000
launch_simulation: Time (s): cpu = 00:00:04 ; elapsed = 00:00:13 . Memory (MB): peak = 1856.254 ; gain = 0.000
WARNING: [filemgmt 56-199] Attempt to get parsing info during refresh. "On-the-fly" syntax checking information may be incorrect. [C:\Users\Kobe\Desktop\EE214_Projects\Project 4\KobeBui_EE214_Project4_Shifter\KobeBui_EE214_Project4_Shifter.srcs\sources_1\new\shifter.v:]
WARNING: [filemgmt 56-199] Attempt to get parsing info during refresh. "On-the-fly" syntax checking information may be incorrect. [C:\Users\Kobe\Desktop\EE214_Projects\Project 4\KobeBui_EE214_Project4_Shifter\KobeBui_EE214_Project4_Shifter.srcs\sources_1\new\shifter_tb.v:]
WARNING: [filemgmt 56-199] Attempt to get parsing info during refresh. "On-the-fly" syntax checking information may be incorrect. [C:\Users\Kobe\Desktop\EE214_Projects\Project 4\KobeBui_EE214_Project4_Shifter\KobeBui_EE214_Project4_Shifter.srcs\sources_1\new\shifter_tb.v:]
WARNING: [filemgmt 56-199] Attempt to get parsing info during refresh. "On-the-fly" syntax checking information may be incorrect. [C:\Users\Kobe\Desktop\EE214_Projects\Project 4\KobeBui_EE214_Project4_Shifter\KobeBui_EE214_Project4_Shifter.srcs\sources_1\new\shifter_tb.v:]
ERROR: [Common 17-180] Spawn failed: No error
WARNING: [filemgmt 56-199] Attempt to get parsing info during refresh. "On-the-fly" syntax checking information may be incorrect. [C:\Users\Kobe\Desktop\EE214_Projects\Project 4\KobeBui_EE214_Project4_Shifter\KobeBui_EE214_Project4_Shifter.srcs\sources_1\new\shifter.v:]
WARNING: [filemgmt 56-199] Attempt to get parsing info during refresh. "On-the-fly" syntax checking information may be incorrect. [C:\Users\Kobe\Desktop\EE214_Projects\Project 4\KobeBui_EE214_Project4_Shifter\KobeBui_EE214_Project4_Shifter.srcs\sources_1\new\shifter_tb.v:]
WARNING: [filemgmt 56-199] Attempt to get parsing info during refresh. "On-the-fly" syntax checking information may be incorrect. [C:\Users\Kobe\Desktop\EE214_Projects\Project 4\KobeBui_EE214_Project4_Shifter\KobeBui_EE214_Project4_Shifter.srcs\sources_1\new\shifter_tb.v:]
WARNING: [filemgmt 56-199] Attempt to get parsing info during refresh. "On-the-fly" syntax checking information may be incorrect. [C:\Users\Kobe\Desktop\EE214_Projects\Project 4\KobeBui_EE214_Project4_Shifter\KobeBui_EE214_Project4_Shifter.srcs\sources_1\new\shifter_tb.v:]
ERROR: [Common 17-180] Spawn failed: No error
close_sim
INFO: [Simtcl 6-16] Simulation closed
launch_simulation
Command: launch_simulation 
INFO: [Vivado 12-12493] Simulation top is 'shifter_tb'
WARNING: [Vivado 12-13340] Unable to auto find GCC executables from simulator install path! (path not set)
INFO: [Vivado 12-5682] Launching behavioral simulation in 'C:/Users/Kobe/Desktop/EE214_Projects/Project 4/KobeBui_EE214_Project4_Shifter/KobeBui_EE214_Project4_Shifter.sim/sim_1/behav/xsim'
INFO: [SIM-utils-51] Simulation object is 'sim_1'
INFO: [SIM-utils-72] Using boost library from 'C:/Xilinx/Vivado/2024.2/tps/boost_1_72_0'
INFO: [SIM-utils-54] Inspecting design source files for 'shifter_tb' in fileset 'sim_1'...
INFO: [USF-XSim-97] Finding global include files...
INFO: [USF-XSim-98] Fetching design files from 'sim_1'...
INFO: [USF-XSim-2] XSim::Compile design
INFO: [USF-XSim-61] Executing 'COMPILE and ANALYZE' step in 'C:/Users/Kobe/Desktop/EE214_Projects/Project 4/KobeBui_EE214_Project4_Shifter/KobeBui_EE214_Project4_Shifter.sim/sim_1/behav/xsim'
"xvlog --incr --relax -prj shifter_tb_vlog.prj"
INFO: [VRFC 10-2263] Analyzing Verilog file "C:/Users/Kobe/Desktop/EE214_Projects/Project 4/KobeBui_EE214_Project4_Shifter/KobeBui_EE214_Project4_Shifter.srcs/sources_1/new/shifter.v" into library xil_defaultlib
INFO: [VRFC 10-311] analyzing module shifter
INFO: [VRFC 10-2263] Analyzing Verilog file "C:/Users/Kobe/Desktop/EE214_Projects/Project 4/KobeBui_EE214_Project4_Shifter/KobeBui_EE214_Project4_Shifter.srcs/sources_1/new/shifter_tb.v" into library xil_defaultlib
INFO: [VRFC 10-311] analyzing module shifter_tb
INFO: [USF-XSim-69] 'compile' step finished in '3' seconds
INFO: [USF-XSim-3] XSim::Elaborate design
INFO: [USF-XSim-61] Executing 'ELABORATE' step in 'C:/Users/Kobe/Desktop/EE214_Projects/Project 4/KobeBui_EE214_Project4_Shifter/KobeBui_EE214_Project4_Shifter.sim/sim_1/behav/xsim'
"xelab --incr --debug typical --relax --mt 2 -L xil_defaultlib -L unisims_ver -L unimacro_ver -L secureip --snapshot shifter_tb_behav xil_defaultlib.shifter_tb xil_defaultlib.glbl -log elaborate.log"
Vivado Simulator v2024.2.0
Copyright 1986-2022 Xilinx, Inc. All Rights Reserved.
Copyright 2022-2024 Advanced Micro Devices, Inc. All Rights Reserved.
Running: C:/Xilinx/Vivado/2024.2/bin/unwrapped/win64.o/xelab.exe --incr --debug typical --relax --mt 2 -L xil_defaultlib -L unisims_ver -L unimacro_ver -L secureip --snapshot shifter_tb_behav xil_defaultlib.shifter_tb xil_defaultlib.glbl -log elaborate.log 
Using 2 slave threads.
Starting static elaboration
Pass Through NonSizing Optimizer
Completed static elaboration
Starting simulation data flow analysis
Completed simulation data flow analysis
Time Resolution for simulation is 1ps
Compiling module xil_defaultlib.shifter
Compiling module xil_defaultlib.shifter_tb
Compiling module xil_defaultlib.glbl
Built simulation snapshot shifter_tb_behav
INFO: [USF-XSim-69] 'elaborate' step finished in '4' seconds
INFO: [USF-XSim-4] XSim::Simulate design
INFO: [USF-XSim-61] Executing 'SIMULATE' step in 'C:/Users/Kobe/Desktop/EE214_Projects/Project 4/KobeBui_EE214_Project4_Shifter/KobeBui_EE214_Project4_Shifter.sim/sim_1/behav/xsim'
INFO: [USF-XSim-98] *** Running xsim
   with args "shifter_tb_behav -key {Behavioral:sim_1:Functional:shifter_tb} -tclbatch {shifter_tb.tcl} -log {simulate.log}"
INFO: [USF-XSim-8] Loading simulator feature
Time resolution is 1 ps
source shifter_tb.tcl
# set curr_wave [current_wave_config]
# if { [string length $curr_wave] == 0 } {
#   if { [llength [get_objects]] > 0} {
#     add_wave /
#     set_property needs_save false [current_wave_config]
#   } else {
#      send_msg_id Add_Wave-1 WARNING "No top level signals found. Simulator will start without a wave window. If you want to open a wave window go to 'File->New Waveform Configuration' or type 'create_wave_config' in the TCL console."
#   }
# }
# run 25000
$finish called at time : 24330 ns : File "C:/Users/Kobe/Desktop/EE214_Projects/Project 4/KobeBui_EE214_Project4_Shifter/KobeBui_EE214_Project4_Shifter.srcs/sources_1/new/shifter_tb.v" Line 188
xsim: Time (s): cpu = 00:00:03 ; elapsed = 00:00:07 . Memory (MB): peak = 2914.348 ; gain = 0.000
INFO: [USF-XSim-96] XSim completed. Design snapshot 'shifter_tb_behav' loaded.
INFO: [USF-XSim-97] XSim simulation ran for 25000
launch_simulation: Time (s): cpu = 00:00:03 ; elapsed = 00:00:15 . Memory (MB): peak = 2914.348 ; gain = 0.000
reset_run synth_1
INFO: [Project 1-1161] Replacing file C:/Users/Kobe/Desktop/EE214_Projects/Project 4/KobeBui_EE214_Project4_Shifter/KobeBui_EE214_Project4_Shifter.srcs/utils_1/imports/synth_1/multiplexor.dcp with file C:/Users/Kobe/Desktop/EE214_Projects/Project 4/KobeBui_EE214_Project4_Shifter/KobeBui_EE214_Project4_Shifter.runs/synth_1/shifter_tb.dcp
WARNING: [Vivado 12-1017] Problems encountered:
1. Failed to delete one or more files in run directory C:/Users/Kobe/Desktop/EE214_Projects/Project 4/KobeBui_EE214_Project4_Shifter/KobeBui_EE214_Project4_Shifter.runs/synth_1

launch_runs synth_1 -jobs 8
[Thu Feb 13 11:48:16 2025] Launched synth_1...
Run output will be captured here: C:/Users/Kobe/Desktop/EE214_Projects/Project 4/KobeBui_EE214_Project4_Shifter/KobeBui_EE214_Project4_Shifter.runs/synth_1/runme.log
WARNING: [filemgmt 56-199] Attempt to get parsing info during refresh. "On-the-fly" syntax checking information may be incorrect. [C:\Users\Kobe\Desktop\EE214_Projects\Project 4\KobeBui_EE214_Project4_Shifter\KobeBui_EE214_Project4_Shifter.srcs\sources_1\new\shifter.v:]
WARNING: [filemgmt 56-199] Attempt to get parsing info during refresh. "On-the-fly" syntax checking information may be incorrect. [C:\Users\Kobe\Desktop\EE214_Projects\Project 4\KobeBui_EE214_Project4_Shifter\KobeBui_EE214_Project4_Shifter.srcs\sources_1\new\shifter_tb.v:]
WARNING: [filemgmt 56-199] Attempt to get parsing info during refresh. "On-the-fly" syntax checking information may be incorrect. [C:\Users\Kobe\Desktop\EE214_Projects\Project 4\KobeBui_EE214_Project4_Shifter\KobeBui_EE214_Project4_Shifter.srcs\sources_1\new\shifter_tb.v:]
WARNING: [filemgmt 56-199] Attempt to get parsing info during refresh. "On-the-fly" syntax checking information may be incorrect. [C:\Users\Kobe\Desktop\EE214_Projects\Project 4\KobeBui_EE214_Project4_Shifter\KobeBui_EE214_Project4_Shifter.srcs\sources_1\new\shifter_tb.v:]
ERROR: [Common 17-180] Spawn failed: No error
launch_runs impl_1 -jobs 8
[Thu Feb 13 11:50:02 2025] Launched impl_1...
Run output will be captured here: C:/Users/Kobe/Desktop/EE214_Projects/Project 4/KobeBui_EE214_Project4_Shifter/KobeBui_EE214_Project4_Shifter.runs/impl_1/runme.log
save_wave_config {C:/Users/Kobe/Desktop/EE214_Projects/Project 4/KobeBui_EE214_Project4_Shifter/shifter_tb_behav.wcfg}
add_files -fileset sim_1 -norecurse {{C:/Users/Kobe/Desktop/EE214_Projects/Project 4/KobeBui_EE214_Project4_Shifter/shifter_tb_behav.wcfg}}
set_property xsim.view {{C:/Users/Kobe/Desktop/EE214_Projects/Project 4/KobeBui_EE214_Project4_Encoder/encoder_t_behav.wcfg} {C:/Users/Kobe/Desktop/EE214_Projects/Project 4/KobeBui_EE214_Project4_Shifter/shifter_tb_behav.wcfg}} [get_filesets sim_1]
WARNING: [filemgmt 56-199] Attempt to get parsing info during refresh. "On-the-fly" syntax checking information may be incorrect. [C:\Users\Kobe\Desktop\EE214_Projects\Project 4\KobeBui_EE214_Project4_Shifter\KobeBui_EE214_Project4_Shifter.srcs\sources_1\new\shifter.v:]
WARNING: [filemgmt 56-199] Attempt to get parsing info during refresh. "On-the-fly" syntax checking information may be incorrect. [C:\Users\Kobe\Desktop\EE214_Projects\Project 4\KobeBui_EE214_Project4_Shifter\KobeBui_EE214_Project4_Shifter.srcs\sources_1\new\shifter_tb.v:]
WARNING: [filemgmt 56-199] Attempt to get parsing info during refresh. "On-the-fly" syntax checking information may be incorrect. [C:\Users\Kobe\Desktop\EE214_Projects\Project 4\KobeBui_EE214_Project4_Shifter\KobeBui_EE214_Project4_Shifter.srcs\sources_1\new\shifter_tb.v:]
WARNING: [filemgmt 56-199] Attempt to get parsing info during refresh. "On-the-fly" syntax checking information may be incorrect. [C:\Users\Kobe\Desktop\EE214_Projects\Project 4\KobeBui_EE214_Project4_Shifter\KobeBui_EE214_Project4_Shifter.srcs\sources_1\new\shifter_tb.v:]
ERROR: [Common 17-180] Spawn failed: No error
close_sim
INFO: [Simtcl 6-16] Simulation closed
set_property used_in_synthesis false [get_files  {{C:/Users/Kobe/Desktop/EE214_Projects/Project 4/KobeBui_EE214_Project4_Shifter/KobeBui_EE214_Project4_Shifter.srcs/sources_1/new/shifter_tb.v}}]
WARNING: [filemgmt 56-199] Attempt to get parsing info during refresh. "On-the-fly" syntax checking information may be incorrect. [C:\Users\Kobe\Desktop\EE214_Projects\Project 4\KobeBui_EE214_Project4_Shifter\KobeBui_EE214_Project4_Shifter.srcs\sources_1\new\shifter.v:]
WARNING: [filemgmt 56-199] Attempt to get parsing info during refresh. "On-the-fly" syntax checking information may be incorrect. [C:\Users\Kobe\Desktop\EE214_Projects\Project 4\KobeBui_EE214_Project4_Shifter\KobeBui_EE214_Project4_Shifter.srcs\sources_1\new\shifter_tb.v:]
WARNING: [filemgmt 56-199] Attempt to get parsing info during refresh. "On-the-fly" syntax checking information may be incorrect. [C:\Users\Kobe\Desktop\EE214_Projects\Project 4\KobeBui_EE214_Project4_Shifter\KobeBui_EE214_Project4_Shifter.srcs\sources_1\new\shifter_tb.v:]
WARNING: [filemgmt 56-199] Attempt to get parsing info during refresh. "On-the-fly" syntax checking information may be incorrect. [C:\Users\Kobe\Desktop\EE214_Projects\Project 4\KobeBui_EE214_Project4_Shifter\KobeBui_EE214_Project4_Shifter.srcs\sources_1\new\shifter_tb.v:]
set_property used_in_implementation false [get_files  {{C:/Users/Kobe/Desktop/EE214_Projects/Project 4/KobeBui_EE214_Project4_Shifter/KobeBui_EE214_Project4_Shifter.srcs/sources_1/new/shifter_tb.v}}]
WARNING: [filemgmt 56-199] Attempt to get parsing info during refresh. "On-the-fly" syntax checking information may be incorrect. [C:\Users\Kobe\Desktop\EE214_Projects\Project 4\KobeBui_EE214_Project4_Shifter\KobeBui_EE214_Project4_Shifter.srcs\sources_1\new\shifter.v:]
WARNING: [filemgmt 56-199] Attempt to get parsing info during refresh. "On-the-fly" syntax checking information may be incorrect. [C:\Users\Kobe\Desktop\EE214_Projects\Project 4\KobeBui_EE214_Project4_Shifter\KobeBui_EE214_Project4_Shifter.srcs\sources_1\new\shifter_tb.v:]
WARNING: [filemgmt 56-199] Attempt to get parsing info during refresh. "On-the-fly" syntax checking information may be incorrect. [C:\Users\Kobe\Desktop\EE214_Projects\Project 4\KobeBui_EE214_Project4_Shifter\KobeBui_EE214_Project4_Shifter.srcs\sources_1\new\shifter_tb.v:]
WARNING: [filemgmt 56-199] Attempt to get parsing info during refresh. "On-the-fly" syntax checking information may be incorrect. [C:\Users\Kobe\Desktop\EE214_Projects\Project 4\KobeBui_EE214_Project4_Shifter\KobeBui_EE214_Project4_Shifter.srcs\sources_1\new\shifter_tb.v:]
ERROR: [Common 17-180] Spawn failed: No error
WARNING: [filemgmt 56-199] Attempt to get parsing info during refresh. "On-the-fly" syntax checking information may be incorrect. [C:\Users\Kobe\Desktop\EE214_Projects\Project 4\KobeBui_EE214_Project4_Shifter\KobeBui_EE214_Project4_Shifter.srcs\sources_1\new\shifter.v:]
WARNING: [filemgmt 56-199] Attempt to get parsing info during refresh. "On-the-fly" syntax checking information may be incorrect. [C:\Users\Kobe\Desktop\EE214_Projects\Project 4\KobeBui_EE214_Project4_Shifter\KobeBui_EE214_Project4_Shifter.srcs\sources_1\new\shifter_tb.v:]
WARNING: [filemgmt 56-199] Attempt to get parsing info during refresh. "On-the-fly" syntax checking information may be incorrect. [C:\Users\Kobe\Desktop\EE214_Projects\Project 4\KobeBui_EE214_Project4_Shifter\KobeBui_EE214_Project4_Shifter.srcs\sources_1\new\shifter.v:]
WARNING: [filemgmt 56-199] Attempt to get parsing info during refresh. "On-the-fly" syntax checking information may be incorrect. [C:\Users\Kobe\Desktop\EE214_Projects\Project 4\KobeBui_EE214_Project4_Shifter\KobeBui_EE214_Project4_Shifter.srcs\sources_1\new\shifter.v:]
ERROR: [Common 17-180] Spawn failed: No error
update_compile_order -fileset sources_1
WARNING: [filemgmt 56-199] Attempt to get parsing info during refresh. "On-the-fly" syntax checking information may be incorrect. [C:\Users\Kobe\Desktop\EE214_Projects\Project 4\KobeBui_EE214_Project4_Shifter\KobeBui_EE214_Project4_Shifter.srcs\sources_1\new\shifter.v:]
WARNING: [filemgmt 56-199] Attempt to get parsing info during refresh. "On-the-fly" syntax checking information may be incorrect. [C:\Users\Kobe\Desktop\EE214_Projects\Project 4\KobeBui_EE214_Project4_Shifter\KobeBui_EE214_Project4_Shifter.srcs\sources_1\new\shifter_tb.v:]
WARNING: [filemgmt 56-199] Attempt to get parsing info during refresh. "On-the-fly" syntax checking information may be incorrect. [C:\Users\Kobe\Desktop\EE214_Projects\Project 4\KobeBui_EE214_Project4_Shifter\KobeBui_EE214_Project4_Shifter.srcs\sources_1\new\shifter_tb.v:]
WARNING: [filemgmt 56-199] Attempt to get parsing info during refresh. "On-the-fly" syntax checking information may be incorrect. [C:\Users\Kobe\Desktop\EE214_Projects\Project 4\KobeBui_EE214_Project4_Shifter\KobeBui_EE214_Project4_Shifter.srcs\sources_1\new\shifter_tb.v:]
ERROR: [Common 17-180] Spawn failed: No error
WARNING: [filemgmt 56-199] Attempt to get parsing info during refresh. "On-the-fly" syntax checking information may be incorrect. [C:\Users\Kobe\Desktop\EE214_Projects\Project 4\KobeBui_EE214_Project4_Shifter\KobeBui_EE214_Project4_Shifter.srcs\sources_1\new\shifter.v:]
WARNING: [filemgmt 56-199] Attempt to get parsing info during refresh. "On-the-fly" syntax checking information may be incorrect. [C:\Users\Kobe\Desktop\EE214_Projects\Project 4\KobeBui_EE214_Project4_Shifter\KobeBui_EE214_Project4_Shifter.srcs\sources_1\new\shifter_tb.v:]
WARNING: [filemgmt 56-199] Attempt to get parsing info during refresh. "On-the-fly" syntax checking information may be incorrect. [C:\Users\Kobe\Desktop\EE214_Projects\Project 4\KobeBui_EE214_Project4_Shifter\KobeBui_EE214_Project4_Shifter.srcs\sources_1\new\shifter_tb.v:]
WARNING: [filemgmt 56-199] Attempt to get parsing info during refresh. "On-the-fly" syntax checking information may be incorrect. [C:\Users\Kobe\Desktop\EE214_Projects\Project 4\KobeBui_EE214_Project4_Shifter\KobeBui_EE214_Project4_Shifter.srcs\sources_1\new\shifter_tb.v:]
ERROR: [Common 17-180] Spawn failed: No error
reset_run impl_1
launch_runs impl_1 -jobs 8
[Thu Feb 13 11:52:29 2025] Launched impl_1...
Run output will be captured here: C:/Users/Kobe/Desktop/EE214_Projects/Project 4/KobeBui_EE214_Project4_Shifter/KobeBui_EE214_Project4_Shifter.runs/impl_1/runme.log
reset_run synth_1
INFO: [Project 1-1161] Replacing file C:/Users/Kobe/Desktop/EE214_Projects/Project 4/KobeBui_EE214_Project4_Shifter/KobeBui_EE214_Project4_Shifter.srcs/utils_1/imports/synth_1/multiplexor.dcp with file C:/Users/Kobe/Desktop/EE214_Projects/Project 4/KobeBui_EE214_Project4_Shifter/KobeBui_EE214_Project4_Shifter.runs/synth_1/shifter_tb.dcp
WARNING: [Vivado 12-1017] Problems encountered:
1. Failed to delete one or more files in run directory C:/Users/Kobe/Desktop/EE214_Projects/Project 4/KobeBui_EE214_Project4_Shifter/KobeBui_EE214_Project4_Shifter.runs/synth_1

launch_runs synth_1 -jobs 8
[Thu Feb 13 11:53:25 2025] Launched synth_1...
Run output will be captured here: C:/Users/Kobe/Desktop/EE214_Projects/Project 4/KobeBui_EE214_Project4_Shifter/KobeBui_EE214_Project4_Shifter.runs/synth_1/runme.log
WARNING: [filemgmt 56-199] Attempt to get parsing info during refresh. "On-the-fly" syntax checking information may be incorrect. [C:\Users\Kobe\Desktop\EE214_Projects\Project 4\KobeBui_EE214_Project4_Shifter\KobeBui_EE214_Project4_Shifter.srcs\sources_1\new\shifter.v:]
WARNING: [filemgmt 56-199] Attempt to get parsing info during refresh. "On-the-fly" syntax checking information may be incorrect. [C:\Users\Kobe\Desktop\EE214_Projects\Project 4\KobeBui_EE214_Project4_Shifter\KobeBui_EE214_Project4_Shifter.srcs\sources_1\new\shifter_tb.v:]
WARNING: [filemgmt 56-199] Attempt to get parsing info during refresh. "On-the-fly" syntax checking information may be incorrect. [C:\Users\Kobe\Desktop\EE214_Projects\Project 4\KobeBui_EE214_Project4_Shifter\KobeBui_EE214_Project4_Shifter.srcs\sources_1\new\shifter_tb.v:]
WARNING: [filemgmt 56-199] Attempt to get parsing info during refresh. "On-the-fly" syntax checking information may be incorrect. [C:\Users\Kobe\Desktop\EE214_Projects\Project 4\KobeBui_EE214_Project4_Shifter\KobeBui_EE214_Project4_Shifter.srcs\sources_1\new\shifter_tb.v:]
ERROR: [Common 17-180] Spawn failed: No error
launch_runs impl_1 -jobs 8
[Thu Feb 13 11:54:53 2025] Launched impl_1...
Run output will be captured here: C:/Users/Kobe/Desktop/EE214_Projects/Project 4/KobeBui_EE214_Project4_Shifter/KobeBui_EE214_Project4_Shifter.runs/impl_1/runme.log
launch_runs impl_1 -to_step write_bitstream -jobs 8
[Thu Feb 13 11:56:48 2025] Launched impl_1...
Run output will be captured here: C:/Users/Kobe/Desktop/EE214_Projects/Project 4/KobeBui_EE214_Project4_Shifter/KobeBui_EE214_Project4_Shifter.runs/impl_1/runme.log
open_hw_manager
connect_hw_server -allow_non_jtag
INFO: [Labtools 27-2285] Connecting to hw_server url TCP:localhost:3121
INFO: [Labtools 27-2222] Launching hw_server...
INFO: [Labtools 27-2221] Launch Output:

****** Xilinx hw_server v2024.2
  **** Build date : Oct 29 2024 at 10:25:41
    ** Copyright 1986-2022 Xilinx, Inc. All Rights Reserved.


INFO: [Labtools 27-3415] Connecting to cs_server url TCP:localhost:0
INFO: [Labtools 27-3417] Launching cs_server...
INFO: [Labtools 27-2221] Launch Output:


******** Xilinx cs_server v2024.2.0
  ****** Build date   : Oct 30 2024-11:19:07
    **** Build number : 2024.2.1730312347
      ** Copyright 2017-2022 Xilinx, Inc. All Rights Reserved.
      ** Copyright 2022-2025 Advanced Micro Devices, Inc. All Rights Reserved.



connect_hw_server: Time (s): cpu = 00:00:00 ; elapsed = 00:00:07 . Memory (MB): peak = 2914.348 ; gain = 0.000
open_hw_target
INFO: [Labtoolstcl 44-466] Opening hw_target localhost:3121/xilinx_tcf/Xilinx/8871422300A9A
set_property PROGRAM.FILE {C:/Users/Kobe/Desktop/EE214_Projects/Project 4/KobeBui_EE214_Project4_Shifter/KobeBui_EE214_Project4_Shifter.runs/impl_1/shifter.bit} [get_hw_devices xc7z007s_1]
current_hw_device [get_hw_devices xc7z007s_1]
refresh_hw_device -update_hw_probes false [lindex [get_hw_devices xc7z007s_1] 0]
INFO: [Labtools 27-1434] Device xc7z007s (JTAG device index = 1) is programmed with a design that has no supported debug core(s) in it.
set_property PROBES.FILE {} [get_hw_devices xc7z007s_1]
set_property FULL_PROBES.FILE {} [get_hw_devices xc7z007s_1]
set_property PROGRAM.FILE {C:/Users/Kobe/Desktop/EE214_Projects/Project 4/KobeBui_EE214_Project4_Shifter/KobeBui_EE214_Project4_Shifter.runs/impl_1/shifter.bit} [get_hw_devices xc7z007s_1]
program_hw_devices [get_hw_devices xc7z007s_1]
INFO: [Labtools 27-3164] End of startup status: HIGH
refresh_hw_device [lindex [get_hw_devices xc7z007s_1] 0]
INFO: [Labtools 27-1434] Device xc7z007s (JTAG device index = 1) is programmed with a design that has no supported debug core(s) in it.
close_project
open_project {C:/Users/Kobe/Desktop/EE214_Projects/Project 4/KobeBui_EE214_Project4_Part_1/KobeBui_EE214_Project4_Part_1.xpr}
INFO: [filemgmt 56-3] Default IP Output Path : Could not find the directory 'C:/Users/Kobe/Desktop/EE214_Projects/Project 4/KobeBui_EE214_Project4_Part_1/KobeBui_EE214_Project4_Part_1.gen/sources_1'.
Scanning sources...
Finished scanning sources
INFO: [IP_Flow 19-234] Refreshing IP repositories
INFO: [IP_Flow 19-1704] No user IP repositories specified
INFO: [IP_Flow 19-2313] Loaded Vivado IP repository 'C:/Xilinx/Vivado/2024.2/data/ip'.
update_compile_order -fileset sources_1
close_project
open_project {C:/Users/Kobe/Desktop/EE214_Projects/Project 4/KobeBui_EE214_Project4_Part2/KobeBui_EE214_Project4_Part2.xpr}
INFO: [filemgmt 56-3] Default IP Output Path : Could not find the directory 'C:/Users/Kobe/Desktop/EE214_Projects/Project 4/KobeBui_EE214_Project4_Part2/KobeBui_EE214_Project4_Part2.gen/sources_1'.
Scanning sources...
Finished scanning sources
INFO: [IP_Flow 19-234] Refreshing IP repositories
INFO: [IP_Flow 19-1704] No user IP repositories specified
INFO: [IP_Flow 19-2313] Loaded Vivado IP repository 'C:/Xilinx/Vivado/2024.2/data/ip'.
open_hw_manager
update_compile_order -fileset sources_1
connect_hw_server -allow_non_jtag
INFO: [Labtools 27-2285] Connecting to hw_server url TCP:localhost:3121
INFO: [Labtools 27-2222] Launching hw_server...
INFO: [Labtools 27-2221] Launch Output:

****** Xilinx hw_server v2024.2
  **** Build date : Oct 29 2024 at 10:25:41
    ** Copyright 1986-2022 Xilinx, Inc. All Rights Reserved.


INFO: [Labtools 27-3415] Connecting to cs_server url TCP:localhost:0
INFO: [Labtools 27-3417] Launching cs_server...
INFO: [Labtools 27-2221] Launch Output:


******** Xilinx cs_server v2024.2.0
  ****** Build date   : Oct 30 2024-11:19:07
    **** Build number : 2024.2.1730312347
      ** Copyright 2017-2022 Xilinx, Inc. All Rights Reserved.
      ** Copyright 2022-2025 Advanced Micro Devices, Inc. All Rights Reserved.



connect_hw_server: Time (s): cpu = 00:00:00 ; elapsed = 00:00:08 . Memory (MB): peak = 2914.348 ; gain = 0.000
open_hw_target
INFO: [Labtoolstcl 44-466] Opening hw_target localhost:3121/xilinx_tcf/Xilinx/8871422300A9A
set_property PROGRAM.FILE {C:/Users/Kobe/Desktop/EE214_Projects/Project 4/KobeBui_EE214_Project4_Part2/KobeBui_EE214_Project4_Part2.runs/impl_1/multiplexor.bit} [get_hw_devices xc7z007s_1]
current_hw_device [get_hw_devices xc7z007s_1]
refresh_hw_device -update_hw_probes false [lindex [get_hw_devices xc7z007s_1] 0]
INFO: [Labtools 27-1434] Device xc7z007s (JTAG device index = 1) is programmed with a design that has no supported debug core(s) in it.
set_property PROBES.FILE {} [get_hw_devices xc7z007s_1]
set_property FULL_PROBES.FILE {} [get_hw_devices xc7z007s_1]
set_property PROGRAM.FILE {C:/Users/Kobe/Desktop/EE214_Projects/Project 4/KobeBui_EE214_Project4_Part2/KobeBui_EE214_Project4_Part2.runs/impl_1/multiplexor.bit} [get_hw_devices xc7z007s_1]
program_hw_devices [get_hw_devices xc7z007s_1]
INFO: [Labtools 27-3164] End of startup status: HIGH
refresh_hw_device [lindex [get_hw_devices xc7z007s_1] 0]
INFO: [Labtools 27-1434] Device xc7z007s (JTAG device index = 1) is programmed with a design that has no supported debug core(s) in it.
close_hw_manager
close_project
open_project {C:/Users/Kobe/Desktop/EE214_Projects/Project 4/KobeBui_EE214_Project4_Part2_Part2/KobeBui_EE214_Project4_Part2_Part2.xpr}
INFO: [ProjectBase 1-489] The host OS only allows 260 characters in a normal path. The project is stored in a path with more than 80 characters. If you experience issues with IP, Block Designs, or files not being found, please consider moving the project to a location with a shorter path. Alternately consider using the OS subst command to map part of the path to a drive letter.
Current project path is 'C:/Users/Kobe/Desktop/EE214_Projects/Project 4/KobeBui_EE214_Project4_Part2_Part2'
INFO: [filemgmt 56-3] Default IP Output Path : Could not find the directory 'C:/Users/Kobe/Desktop/EE214_Projects/Project 4/KobeBui_EE214_Project4_Part2_Part2/KobeBui_EE214_Project4_Part2_Part2.gen/sources_1'.
Scanning sources...
Finished scanning sources
INFO: [IP_Flow 19-234] Refreshing IP repositories
INFO: [IP_Flow 19-1704] No user IP repositories specified
INFO: [IP_Flow 19-2313] Loaded Vivado IP repository 'C:/Xilinx/Vivado/2024.2/data/ip'.
update_compile_order -fileset sources_1
launch_simulation
Command: launch_simulation 
INFO: [Vivado 12-12493] Simulation top is 'multiplexor_tb'
WARNING: [Vivado 12-13340] Unable to auto find GCC executables from simulator install path! (path not set)
INFO: [Vivado 12-5682] Launching behavioral simulation in 'C:/Users/Kobe/Desktop/EE214_Projects/Project 4/KobeBui_EE214_Project4_Part2_Part2/KobeBui_EE214_Project4_Part2_Part2.sim/sim_1/behav/xsim'
INFO: [SIM-utils-51] Simulation object is 'sim_1'
INFO: [SIM-utils-72] Using boost library from 'C:/Xilinx/Vivado/2024.2/tps/boost_1_72_0'
INFO: [SIM-utils-54] Inspecting design source files for 'multiplexor_tb' in fileset 'sim_1'...
INFO: [USF-XSim-97] Finding global include files...
INFO: [USF-XSim-98] Fetching design files from 'sim_1'...
INFO: [USF-XSim-2] XSim::Compile design
INFO: [USF-XSim-61] Executing 'COMPILE and ANALYZE' step in 'C:/Users/Kobe/Desktop/EE214_Projects/Project 4/KobeBui_EE214_Project4_Part2_Part2/KobeBui_EE214_Project4_Part2_Part2.sim/sim_1/behav/xsim'
"xvlog --incr --relax -prj multiplexor_tb_vlog.prj"
INFO: [USF-XSim-69] 'compile' step finished in '3' seconds
INFO: [USF-XSim-3] XSim::Elaborate design
INFO: [USF-XSim-61] Executing 'ELABORATE' step in 'C:/Users/Kobe/Desktop/EE214_Projects/Project 4/KobeBui_EE214_Project4_Part2_Part2/KobeBui_EE214_Project4_Part2_Part2.sim/sim_1/behav/xsim'
"xelab --incr --debug typical --relax --mt 2 -L xil_defaultlib -L unisims_ver -L unimacro_ver -L secureip --snapshot multiplexor_tb_behav xil_defaultlib.multiplexor_tb xil_defaultlib.glbl -log elaborate.log"
Vivado Simulator v2024.2.0
Copyright 1986-2022 Xilinx, Inc. All Rights Reserved.
Copyright 2022-2024 Advanced Micro Devices, Inc. All Rights Reserved.
Running: C:/Xilinx/Vivado/2024.2/bin/unwrapped/win64.o/xelab.exe --incr --debug typical --relax --mt 2 -L xil_defaultlib -L unisims_ver -L unimacro_ver -L secureip --snapshot multiplexor_tb_behav xil_defaultlib.multiplexor_tb xil_defaultlib.glbl -log elaborate.log 
Using 2 slave threads.
Starting static elaboration
Pass Through NonSizing Optimizer
Completed static elaboration
INFO: [XSIM 43-4323] No Change in HDL. Linking previously generated obj files to create kernel
INFO: [USF-XSim-69] 'elaborate' step finished in '3' seconds
INFO: [USF-XSim-4] XSim::Simulate design
INFO: [USF-XSim-61] Executing 'SIMULATE' step in 'C:/Users/Kobe/Desktop/EE214_Projects/Project 4/KobeBui_EE214_Project4_Part2_Part2/KobeBui_EE214_Project4_Part2_Part2.sim/sim_1/behav/xsim'
INFO: [USF-XSim-98] *** Running xsim
   with args "multiplexor_tb_behav -key {Behavioral:sim_1:Functional:multiplexor_tb} -tclbatch {multiplexor_tb.tcl} -view {{C:/Users/Kobe/Desktop/EE214_Projects/Project 4/KobeBui_EE214_Project4_Part2_Part2/multiplexor_tb_behav.wcfg}} -log {simulate.log}"
INFO: [USF-XSim-8] Loading simulator feature
Time resolution is 1 ps
open_wave_config {C:/Users/Kobe/Desktop/EE214_Projects/Project 4/KobeBui_EE214_Project4_Part2_Part2/multiplexor_tb_behav.wcfg}
source multiplexor_tb.tcl
# set curr_wave [current_wave_config]
# if { [string length $curr_wave] == 0 } {
#   if { [llength [get_objects]] > 0} {
#     add_wave /
#     set_property needs_save false [current_wave_config]
#   } else {
#      send_msg_id Add_Wave-1 WARNING "No top level signals found. Simulator will start without a wave window. If you want to open a wave window go to 'File->New Waveform Configuration' or type 'create_wave_config' in the TCL console."
#   }
# }
# run 15000ns
$finish called at time : 90 ns : File "C:/Users/Kobe/Desktop/EE214_Projects/Project 4/KobeBui_EE214_Project4_Part2_Part2/KobeBui_EE214_Project4_Part2_Part2.srcs/sources_1/new/multiplexor_tb.v" Line 50
xsim: Time (s): cpu = 00:00:02 ; elapsed = 00:00:07 . Memory (MB): peak = 2914.348 ; gain = 0.000
INFO: [USF-XSim-96] XSim completed. Design snapshot 'multiplexor_tb_behav' loaded.
INFO: [USF-XSim-97] XSim simulation ran for 15000ns
launch_simulation: Time (s): cpu = 00:00:03 ; elapsed = 00:00:13 . Memory (MB): peak = 2914.348 ; gain = 0.000
close_sim
INFO: [Simtcl 6-16] Simulation closed
close_project
open_project {C:/Users/Kobe/Desktop/EE214_Projects/Project 4/KobeBui_EE214_Project4_Decoder/KobeBui_EE214_Project4_Decoder.xpr}
INFO: [filemgmt 56-3] Default IP Output Path : Could not find the directory 'C:/Users/Kobe/Desktop/EE214_Projects/Project 4/KobeBui_EE214_Project4_Decoder/KobeBui_EE214_Project4_Decoder.gen/sources_1'.
Scanning sources...
Finished scanning sources
INFO: [IP_Flow 19-234] Refreshing IP repositories
INFO: [IP_Flow 19-1704] No user IP repositories specified
INFO: [IP_Flow 19-2313] Loaded Vivado IP repository 'C:/Xilinx/Vivado/2024.2/data/ip'.
update_compile_order -fileset sources_1
open_hw_manager
connect_hw_server -allow_non_jtag
INFO: [Labtools 27-2285] Connecting to hw_server url TCP:localhost:3121
INFO: [Labtools 27-2222] Launching hw_server...
INFO: [Labtools 27-2221] Launch Output:

****** Xilinx hw_server v2024.2
  **** Build date : Oct 29 2024 at 10:25:41
    ** Copyright 1986-2022 Xilinx, Inc. All Rights Reserved.


INFO: [Labtools 27-3415] Connecting to cs_server url TCP:localhost:0
INFO: [Labtools 27-3417] Launching cs_server...
INFO: [Labtools 27-2221] Launch Output:


******** Xilinx cs_server v2024.2.0
  ****** Build date   : Oct 30 2024-11:19:07
    **** Build number : 2024.2.1730312347
      ** Copyright 2017-2022 Xilinx, Inc. All Rights Reserved.
      ** Copyright 2022-2025 Advanced Micro Devices, Inc. All Rights Reserved.



connect_hw_server: Time (s): cpu = 00:00:00 ; elapsed = 00:00:10 . Memory (MB): peak = 2914.348 ; gain = 0.000
open_hw_target
INFO: [Labtoolstcl 44-466] Opening hw_target localhost:3121/xilinx_tcf/Xilinx/8871422300A9A
set_property PROGRAM.FILE {C:/Users/Kobe/Desktop/EE214_Projects/Project 4/KobeBui_EE214_Project4_Decoder/KobeBui_EE214_Project4_Decoder.runs/impl_1/decoder.bit} [get_hw_devices xc7z007s_1]
current_hw_device [get_hw_devices xc7z007s_1]
refresh_hw_device -update_hw_probes false [lindex [get_hw_devices xc7z007s_1] 0]
INFO: [Labtools 27-1434] Device xc7z007s (JTAG device index = 1) is programmed with a design that has no supported debug core(s) in it.
set_property PROBES.FILE {} [get_hw_devices xc7z007s_1]
set_property FULL_PROBES.FILE {} [get_hw_devices xc7z007s_1]
set_property PROGRAM.FILE {C:/Users/Kobe/Desktop/EE214_Projects/Project 4/KobeBui_EE214_Project4_Decoder/KobeBui_EE214_Project4_Decoder.runs/impl_1/decoder.bit} [get_hw_devices xc7z007s_1]
program_hw_devices [get_hw_devices xc7z007s_1]
INFO: [Labtools 27-3164] End of startup status: HIGH
refresh_hw_device [lindex [get_hw_devices xc7z007s_1] 0]
INFO: [Labtools 27-1434] Device xc7z007s (JTAG device index = 1) is programmed with a design that has no supported debug core(s) in it.
close_project
open_project {C:/Users/Kobe/Desktop/EE214_Projects/Project 4/KobeBui_EE214_Project4_Encoder/KobeBui_EE214_Project4_Encoder.xpr}
INFO: [filemgmt 56-3] Default IP Output Path : Could not find the directory 'C:/Users/Kobe/Desktop/EE214_Projects/Project 4/KobeBui_EE214_Project4_Encoder/KobeBui_EE214_Project4_Encoder.gen/sources_1'.
Scanning sources...
Finished scanning sources
INFO: [IP_Flow 19-234] Refreshing IP repositories
INFO: [IP_Flow 19-1704] No user IP repositories specified
INFO: [IP_Flow 19-2313] Loaded Vivado IP repository 'C:/Xilinx/Vivado/2024.2/data/ip'.
update_compile_order -fileset sources_1
launch_simulation
Command: launch_simulation 
INFO: [Vivado 12-12493] Simulation top is 'encoder_t'
WARNING: [Vivado 12-13340] Unable to auto find GCC executables from simulator install path! (path not set)
INFO: [Vivado 12-5682] Launching behavioral simulation in 'C:/Users/Kobe/Desktop/EE214_Projects/Project 4/KobeBui_EE214_Project4_Encoder/KobeBui_EE214_Project4_Encoder.sim/sim_1/behav/xsim'
INFO: [SIM-utils-51] Simulation object is 'sim_1'
INFO: [SIM-utils-72] Using boost library from 'C:/Xilinx/Vivado/2024.2/tps/boost_1_72_0'
INFO: [SIM-utils-54] Inspecting design source files for 'encoder_t' in fileset 'sim_1'...
INFO: [USF-XSim-97] Finding global include files...
INFO: [USF-XSim-98] Fetching design files from 'sim_1'...
INFO: [USF-XSim-2] XSim::Compile design
INFO: [USF-XSim-61] Executing 'COMPILE and ANALYZE' step in 'C:/Users/Kobe/Desktop/EE214_Projects/Project 4/KobeBui_EE214_Project4_Encoder/KobeBui_EE214_Project4_Encoder.sim/sim_1/behav/xsim'
"xvlog --incr --relax -prj encoder_t_vlog.prj"
INFO: [USF-XSim-69] 'compile' step finished in '4' seconds
INFO: [USF-XSim-3] XSim::Elaborate design
INFO: [USF-XSim-61] Executing 'ELABORATE' step in 'C:/Users/Kobe/Desktop/EE214_Projects/Project 4/KobeBui_EE214_Project4_Encoder/KobeBui_EE214_Project4_Encoder.sim/sim_1/behav/xsim'
"xelab --incr --debug typical --relax --mt 2 -L xil_defaultlib -L unisims_ver -L unimacro_ver -L secureip --snapshot encoder_t_behav xil_defaultlib.encoder_t xil_defaultlib.glbl -log elaborate.log"
Vivado Simulator v2024.2.0
Copyright 1986-2022 Xilinx, Inc. All Rights Reserved.
Copyright 2022-2024 Advanced Micro Devices, Inc. All Rights Reserved.
Running: C:/Xilinx/Vivado/2024.2/bin/unwrapped/win64.o/xelab.exe --incr --debug typical --relax --mt 2 -L xil_defaultlib -L unisims_ver -L unimacro_ver -L secureip --snapshot encoder_t_behav xil_defaultlib.encoder_t xil_defaultlib.glbl -log elaborate.log 
Using 2 slave threads.
Starting static elaboration
Pass Through NonSizing Optimizer
WARNING: [VRFC 10-3091] actual bit length 2 differs from formal bit length 3 for port 'Y' [C:/Users/Kobe/Desktop/EE214_Projects/Project 4/KobeBui_EE214_Project4_Encoder/KobeBui_EE214_Project4_Encoder.srcs/sources_1/new/encoder_tb.v:30]
Completed static elaboration
INFO: [XSIM 43-4323] No Change in HDL. Linking previously generated obj files to create kernel
INFO: [USF-XSim-69] 'elaborate' step finished in '5' seconds
INFO: [USF-XSim-4] XSim::Simulate design
INFO: [USF-XSim-61] Executing 'SIMULATE' step in 'C:/Users/Kobe/Desktop/EE214_Projects/Project 4/KobeBui_EE214_Project4_Encoder/KobeBui_EE214_Project4_Encoder.sim/sim_1/behav/xsim'
INFO: [USF-XSim-98] *** Running xsim
   with args "encoder_t_behav -key {Behavioral:sim_1:Functional:encoder_t} -tclbatch {encoder_t.tcl} -view {{C:/Users/Kobe/Desktop/EE214_Projects/Project 4/KobeBui_EE214_Project4_Encoder/encoder_t_behav.wcfg}} -log {simulate.log}"
INFO: [USF-XSim-8] Loading simulator feature
Time resolution is 1 ps
open_wave_config {C:/Users/Kobe/Desktop/EE214_Projects/Project 4/KobeBui_EE214_Project4_Encoder/encoder_t_behav.wcfg}
source encoder_t.tcl
# set curr_wave [current_wave_config]
# if { [string length $curr_wave] == 0 } {
#   if { [llength [get_objects]] > 0} {
#     add_wave /
#     set_property needs_save false [current_wave_config]
#   } else {
#      send_msg_id Add_Wave-1 WARNING "No top level signals found. Simulator will start without a wave window. If you want to open a wave window go to 'File->New Waveform Configuration' or type 'create_wave_config' in the TCL console."
#   }
# }
# run 15000ns
$finish called at time : 320 ns : File "C:/Users/Kobe/Desktop/EE214_Projects/Project 4/KobeBui_EE214_Project4_Encoder/KobeBui_EE214_Project4_Encoder.srcs/sources_1/new/encoder_tb.v" Line 45
xsim: Time (s): cpu = 00:00:02 ; elapsed = 00:00:06 . Memory (MB): peak = 2914.348 ; gain = 0.000
INFO: [USF-XSim-96] XSim completed. Design snapshot 'encoder_t_behav' loaded.
INFO: [USF-XSim-97] XSim simulation ran for 15000ns
launch_simulation: Time (s): cpu = 00:00:03 ; elapsed = 00:00:17 . Memory (MB): peak = 2914.348 ; gain = 0.000
close_sim
INFO: [Simtcl 6-16] Simulation closed
exit
INFO: [Common 17-206] Exiting Vivado at Thu Feb 13 12:08:35 2025...
