Copyright 1986-2022 Xilinx, Inc. All Rights Reserved. Copyright 2022-2024 Advanced Micro Devices, Inc. All Rights Reserved.
---------------------------------------------------------------------------------------------------------------------------------------------
| Tool Version : Vivado v.2024.2 (win64) Build 5239630 Fri Nov 08 22:35:27 MST 2024
| Date         : Thu Mar 27 07:33:52 2025
| Host         : Kobe_Jr running 64-bit major release  (build 9200)
| Command      : report_drc -file BCD_wrapper_drc_routed.rpt -pb BCD_wrapper_drc_routed.pb -rpx BCD_wrapper_drc_routed.rpx
| Design       : BCD_wrapper
| Device       : xc7z007sclg400-1
| Speed File   : -1
| Design State : Fully Routed
---------------------------------------------------------------------------------------------------------------------------------------------

Report DRC

Table of Contents
-----------------
1. REPORT SUMMARY
2. REPORT DETAILS

1. REPORT SUMMARY
-----------------
            Netlist: netlist
          Floorplan: design_1
      Design limits: <entire design considered>
           Ruledeck: default
             Max checks: <unlimited>
             Checks found: 2
+----------+----------+--------------------+--------+
| Rule     | Severity | Description        | Checks |
+----------+----------+--------------------+--------+
| PDRC-153 | Warning  | Gated clock check  | 1      |
| ZPS7-1   | Warning  | PS7 block required | 1      |
+----------+----------+--------------------+--------+

2. REPORT DETAILS
-----------------
PDRC-153#1 Warning
Gated clock check  
Net nolabel_line36/segs_inferred__0/i__n_0 is a gated clock net sourced by a combinational pin nolabel_line36/segs_inferred__0/i_/O, cell nolabel_line36/segs_inferred__0/i_. This is not good design practice and will likely impact performance. For SLICE registers, for example, use the CE pin to control the loading of data.
Related violations: <none>

ZPS7-1#1 Warning
PS7 block required  
The PS7 cell must be used in this Zynq design in order to enable correct default configuration.
Related violations: <none>


