Copyright 1986-2022 Xilinx, Inc. All Rights Reserved. Copyright 2022-2024 Advanced Micro Devices, Inc. All Rights Reserved.
---------------------------------------------------------------------------------------------------------------------------------------------------------------------------------------------------------------------------------------------------
| Tool Version : Vivado v.2024.2 (win64) Build 5239630 Fri Nov 08 22:35:27 MST 2024
| Date         : Thu Feb  6 12:05:44 2025
| Host         : Kobe_Jr running 64-bit major release  (build 9200)
| Command      : report_timing_summary -max_paths 10 -report_unconstrained -file DashboardIndicator_timing_summary_routed.rpt -pb DashboardIndicator_timing_summary_routed.pb -rpx DashboardIndicator_timing_summary_routed.rpx -warn_on_violation
| Design       : DashboardIndicator
| Device       : 7z007s-clg400
| Speed File   : -1  PRODUCTION 1.12 2019-11-22
| Design State : Routed
---------------------------------------------------------------------------------------------------------------------------------------------------------------------------------------------------------------------------------------------------

Timing Summary Report

------------------------------------------------------------------------------------------------
| Timer Settings
| --------------
------------------------------------------------------------------------------------------------

  Enable Multi Corner Analysis               :  Yes
  Enable Pessimism Removal                   :  Yes
  Pessimism Removal Resolution               :  Nearest Common Node
  Enable Input Delay Default Clock           :  No
  Enable Preset / Clear Arcs                 :  No
  Disable Flight Delays                      :  No
  Ignore I/O Paths                           :  No
  Timing Early Launch at Borrowing Latches   :  No
  Borrow Time for Max Delay Exceptions       :  Yes
  Merge Timing Exceptions                    :  Yes
  Inter-SLR Compensation                     :  Conservative

  Corner  Analyze    Analyze    
  Name    Max Paths  Min Paths  
  ------  ---------  ---------  
  Slow    Yes        Yes        
  Fast    Yes        Yes        


------------------------------------------------------------------------------------------------
| Report Methodology
| ------------------
------------------------------------------------------------------------------------------------

No report available as report_methodology has not been run prior. Run report_methodology on the current design for the summary of methodology violations.



check_timing report

Table of Contents
-----------------
1. checking no_clock (0)
2. checking constant_clock (0)
3. checking pulse_width_clock (0)
4. checking unconstrained_internal_endpoints (0)
5. checking no_input_delay (0)
6. checking no_output_delay (0)
7. checking multiple_clock (0)
8. checking generated_clocks (0)
9. checking loops (0)
10. checking partial_input_delay (0)
11. checking partial_output_delay (0)
12. checking latch_loops (0)

1. checking no_clock (0)
------------------------
 There are 0 register/latch pins with no clock.


2. checking constant_clock (0)
------------------------------
 There are 0 register/latch pins with constant_clock.


3. checking pulse_width_clock (0)
---------------------------------
 There are 0 register/latch pins which need pulse_width check


4. checking unconstrained_internal_endpoints (0)
------------------------------------------------
 There are 0 pins that are not constrained for maximum delay.

 There are 0 pins that are not constrained for maximum delay due to constant clock.


5. checking no_input_delay (0)
------------------------------
 There are 0 input ports with no input delay specified.

 There are 0 input ports with no input delay but user has a false path constraint.


6. checking no_output_delay (0)
-------------------------------
 There are 0 ports with no output delay specified.

 There are 0 ports with no output delay but user has a false path constraint

 There are 0 ports with no output delay but with a timing clock defined on it or propagating through it


7. checking multiple_clock (0)
------------------------------
 There are 0 register/latch pins with multiple clocks.


8. checking generated_clocks (0)
--------------------------------
 There are 0 generated clocks that are not connected to a clock source.


9. checking loops (0)
---------------------
 There are 0 combinational loops in the design.


10. checking partial_input_delay (0)
------------------------------------
 There are 0 input ports with partial input delay specified.


11. checking partial_output_delay (0)
-------------------------------------
 There are 0 ports with partial output delay specified.


12. checking latch_loops (0)
----------------------------
 There are 0 combinational latch loops in the design through latch input



------------------------------------------------------------------------------------------------
| Design Timing Summary
| ---------------------
------------------------------------------------------------------------------------------------

    WNS(ns)      TNS(ns)  TNS Failing Endpoints  TNS Total Endpoints      WHS(ns)      THS(ns)  THS Failing Endpoints  THS Total Endpoints     WPWS(ns)     TPWS(ns)  TPWS Failing Endpoints  TPWS Total Endpoints  
    -------      -------  ---------------------  -------------------      -------      -------  ---------------------  -------------------     --------     --------  ----------------------  --------------------  
        inf        0.000                      0                    3          inf        0.000                      0                    3           NA           NA                      NA                    NA  


There are no user specified timing constraints.


------------------------------------------------------------------------------------------------
| Clock Summary
| -------------
------------------------------------------------------------------------------------------------


------------------------------------------------------------------------------------------------
| Intra Clock Table
| -----------------
------------------------------------------------------------------------------------------------

Clock             WNS(ns)      TNS(ns)  TNS Failing Endpoints  TNS Total Endpoints      WHS(ns)      THS(ns)  THS Failing Endpoints  THS Total Endpoints     WPWS(ns)     TPWS(ns)  TPWS Failing Endpoints  TPWS Total Endpoints  
-----             -------      -------  ---------------------  -------------------      -------      -------  ---------------------  -------------------     --------     --------  ----------------------  --------------------  


------------------------------------------------------------------------------------------------
| Inter Clock Table
| -----------------
------------------------------------------------------------------------------------------------

From Clock    To Clock          WNS(ns)      TNS(ns)  TNS Failing Endpoints  TNS Total Endpoints      WHS(ns)      THS(ns)  THS Failing Endpoints  THS Total Endpoints  
----------    --------          -------      -------  ---------------------  -------------------      -------      -------  ---------------------  -------------------  


------------------------------------------------------------------------------------------------
| Other Path Groups Table
| -----------------------
------------------------------------------------------------------------------------------------

Path Group    From Clock    To Clock          WNS(ns)      TNS(ns)  TNS Failing Endpoints  TNS Total Endpoints      WHS(ns)      THS(ns)  THS Failing Endpoints  THS Total Endpoints  
----------    ----------    --------          -------      -------  ---------------------  -------------------      -------      -------  ---------------------  -------------------  


------------------------------------------------------------------------------------------------
| User Ignored Path Table
| -----------------------
------------------------------------------------------------------------------------------------

Path Group    From Clock    To Clock    
----------    ----------    --------    


------------------------------------------------------------------------------------------------
| Unconstrained Path Table
| ------------------------
------------------------------------------------------------------------------------------------

Path Group    From Clock    To Clock    
----------    ----------    --------    
(none)                                    


------------------------------------------------------------------------------------------------
| Timing Details
| --------------
------------------------------------------------------------------------------------------------


--------------------------------------------------------------------------------------
Path Group:  (none)
From Clock:  
  To Clock:  

Max Delay             3 Endpoints
Min Delay             3 Endpoints
--------------------------------------------------------------------------------------


Max Delay Paths
--------------------------------------------------------------------------------------
Slack:                    inf
  Source:                 sw[3]
                            (input port)
  Destination:            RGB_led_A[0]
                            (output port)
  Path Group:             (none)
  Path Type:              Max at Slow Process Corner
  Data Path Delay:        9.998ns  (logic 5.354ns (53.550%)  route 4.644ns (46.450%))
  Logic Levels:           3  (IBUF=1 LUT5=1 OBUF=1)

    Location             Delay type                Incr(ns)  Path(ns)    Netlist Resource(s)
  -------------------------------------------------------------------    -------------------
    N16                                               0.000     0.000 r  sw[3] (IN)
                         net (fo=0)                   0.000     0.000    sw[3]
    N16                  IBUF (Prop_ibuf_I_O)         1.474     1.474 r  sw_IBUF[3]_inst/O
                         net (fo=2, routed)           2.404     3.878    sw_IBUF[3]
    SLICE_X43Y19         LUT5 (Prop_lut5_I4_O)        0.150     4.028 r  RGB_led_A_OBUF[1]_inst_i_1/O
                         net (fo=2, routed)           2.240     6.268    RGB_led_A_OBUF[0]
    W18                  OBUF (Prop_obuf_I_O)         3.730     9.998 r  RGB_led_A_OBUF[0]_inst/O
                         net (fo=0)                   0.000     9.998    RGB_led_A[0]
    W18                                                               r  RGB_led_A[0] (OUT)
  -------------------------------------------------------------------    -------------------

Slack:                    inf
  Source:                 sw[3]
                            (input port)
  Destination:            RGB_led_B[0]
                            (output port)
  Path Group:             (none)
  Path Type:              Max at Slow Process Corner
  Data Path Delay:        9.793ns  (logic 5.238ns (53.489%)  route 4.555ns (46.511%))
  Logic Levels:           3  (IBUF=1 LUT5=1 OBUF=1)

    Location             Delay type                Incr(ns)  Path(ns)    Netlist Resource(s)
  -------------------------------------------------------------------    -------------------
    N16                                               0.000     0.000 r  sw[3] (IN)
                         net (fo=0)                   0.000     0.000    sw[3]
    N16                  IBUF (Prop_ibuf_I_O)         1.474     1.474 r  sw_IBUF[3]_inst/O
                         net (fo=2, routed)           2.404     3.878    sw_IBUF[3]
    SLICE_X43Y19         LUT5 (Prop_lut5_I1_O)        0.124     4.002 r  RGB_led_B_OBUF[0]_inst_i_1/O
                         net (fo=1, routed)           2.151     6.153    RGB_led_B_OBUF[0]
    Y14                  OBUF (Prop_obuf_I_O)         3.640     9.793 r  RGB_led_B_OBUF[0]_inst/O
                         net (fo=0)                   0.000     9.793    RGB_led_B[0]
    Y14                                                               r  RGB_led_B[0] (OUT)
  -------------------------------------------------------------------    -------------------

Slack:                    inf
  Source:                 sw[3]
                            (input port)
  Destination:            RGB_led_A[1]
                            (output port)
  Path Group:             (none)
  Path Type:              Max at Slow Process Corner
  Data Path Delay:        9.646ns  (logic 5.357ns (55.535%)  route 4.289ns (44.465%))
  Logic Levels:           3  (IBUF=1 LUT5=1 OBUF=1)

    Location             Delay type                Incr(ns)  Path(ns)    Netlist Resource(s)
  -------------------------------------------------------------------    -------------------
    N16                                               0.000     0.000 r  sw[3] (IN)
                         net (fo=0)                   0.000     0.000    sw[3]
    N16                  IBUF (Prop_ibuf_I_O)         1.474     1.474 r  sw_IBUF[3]_inst/O
                         net (fo=2, routed)           2.404     3.878    sw_IBUF[3]
    SLICE_X43Y19         LUT5 (Prop_lut5_I4_O)        0.150     4.028 r  RGB_led_A_OBUF[1]_inst_i_1/O
                         net (fo=2, routed)           1.886     5.913    RGB_led_A_OBUF[0]
    W16                  OBUF (Prop_obuf_I_O)         3.733     9.646 r  RGB_led_A_OBUF[1]_inst/O
                         net (fo=0)                   0.000     9.646    RGB_led_A[1]
    W16                                                               r  RGB_led_A[1] (OUT)
  -------------------------------------------------------------------    -------------------





Min Delay Paths
--------------------------------------------------------------------------------------
Slack:                    inf
  Source:                 sw[0]
                            (input port)
  Destination:            RGB_led_A[1]
                            (output port)
  Path Group:             (none)
  Path Type:              Min at Fast Process Corner
  Data Path Delay:        2.525ns  (logic 1.551ns (61.428%)  route 0.974ns (38.572%))
  Logic Levels:           3  (IBUF=1 LUT5=1 OBUF=1)

    Location             Delay type                Incr(ns)  Path(ns)    Netlist Resource(s)
  -------------------------------------------------------------------    -------------------
    R17                                               0.000     0.000 r  sw[0] (IN)
                         net (fo=0)                   0.000     0.000    sw[0]
    R17                  IBUF (Prop_ibuf_I_O)         0.215     0.215 r  sw_IBUF[0]_inst/O
                         net (fo=2, routed)           0.535     0.750    sw_IBUF[0]
    SLICE_X43Y19         LUT5 (Prop_lut5_I3_O)        0.042     0.792 r  RGB_led_A_OBUF[1]_inst_i_1/O
                         net (fo=2, routed)           0.439     1.231    RGB_led_A_OBUF[0]
    W16                  OBUF (Prop_obuf_I_O)         1.294     2.525 r  RGB_led_A_OBUF[1]_inst/O
                         net (fo=0)                   0.000     2.525    RGB_led_A[1]
    W16                                                               r  RGB_led_A[1] (OUT)
  -------------------------------------------------------------------    -------------------

Slack:                    inf
  Source:                 sw[0]
                            (input port)
  Destination:            RGB_led_A[0]
                            (output port)
  Path Group:             (none)
  Path Type:              Min at Fast Process Corner
  Data Path Delay:        2.668ns  (logic 1.548ns (58.003%)  route 1.121ns (41.997%))
  Logic Levels:           3  (IBUF=1 LUT5=1 OBUF=1)

    Location             Delay type                Incr(ns)  Path(ns)    Netlist Resource(s)
  -------------------------------------------------------------------    -------------------
    R17                                               0.000     0.000 r  sw[0] (IN)
                         net (fo=0)                   0.000     0.000    sw[0]
    R17                  IBUF (Prop_ibuf_I_O)         0.215     0.215 r  sw_IBUF[0]_inst/O
                         net (fo=2, routed)           0.535     0.750    sw_IBUF[0]
    SLICE_X43Y19         LUT5 (Prop_lut5_I3_O)        0.042     0.792 r  RGB_led_A_OBUF[1]_inst_i_1/O
                         net (fo=2, routed)           0.585     1.378    RGB_led_A_OBUF[0]
    W18                  OBUF (Prop_obuf_I_O)         1.291     2.668 r  RGB_led_A_OBUF[0]_inst/O
                         net (fo=0)                   0.000     2.668    RGB_led_A[0]
    W18                                                               r  RGB_led_A[0] (OUT)
  -------------------------------------------------------------------    -------------------

Slack:                    inf
  Source:                 sw[0]
                            (input port)
  Destination:            RGB_led_B[0]
                            (output port)
  Path Group:             (none)
  Path Type:              Min at Fast Process Corner
  Data Path Delay:        2.701ns  (logic 1.600ns (59.248%)  route 1.101ns (40.752%))
  Logic Levels:           3  (IBUF=1 LUT5=1 OBUF=1)

    Location             Delay type                Incr(ns)  Path(ns)    Netlist Resource(s)
  -------------------------------------------------------------------    -------------------
    R17                                               0.000     0.000 r  sw[0] (IN)
                         net (fo=0)                   0.000     0.000    sw[0]
    R17                  IBUF (Prop_ibuf_I_O)         0.215     0.215 r  sw_IBUF[0]_inst/O
                         net (fo=2, routed)           0.535     0.750    sw_IBUF[0]
    SLICE_X43Y19         LUT5 (Prop_lut5_I3_O)        0.045     0.795 r  RGB_led_B_OBUF[0]_inst_i_1/O
                         net (fo=1, routed)           0.565     1.361    RGB_led_B_OBUF[0]
    Y14                  OBUF (Prop_obuf_I_O)         1.340     2.701 r  RGB_led_B_OBUF[0]_inst/O
                         net (fo=0)                   0.000     2.701    RGB_led_B[0]
    Y14                                                               r  RGB_led_B[0] (OUT)
  -------------------------------------------------------------------    -------------------





