
*** Running vivado
    with args -log BCD_wrapper.vds -m64 -product Vivado -mode batch -messageDb vivado.pb -notrace -source BCD_wrapper.tcl



****** Vivado v2024.2 (64-bit)
  **** SW Build 5239630 on Fri Nov 08 22:35:27 MST 2024
  **** IP Build 5239520 on Sun Nov 10 16:12:51 MST 2024
  **** SharedData Build 5239561 on Fri Nov 08 14:39:27 MST 2024
  **** Start of session at: Thu Mar 27 07:31:44 2025
    ** Copyright 1986-2022 Xilinx, Inc. All Rights Reserved.
    ** Copyright 2022-2024 Advanced Micro Devices, Inc. All Rights Reserved.

source BCD_wrapper.tcl -notrace
create_project: Time (s): cpu = 00:00:07 ; elapsed = 00:00:08 . Memory (MB): peak = 618.828 ; gain = 190.125
Command: read_checkpoint -auto_incremental -incremental {C:/Users/Kobe/Desktop/EE214_Projects/Project 8/KobeBui_EE214_Project8_Part4/KobeBui_EE214_Project8_Part4.srcs/utils_1/imports/synth_1/counter.dcp}
INFO: [Vivado 12-5825] Read reference checkpoint from C:/Users/Kobe/Desktop/EE214_Projects/Project 8/KobeBui_EE214_Project8_Part4/KobeBui_EE214_Project8_Part4.srcs/utils_1/imports/synth_1/counter.dcp for incremental synthesis
INFO: [Vivado 12-7989] Please ensure there are no constraint changes
Command: synth_design -top BCD_wrapper -part xc7z007sclg400-1
Starting synth_design
Attempting to get a license for feature 'Synthesis' and/or device 'xc7z007s'
INFO: [Common 17-349] Got license for feature 'Synthesis' and/or device 'xc7z007s'
INFO: [Device 21-403] Loading part xc7z007sclg400-1
INFO: [Designutils 20-5440] No compile time benefit to using incremental synthesis; A full resynthesis will be run
INFO: [Designutils 20-4379] Flow is switching to default flow due to incremental criteria not met. If you would like to alter this behaviour and have the flow terminate instead, please set the following parameter config_implementation {autoIncr.Synth.RejectBehavior Terminate}
INFO: [Synth 8-7079] Multithreading enabled for synth_design using a maximum of 2 processes.
INFO: [Synth 8-7078] Launching helper process for spawning children vivado processes
INFO: [Synth 8-7075] Helper process launched with PID 26708
---------------------------------------------------------------------------------
Starting RTL Elaboration : Time (s): cpu = 00:00:05 ; elapsed = 00:00:05 . Memory (MB): peak = 1302.430 ; gain = 469.555
---------------------------------------------------------------------------------
INFO: [Synth 8-6157] synthesizing module 'BCD_wrapper' [C:/Users/Kobe/Desktop/EE214_Projects/Project 8/KobeBui_EE214_Project8_Part4/KobeBui_EE214_Project8_Part4.srcs/sources_1/new/BCD_wrapper.v:23]
INFO: [Synth 8-6157] synthesizing module 'clk_divider' [C:/Users/Kobe/Desktop/EE214_Projects/Project 8/KobeBui_EE214_Project8_Part4/KobeBui_EE214_Project8_Part4.srcs/sources_1/new/clk_divider.v:23]
INFO: [Synth 8-6155] done synthesizing module 'clk_divider' (0#1) [C:/Users/Kobe/Desktop/EE214_Projects/Project 8/KobeBui_EE214_Project8_Part4/KobeBui_EE214_Project8_Part4.srcs/sources_1/new/clk_divider.v:23]
INFO: [Synth 8-6157] synthesizing module 'BCD' [C:/Users/Kobe/Desktop/EE214_Projects/Project 8/KobeBui_EE214_Project8_Part4/KobeBui_EE214_Project8_Part4.srcs/sources_1/new/BCD.v:23]
INFO: [Synth 8-6155] done synthesizing module 'BCD' (0#1) [C:/Users/Kobe/Desktop/EE214_Projects/Project 8/KobeBui_EE214_Project8_Part4/KobeBui_EE214_Project8_Part4.srcs/sources_1/new/BCD.v:23]
INFO: [Synth 8-6157] synthesizing module 'sev_seg' [C:/Users/Kobe/Desktop/EE214_Projects/Project 8/KobeBui_EE214_Project8_Part4/KobeBui_EE214_Project8_Part4.srcs/sources_1/new/sev_seg.v:23]
INFO: [Synth 8-155] case statement is not full and has no default [C:/Users/Kobe/Desktop/EE214_Projects/Project 8/KobeBui_EE214_Project8_Part4/KobeBui_EE214_Project8_Part4.srcs/sources_1/new/sev_seg.v:30]
INFO: [Synth 8-6155] done synthesizing module 'sev_seg' (0#1) [C:/Users/Kobe/Desktop/EE214_Projects/Project 8/KobeBui_EE214_Project8_Part4/KobeBui_EE214_Project8_Part4.srcs/sources_1/new/sev_seg.v:23]
INFO: [Synth 8-6155] done synthesizing module 'BCD_wrapper' (0#1) [C:/Users/Kobe/Desktop/EE214_Projects/Project 8/KobeBui_EE214_Project8_Part4/KobeBui_EE214_Project8_Part4.srcs/sources_1/new/BCD_wrapper.v:23]
WARNING: [Synth 8-3917] design BCD_wrapper has port seg_an[3] driven by constant 1
WARNING: [Synth 8-3917] design BCD_wrapper has port seg_an[2] driven by constant 1
WARNING: [Synth 8-3917] design BCD_wrapper has port seg_an[1] driven by constant 1
WARNING: [Synth 8-3917] design BCD_wrapper has port seg_an[0] driven by constant 0
---------------------------------------------------------------------------------
Finished RTL Elaboration : Time (s): cpu = 00:00:07 ; elapsed = 00:00:07 . Memory (MB): peak = 1407.359 ; gain = 574.484
---------------------------------------------------------------------------------
---------------------------------------------------------------------------------
Start Handling Custom Attributes
---------------------------------------------------------------------------------
---------------------------------------------------------------------------------
Finished Handling Custom Attributes : Time (s): cpu = 00:00:07 ; elapsed = 00:00:07 . Memory (MB): peak = 1407.359 ; gain = 574.484
---------------------------------------------------------------------------------
---------------------------------------------------------------------------------
Finished RTL Optimization Phase 1 : Time (s): cpu = 00:00:07 ; elapsed = 00:00:07 . Memory (MB): peak = 1407.359 ; gain = 574.484
---------------------------------------------------------------------------------
Netlist sorting complete. Time (s): cpu = 00:00:00 ; elapsed = 00:00:00 . Memory (MB): peak = 1407.359 ; gain = 0.000
INFO: [Project 1-570] Preparing netlist for logic optimization

Processing XDC Constraints
Initializing timing engine
Parsing XDC File [C:/Users/Kobe/Desktop/EE214_Projects/blackboard.xdc]
WARNING: [Vivado 12-584] No ports matched 'led[0]'. [C:/Users/Kobe/Desktop/EE214_Projects/blackboard.xdc:7]
CRITICAL WARNING: [Common 17-55] 'set_property' expects at least one object. [C:/Users/Kobe/Desktop/EE214_Projects/blackboard.xdc:7]
Resolution: If [get_<value>] was used to populate the object, check to make sure this command returns at least one valid object.
WARNING: [Vivado 12-584] No ports matched 'led[1]'. [C:/Users/Kobe/Desktop/EE214_Projects/blackboard.xdc:8]
CRITICAL WARNING: [Common 17-55] 'set_property' expects at least one object. [C:/Users/Kobe/Desktop/EE214_Projects/blackboard.xdc:8]
Resolution: If [get_<value>] was used to populate the object, check to make sure this command returns at least one valid object.
WARNING: [Vivado 12-584] No ports matched 'led[2]'. [C:/Users/Kobe/Desktop/EE214_Projects/blackboard.xdc:9]
CRITICAL WARNING: [Common 17-55] 'set_property' expects at least one object. [C:/Users/Kobe/Desktop/EE214_Projects/blackboard.xdc:9]
Resolution: If [get_<value>] was used to populate the object, check to make sure this command returns at least one valid object.
WARNING: [Vivado 12-584] No ports matched 'led[3]'. [C:/Users/Kobe/Desktop/EE214_Projects/blackboard.xdc:10]
CRITICAL WARNING: [Common 17-55] 'set_property' expects at least one object. [C:/Users/Kobe/Desktop/EE214_Projects/blackboard.xdc:10]
Resolution: If [get_<value>] was used to populate the object, check to make sure this command returns at least one valid object.
WARNING: [Vivado 12-584] No ports matched 'led[4]'. [C:/Users/Kobe/Desktop/EE214_Projects/blackboard.xdc:11]
CRITICAL WARNING: [Common 17-55] 'set_property' expects at least one object. [C:/Users/Kobe/Desktop/EE214_Projects/blackboard.xdc:11]
Resolution: If [get_<value>] was used to populate the object, check to make sure this command returns at least one valid object.
WARNING: [Vivado 12-584] No ports matched 'led[5]'. [C:/Users/Kobe/Desktop/EE214_Projects/blackboard.xdc:12]
CRITICAL WARNING: [Common 17-55] 'set_property' expects at least one object. [C:/Users/Kobe/Desktop/EE214_Projects/blackboard.xdc:12]
Resolution: If [get_<value>] was used to populate the object, check to make sure this command returns at least one valid object.
WARNING: [Vivado 12-584] No ports matched 'led[6]'. [C:/Users/Kobe/Desktop/EE214_Projects/blackboard.xdc:13]
CRITICAL WARNING: [Common 17-55] 'set_property' expects at least one object. [C:/Users/Kobe/Desktop/EE214_Projects/blackboard.xdc:13]
Resolution: If [get_<value>] was used to populate the object, check to make sure this command returns at least one valid object.
WARNING: [Vivado 12-584] No ports matched 'led[7]'. [C:/Users/Kobe/Desktop/EE214_Projects/blackboard.xdc:14]
CRITICAL WARNING: [Common 17-55] 'set_property' expects at least one object. [C:/Users/Kobe/Desktop/EE214_Projects/blackboard.xdc:14]
Resolution: If [get_<value>] was used to populate the object, check to make sure this command returns at least one valid object.
WARNING: [Vivado 12-584] No ports matched 'led[8]'. [C:/Users/Kobe/Desktop/EE214_Projects/blackboard.xdc:15]
CRITICAL WARNING: [Common 17-55] 'set_property' expects at least one object. [C:/Users/Kobe/Desktop/EE214_Projects/blackboard.xdc:15]
Resolution: If [get_<value>] was used to populate the object, check to make sure this command returns at least one valid object.
WARNING: [Vivado 12-584] No ports matched 'led[9]'. [C:/Users/Kobe/Desktop/EE214_Projects/blackboard.xdc:16]
CRITICAL WARNING: [Common 17-55] 'set_property' expects at least one object. [C:/Users/Kobe/Desktop/EE214_Projects/blackboard.xdc:16]
Resolution: If [get_<value>] was used to populate the object, check to make sure this command returns at least one valid object.
WARNING: [Vivado 12-584] No ports matched 'RGB_led_A[0]'. [C:/Users/Kobe/Desktop/EE214_Projects/blackboard.xdc:19]
CRITICAL WARNING: [Common 17-55] 'set_property' expects at least one object. [C:/Users/Kobe/Desktop/EE214_Projects/blackboard.xdc:19]
Resolution: If [get_<value>] was used to populate the object, check to make sure this command returns at least one valid object.
WARNING: [Vivado 12-584] No ports matched 'RGB_led_A[1]'. [C:/Users/Kobe/Desktop/EE214_Projects/blackboard.xdc:20]
CRITICAL WARNING: [Common 17-55] 'set_property' expects at least one object. [C:/Users/Kobe/Desktop/EE214_Projects/blackboard.xdc:20]
Resolution: If [get_<value>] was used to populate the object, check to make sure this command returns at least one valid object.
WARNING: [Vivado 12-584] No ports matched 'RGB_led_A[2]'. [C:/Users/Kobe/Desktop/EE214_Projects/blackboard.xdc:21]
CRITICAL WARNING: [Common 17-55] 'set_property' expects at least one object. [C:/Users/Kobe/Desktop/EE214_Projects/blackboard.xdc:21]
Resolution: If [get_<value>] was used to populate the object, check to make sure this command returns at least one valid object.
WARNING: [Vivado 12-584] No ports matched 'RGB_led_B[0]'. [C:/Users/Kobe/Desktop/EE214_Projects/blackboard.xdc:23]
CRITICAL WARNING: [Common 17-55] 'set_property' expects at least one object. [C:/Users/Kobe/Desktop/EE214_Projects/blackboard.xdc:23]
Resolution: If [get_<value>] was used to populate the object, check to make sure this command returns at least one valid object.
WARNING: [Vivado 12-584] No ports matched 'RGB_led_B[1]'. [C:/Users/Kobe/Desktop/EE214_Projects/blackboard.xdc:24]
CRITICAL WARNING: [Common 17-55] 'set_property' expects at least one object. [C:/Users/Kobe/Desktop/EE214_Projects/blackboard.xdc:24]
Resolution: If [get_<value>] was used to populate the object, check to make sure this command returns at least one valid object.
WARNING: [Vivado 12-584] No ports matched 'RGB_led_B[2]'. [C:/Users/Kobe/Desktop/EE214_Projects/blackboard.xdc:25]
CRITICAL WARNING: [Common 17-55] 'set_property' expects at least one object. [C:/Users/Kobe/Desktop/EE214_Projects/blackboard.xdc:25]
Resolution: If [get_<value>] was used to populate the object, check to make sure this command returns at least one valid object.
WARNING: [Vivado 12-584] No ports matched 'sw[0]'. [C:/Users/Kobe/Desktop/EE214_Projects/blackboard.xdc:28]
CRITICAL WARNING: [Common 17-55] 'set_property' expects at least one object. [C:/Users/Kobe/Desktop/EE214_Projects/blackboard.xdc:28]
Resolution: If [get_<value>] was used to populate the object, check to make sure this command returns at least one valid object.
WARNING: [Vivado 12-584] No ports matched 'sw[1]'. [C:/Users/Kobe/Desktop/EE214_Projects/blackboard.xdc:29]
CRITICAL WARNING: [Common 17-55] 'set_property' expects at least one object. [C:/Users/Kobe/Desktop/EE214_Projects/blackboard.xdc:29]
Resolution: If [get_<value>] was used to populate the object, check to make sure this command returns at least one valid object.
WARNING: [Vivado 12-584] No ports matched 'sw[2]'. [C:/Users/Kobe/Desktop/EE214_Projects/blackboard.xdc:30]
CRITICAL WARNING: [Common 17-55] 'set_property' expects at least one object. [C:/Users/Kobe/Desktop/EE214_Projects/blackboard.xdc:30]
Resolution: If [get_<value>] was used to populate the object, check to make sure this command returns at least one valid object.
WARNING: [Vivado 12-584] No ports matched 'sw[3]'. [C:/Users/Kobe/Desktop/EE214_Projects/blackboard.xdc:31]
CRITICAL WARNING: [Common 17-55] 'set_property' expects at least one object. [C:/Users/Kobe/Desktop/EE214_Projects/blackboard.xdc:31]
Resolution: If [get_<value>] was used to populate the object, check to make sure this command returns at least one valid object.
WARNING: [Vivado 12-584] No ports matched 'sw[4]'. [C:/Users/Kobe/Desktop/EE214_Projects/blackboard.xdc:32]
CRITICAL WARNING: [Common 17-55] 'set_property' expects at least one object. [C:/Users/Kobe/Desktop/EE214_Projects/blackboard.xdc:32]
Resolution: If [get_<value>] was used to populate the object, check to make sure this command returns at least one valid object.
WARNING: [Vivado 12-584] No ports matched 'sw[5]'. [C:/Users/Kobe/Desktop/EE214_Projects/blackboard.xdc:33]
CRITICAL WARNING: [Common 17-55] 'set_property' expects at least one object. [C:/Users/Kobe/Desktop/EE214_Projects/blackboard.xdc:33]
Resolution: If [get_<value>] was used to populate the object, check to make sure this command returns at least one valid object.
WARNING: [Vivado 12-584] No ports matched 'sw[6]'. [C:/Users/Kobe/Desktop/EE214_Projects/blackboard.xdc:34]
CRITICAL WARNING: [Common 17-55] 'set_property' expects at least one object. [C:/Users/Kobe/Desktop/EE214_Projects/blackboard.xdc:34]
Resolution: If [get_<value>] was used to populate the object, check to make sure this command returns at least one valid object.
WARNING: [Vivado 12-584] No ports matched 'sw[7]'. [C:/Users/Kobe/Desktop/EE214_Projects/blackboard.xdc:35]
CRITICAL WARNING: [Common 17-55] 'set_property' expects at least one object. [C:/Users/Kobe/Desktop/EE214_Projects/blackboard.xdc:35]
Resolution: If [get_<value>] was used to populate the object, check to make sure this command returns at least one valid object.
WARNING: [Vivado 12-584] No ports matched 'sw[8]'. [C:/Users/Kobe/Desktop/EE214_Projects/blackboard.xdc:36]
CRITICAL WARNING: [Common 17-55] 'set_property' expects at least one object. [C:/Users/Kobe/Desktop/EE214_Projects/blackboard.xdc:36]
Resolution: If [get_<value>] was used to populate the object, check to make sure this command returns at least one valid object.
WARNING: [Vivado 12-584] No ports matched 'sw[9]'. [C:/Users/Kobe/Desktop/EE214_Projects/blackboard.xdc:37]
CRITICAL WARNING: [Common 17-55] 'set_property' expects at least one object. [C:/Users/Kobe/Desktop/EE214_Projects/blackboard.xdc:37]
Resolution: If [get_<value>] was used to populate the object, check to make sure this command returns at least one valid object.
WARNING: [Vivado 12-584] No ports matched 'sw[10]'. [C:/Users/Kobe/Desktop/EE214_Projects/blackboard.xdc:38]
CRITICAL WARNING: [Common 17-55] 'set_property' expects at least one object. [C:/Users/Kobe/Desktop/EE214_Projects/blackboard.xdc:38]
Resolution: If [get_<value>] was used to populate the object, check to make sure this command returns at least one valid object.
WARNING: [Vivado 12-584] No ports matched 'sw[11]'. [C:/Users/Kobe/Desktop/EE214_Projects/blackboard.xdc:39]
CRITICAL WARNING: [Common 17-55] 'set_property' expects at least one object. [C:/Users/Kobe/Desktop/EE214_Projects/blackboard.xdc:39]
Resolution: If [get_<value>] was used to populate the object, check to make sure this command returns at least one valid object.
WARNING: [Vivado 12-584] No ports matched 'btn[1]'. [C:/Users/Kobe/Desktop/EE214_Projects/blackboard.xdc:44]
CRITICAL WARNING: [Common 17-55] 'set_property' expects at least one object. [C:/Users/Kobe/Desktop/EE214_Projects/blackboard.xdc:44]
Resolution: If [get_<value>] was used to populate the object, check to make sure this command returns at least one valid object.
WARNING: [Vivado 12-584] No ports matched 'btn[2]'. [C:/Users/Kobe/Desktop/EE214_Projects/blackboard.xdc:45]
CRITICAL WARNING: [Common 17-55] 'set_property' expects at least one object. [C:/Users/Kobe/Desktop/EE214_Projects/blackboard.xdc:45]
Resolution: If [get_<value>] was used to populate the object, check to make sure this command returns at least one valid object.
WARNING: [Vivado 12-584] No ports matched 'btn[3]'. [C:/Users/Kobe/Desktop/EE214_Projects/blackboard.xdc:46]
CRITICAL WARNING: [Common 17-55] 'set_property' expects at least one object. [C:/Users/Kobe/Desktop/EE214_Projects/blackboard.xdc:46]
Resolution: If [get_<value>] was used to populate the object, check to make sure this command returns at least one valid object.
WARNING: [Vivado 12-584] No ports matched 'seg_cat[7]'. [C:/Users/Kobe/Desktop/EE214_Projects/blackboard.xdc:62]
CRITICAL WARNING: [Common 17-55] 'set_property' expects at least one object. [C:/Users/Kobe/Desktop/EE214_Projects/blackboard.xdc:62]
Resolution: If [get_<value>] was used to populate the object, check to make sure this command returns at least one valid object.
Finished Parsing XDC File [C:/Users/Kobe/Desktop/EE214_Projects/blackboard.xdc]
INFO: [Project 1-236] Implementation specific constraints were found while reading constraint file [C:/Users/Kobe/Desktop/EE214_Projects/blackboard.xdc]. These constraints will be ignored for synthesis but will be used in implementation. Impacted constraints are listed in the file [.Xil/BCD_wrapper_propImpl.xdc].
Resolution: To avoid this warning, move constraints listed in [.Xil/BCD_wrapper_propImpl.xdc] to another XDC file and exclude this new file from synthesis with the used_in_synthesis property (File Properties dialog in GUI) and re-run elaboration/synthesis.
Completed Processing XDC Constraints

Netlist sorting complete. Time (s): cpu = 00:00:00 ; elapsed = 00:00:00 . Memory (MB): peak = 1481.902 ; gain = 0.000
INFO: [Project 1-111] Unisim Transformation Summary:
No Unisim elements were transformed.

Constraint Validation Runtime : Time (s): cpu = 00:00:00 ; elapsed = 00:00:00.002 . Memory (MB): peak = 1481.902 ; gain = 0.000
INFO: [Designutils 20-5440] No compile time benefit to using incremental synthesis; A full resynthesis will be run
INFO: [Designutils 20-4379] Flow is switching to default flow due to incremental criteria not met. If you would like to alter this behaviour and have the flow terminate instead, please set the following parameter config_implementation {autoIncr.Synth.RejectBehavior Terminate}
---------------------------------------------------------------------------------
Finished Constraint Validation : Time (s): cpu = 00:00:13 ; elapsed = 00:00:14 . Memory (MB): peak = 1481.902 ; gain = 649.027
---------------------------------------------------------------------------------
---------------------------------------------------------------------------------
Start Loading Part and Timing Information
---------------------------------------------------------------------------------
Loading part: xc7z007sclg400-1
---------------------------------------------------------------------------------
Finished Loading Part and Timing Information : Time (s): cpu = 00:00:13 ; elapsed = 00:00:14 . Memory (MB): peak = 1481.902 ; gain = 649.027
---------------------------------------------------------------------------------
---------------------------------------------------------------------------------
Start Applying 'set_property' XDC Constraints
---------------------------------------------------------------------------------
---------------------------------------------------------------------------------
Finished applying 'set_property' XDC Constraints : Time (s): cpu = 00:00:13 ; elapsed = 00:00:14 . Memory (MB): peak = 1481.902 ; gain = 649.027
---------------------------------------------------------------------------------
WARNING: [Synth 8-327] inferring latch for variable 'segs_reg' [C:/Users/Kobe/Desktop/EE214_Projects/Project 8/KobeBui_EE214_Project8_Part4/KobeBui_EE214_Project8_Part4.srcs/sources_1/new/sev_seg.v:32]
---------------------------------------------------------------------------------
Finished RTL Optimization Phase 2 : Time (s): cpu = 00:00:13 ; elapsed = 00:00:14 . Memory (MB): peak = 1481.902 ; gain = 649.027
---------------------------------------------------------------------------------
---------------------------------------------------------------------------------
Start RTL Component Statistics 
---------------------------------------------------------------------------------
Detailed RTL Component Info : 
+---Adders : 
	   2 Input    4 Bit       Adders := 1     
+---Registers : 
	                4 Bit    Registers := 1     
	                1 Bit    Registers := 2     
+---Muxes : 
	   2 Input    4 Bit        Muxes := 1     
	  11 Input    1 Bit        Muxes := 1     
---------------------------------------------------------------------------------
Finished RTL Component Statistics 
---------------------------------------------------------------------------------
---------------------------------------------------------------------------------
Start Part Resource Summary
---------------------------------------------------------------------------------
Part Resources:
DSPs: 66 (col length:40)
BRAMs: 100 (col length: RAMB18 40 RAMB36 20)
---------------------------------------------------------------------------------
Finished Part Resource Summary
---------------------------------------------------------------------------------
---------------------------------------------------------------------------------
Start Cross Boundary and Area Optimization
---------------------------------------------------------------------------------
WARNING: [Synth 8-7080] Parallel synthesis criteria is not met
WARNING: [Synth 8-3917] design BCD_wrapper has port seg_an[3] driven by constant 1
WARNING: [Synth 8-3917] design BCD_wrapper has port seg_an[2] driven by constant 1
WARNING: [Synth 8-3917] design BCD_wrapper has port seg_an[1] driven by constant 1
WARNING: [Synth 8-3917] design BCD_wrapper has port seg_an[0] driven by constant 0
---------------------------------------------------------------------------------
Finished Cross Boundary and Area Optimization : Time (s): cpu = 00:00:15 ; elapsed = 00:00:16 . Memory (MB): peak = 1481.902 ; gain = 649.027
---------------------------------------------------------------------------------
---------------------------------------------------------------------------------
Start Applying XDC Timing Constraints
---------------------------------------------------------------------------------
---------------------------------------------------------------------------------
Finished Applying XDC Timing Constraints : Time (s): cpu = 00:00:20 ; elapsed = 00:00:21 . Memory (MB): peak = 1600.953 ; gain = 768.078
---------------------------------------------------------------------------------
---------------------------------------------------------------------------------
Start Timing Optimization
---------------------------------------------------------------------------------
---------------------------------------------------------------------------------
Finished Timing Optimization : Time (s): cpu = 00:00:20 ; elapsed = 00:00:21 . Memory (MB): peak = 1600.953 ; gain = 768.078
---------------------------------------------------------------------------------
---------------------------------------------------------------------------------
Start Technology Mapping
---------------------------------------------------------------------------------
---------------------------------------------------------------------------------
Finished Technology Mapping : Time (s): cpu = 00:00:20 ; elapsed = 00:00:21 . Memory (MB): peak = 1611.035 ; gain = 778.160
---------------------------------------------------------------------------------
---------------------------------------------------------------------------------
Start IO Insertion
---------------------------------------------------------------------------------
---------------------------------------------------------------------------------
Start Flattening Before IO Insertion
---------------------------------------------------------------------------------
---------------------------------------------------------------------------------
Finished Flattening Before IO Insertion
---------------------------------------------------------------------------------
---------------------------------------------------------------------------------
Start Final Netlist Cleanup
---------------------------------------------------------------------------------
---------------------------------------------------------------------------------
Finished Final Netlist Cleanup
---------------------------------------------------------------------------------
---------------------------------------------------------------------------------
Finished IO Insertion : Time (s): cpu = 00:00:23 ; elapsed = 00:00:24 . Memory (MB): peak = 1827.191 ; gain = 994.316
---------------------------------------------------------------------------------
---------------------------------------------------------------------------------
Start Renaming Generated Instances
---------------------------------------------------------------------------------
---------------------------------------------------------------------------------
Finished Renaming Generated Instances : Time (s): cpu = 00:00:23 ; elapsed = 00:00:24 . Memory (MB): peak = 1827.191 ; gain = 994.316
---------------------------------------------------------------------------------
---------------------------------------------------------------------------------
Start Rebuilding User Hierarchy
---------------------------------------------------------------------------------
---------------------------------------------------------------------------------
Finished Rebuilding User Hierarchy : Time (s): cpu = 00:00:23 ; elapsed = 00:00:24 . Memory (MB): peak = 1827.191 ; gain = 994.316
---------------------------------------------------------------------------------
---------------------------------------------------------------------------------
Start Renaming Generated Ports
---------------------------------------------------------------------------------
---------------------------------------------------------------------------------
Finished Renaming Generated Ports : Time (s): cpu = 00:00:23 ; elapsed = 00:00:24 . Memory (MB): peak = 1827.191 ; gain = 994.316
---------------------------------------------------------------------------------
---------------------------------------------------------------------------------
Start Handling Custom Attributes
---------------------------------------------------------------------------------
---------------------------------------------------------------------------------
Finished Handling Custom Attributes : Time (s): cpu = 00:00:23 ; elapsed = 00:00:24 . Memory (MB): peak = 1827.191 ; gain = 994.316
---------------------------------------------------------------------------------
---------------------------------------------------------------------------------
Start Renaming Generated Nets
---------------------------------------------------------------------------------
---------------------------------------------------------------------------------
Finished Renaming Generated Nets : Time (s): cpu = 00:00:23 ; elapsed = 00:00:24 . Memory (MB): peak = 1827.191 ; gain = 994.316
---------------------------------------------------------------------------------
---------------------------------------------------------------------------------
Start Writing Synthesis Report
---------------------------------------------------------------------------------

Report BlackBoxes: 
+-+--------------+----------+
| |BlackBox name |Instances |
+-+--------------+----------+
+-+--------------+----------+

Report Cell Usage: 
+------+-------+------+
|      |Cell   |Count |
+------+-------+------+
|1     |BUFG   |     1|
|2     |CARRY4 |     8|
|3     |LUT1   |     1|
|4     |LUT3   |     2|
|5     |LUT4   |    17|
|6     |LUT5   |    34|
|7     |LUT6   |     2|
|8     |FDCE   |    38|
|9     |LD     |     7|
|10    |IBUF   |     2|
|11    |OBUF   |    11|
+------+-------+------+
---------------------------------------------------------------------------------
Finished Writing Synthesis Report : Time (s): cpu = 00:00:23 ; elapsed = 00:00:24 . Memory (MB): peak = 1827.191 ; gain = 994.316
---------------------------------------------------------------------------------
Synthesis finished with 0 errors, 0 critical warnings and 6 warnings.
Synthesis Optimization Runtime : Time (s): cpu = 00:00:15 ; elapsed = 00:00:23 . Memory (MB): peak = 1827.191 ; gain = 919.773
Synthesis Optimization Complete : Time (s): cpu = 00:00:23 ; elapsed = 00:00:24 . Memory (MB): peak = 1827.191 ; gain = 994.316
INFO: [Project 1-571] Translating synthesized netlist
Netlist sorting complete. Time (s): cpu = 00:00:00 ; elapsed = 00:00:00.001 . Memory (MB): peak = 1827.191 ; gain = 0.000
INFO: [Netlist 29-17] Analyzing 15 Unisim elements for replacement
INFO: [Netlist 29-28] Unisim Transformation completed in 0 CPU seconds
INFO: [Project 1-570] Preparing netlist for logic optimization
INFO: [Opt 31-138] Pushed 0 inverter(s) to 0 load pin(s).
Netlist sorting complete. Time (s): cpu = 00:00:00 ; elapsed = 00:00:00 . Memory (MB): peak = 1828.332 ; gain = 0.000
INFO: [Project 1-111] Unisim Transformation Summary:
  A total of 7 instances were transformed.
  LD => LDCE: 7 instances

Synth Design complete | Checksum: 21af2657
INFO: [Common 17-83] Releasing license: Synthesis
30 Infos, 42 Warnings, 32 Critical Warnings and 0 Errors encountered.
synth_design completed successfully
synth_design: Time (s): cpu = 00:00:25 ; elapsed = 00:00:30 . Memory (MB): peak = 1828.332 ; gain = 1205.637
INFO: [runtcl-6] Synthesis results are not added to the cache due to CRITICAL_WARNING
Write ShapeDB Complete: Time (s): cpu = 00:00:00 ; elapsed = 00:00:00.001 . Memory (MB): peak = 1828.332 ; gain = 0.000
INFO: [Common 17-1381] The checkpoint 'C:/Users/Kobe/Desktop/EE214_Projects/Project 8/KobeBui_EE214_Project8_Part4/KobeBui_EE214_Project8_Part4.runs/synth_1/BCD_wrapper.dcp' has been generated.
INFO: [Vivado 12-24828] Executing command : report_utilization -file BCD_wrapper_utilization_synth.rpt -pb BCD_wrapper_utilization_synth.pb
INFO: [Common 17-206] Exiting Vivado at Thu Mar 27 07:32:27 2025...
