Copyright 1986-2022 Xilinx, Inc. All Rights Reserved. Copyright 2022-2024 Advanced Micro Devices, Inc. All Rights Reserved.
---------------------------------------------------------------------------------------------------------------------------------------------------------------------------------------------------------------------------
| Tool Version : Vivado v.2024.2 (win64) Build 5239630 Fri Nov 08 22:35:27 MST 2024
| Date         : Wed Jan 15 16:16:02 2025
| Host         : Kobe_Jr running 64-bit major release  (build 9200)
| Command      : report_timing_summary -max_paths 10 -report_unconstrained -file rgb_button_timing_summary_routed.rpt -pb rgb_button_timing_summary_routed.pb -rpx rgb_button_timing_summary_routed.rpx -warn_on_violation
| Design       : rgb_button
| Device       : 7z007s-clg400
| Speed File   : -1  PRODUCTION 1.12 2019-11-22
| Design State : Routed
---------------------------------------------------------------------------------------------------------------------------------------------------------------------------------------------------------------------------

Timing Summary Report

------------------------------------------------------------------------------------------------
| Timer Settings
| --------------
------------------------------------------------------------------------------------------------

  Enable Multi Corner Analysis               :  Yes
  Enable Pessimism Removal                   :  Yes
  Pessimism Removal Resolution               :  Nearest Common Node
  Enable Input Delay Default Clock           :  No
  Enable Preset / Clear Arcs                 :  No
  Disable Flight Delays                      :  No
  Ignore I/O Paths                           :  No
  Timing Early Launch at Borrowing Latches   :  No
  Borrow Time for Max Delay Exceptions       :  Yes
  Merge Timing Exceptions                    :  Yes
  Inter-SLR Compensation                     :  Conservative

  Corner  Analyze    Analyze    
  Name    Max Paths  Min Paths  
  ------  ---------  ---------  
  Slow    Yes        Yes        
  Fast    Yes        Yes        


------------------------------------------------------------------------------------------------
| Report Methodology
| ------------------
------------------------------------------------------------------------------------------------

No report available as report_methodology has not been run prior. Run report_methodology on the current design for the summary of methodology violations.



check_timing report

Table of Contents
-----------------
1. checking no_clock (0)
2. checking constant_clock (0)
3. checking pulse_width_clock (0)
4. checking unconstrained_internal_endpoints (0)
5. checking no_input_delay (0)
6. checking no_output_delay (0)
7. checking multiple_clock (0)
8. checking generated_clocks (0)
9. checking loops (0)
10. checking partial_input_delay (0)
11. checking partial_output_delay (0)
12. checking latch_loops (0)

1. checking no_clock (0)
------------------------
 There are 0 register/latch pins with no clock.


2. checking constant_clock (0)
------------------------------
 There are 0 register/latch pins with constant_clock.


3. checking pulse_width_clock (0)
---------------------------------
 There are 0 register/latch pins which need pulse_width check


4. checking unconstrained_internal_endpoints (0)
------------------------------------------------
 There are 0 pins that are not constrained for maximum delay.

 There are 0 pins that are not constrained for maximum delay due to constant clock.


5. checking no_input_delay (0)
------------------------------
 There are 0 input ports with no input delay specified.

 There are 0 input ports with no input delay but user has a false path constraint.


6. checking no_output_delay (0)
-------------------------------
 There are 0 ports with no output delay specified.

 There are 0 ports with no output delay but user has a false path constraint

 There are 0 ports with no output delay but with a timing clock defined on it or propagating through it


7. checking multiple_clock (0)
------------------------------
 There are 0 register/latch pins with multiple clocks.


8. checking generated_clocks (0)
--------------------------------
 There are 0 generated clocks that are not connected to a clock source.


9. checking loops (0)
---------------------
 There are 0 combinational loops in the design.


10. checking partial_input_delay (0)
------------------------------------
 There are 0 input ports with partial input delay specified.


11. checking partial_output_delay (0)
-------------------------------------
 There are 0 ports with partial output delay specified.


12. checking latch_loops (0)
----------------------------
 There are 0 combinational latch loops in the design through latch input



------------------------------------------------------------------------------------------------
| Design Timing Summary
| ---------------------
------------------------------------------------------------------------------------------------

    WNS(ns)      TNS(ns)  TNS Failing Endpoints  TNS Total Endpoints      WHS(ns)      THS(ns)  THS Failing Endpoints  THS Total Endpoints     WPWS(ns)     TPWS(ns)  TPWS Failing Endpoints  TPWS Total Endpoints  
    -------      -------  ---------------------  -------------------      -------      -------  ---------------------  -------------------     --------     --------  ----------------------  --------------------  
        inf        0.000                      0                    3          inf        0.000                      0                    3           NA           NA                      NA                    NA  


There are no user specified timing constraints.


------------------------------------------------------------------------------------------------
| Clock Summary
| -------------
------------------------------------------------------------------------------------------------


------------------------------------------------------------------------------------------------
| Intra Clock Table
| -----------------
------------------------------------------------------------------------------------------------

Clock             WNS(ns)      TNS(ns)  TNS Failing Endpoints  TNS Total Endpoints      WHS(ns)      THS(ns)  THS Failing Endpoints  THS Total Endpoints     WPWS(ns)     TPWS(ns)  TPWS Failing Endpoints  TPWS Total Endpoints  
-----             -------      -------  ---------------------  -------------------      -------      -------  ---------------------  -------------------     --------     --------  ----------------------  --------------------  


------------------------------------------------------------------------------------------------
| Inter Clock Table
| -----------------
------------------------------------------------------------------------------------------------

From Clock    To Clock          WNS(ns)      TNS(ns)  TNS Failing Endpoints  TNS Total Endpoints      WHS(ns)      THS(ns)  THS Failing Endpoints  THS Total Endpoints  
----------    --------          -------      -------  ---------------------  -------------------      -------      -------  ---------------------  -------------------  


------------------------------------------------------------------------------------------------
| Other Path Groups Table
| -----------------------
------------------------------------------------------------------------------------------------

Path Group    From Clock    To Clock          WNS(ns)      TNS(ns)  TNS Failing Endpoints  TNS Total Endpoints      WHS(ns)      THS(ns)  THS Failing Endpoints  THS Total Endpoints  
----------    ----------    --------          -------      -------  ---------------------  -------------------      -------      -------  ---------------------  -------------------  


------------------------------------------------------------------------------------------------
| User Ignored Path Table
| -----------------------
------------------------------------------------------------------------------------------------

Path Group    From Clock    To Clock    
----------    ----------    --------    


------------------------------------------------------------------------------------------------
| Unconstrained Path Table
| ------------------------
------------------------------------------------------------------------------------------------

Path Group    From Clock    To Clock    
----------    ----------    --------    
(none)                                    


------------------------------------------------------------------------------------------------
| Timing Details
| --------------
------------------------------------------------------------------------------------------------


--------------------------------------------------------------------------------------
Path Group:  (none)
From Clock:  
  To Clock:  

Max Delay             3 Endpoints
Min Delay             3 Endpoints
--------------------------------------------------------------------------------------


Max Delay Paths
--------------------------------------------------------------------------------------
Slack:                    inf
  Source:                 sw
                            (input port)
  Destination:            led[0]
                            (output port)
  Path Group:             (none)
  Path Type:              Max at Slow Process Corner
  Data Path Delay:        9.573ns  (logic 5.393ns (56.338%)  route 4.180ns (43.662%))
  Logic Levels:           3  (IBUF=1 LUT2=1 OBUF=1)

    Location             Delay type                Incr(ns)  Path(ns)    Netlist Resource(s)
  -------------------------------------------------------------------    -------------------
    T14                                               0.000     0.000 r  sw (IN)
                         net (fo=0)                   0.000     0.000    sw
    T14                  IBUF (Prop_ibuf_I_O)         1.508     1.508 r  sw_IBUF_inst/O
                         net (fo=3, routed)           2.077     3.585    sw_IBUF
    SLICE_X43Y25         LUT2 (Prop_lut2_I1_O)        0.152     3.737 r  led_OBUF[0]_inst_i_1/O
                         net (fo=1, routed)           2.103     5.840    led_OBUF[0]
    W16                  OBUF (Prop_obuf_I_O)         3.733     9.573 r  led_OBUF[0]_inst/O
                         net (fo=0)                   0.000     9.573    led[0]
    W16                                                               r  led[0] (OUT)
  -------------------------------------------------------------------    -------------------

Slack:                    inf
  Source:                 sw
                            (input port)
  Destination:            led[1]
                            (output port)
  Path Group:             (none)
  Path Type:              Max at Slow Process Corner
  Data Path Delay:        9.360ns  (logic 5.186ns (55.404%)  route 4.174ns (44.596%))
  Logic Levels:           3  (IBUF=1 LUT2=1 OBUF=1)

    Location             Delay type                Incr(ns)  Path(ns)    Netlist Resource(s)
  -------------------------------------------------------------------    -------------------
    T14                                               0.000     0.000 r  sw (IN)
                         net (fo=0)                   0.000     0.000    sw
    T14                  IBUF (Prop_ibuf_I_O)         1.508     1.508 r  sw_IBUF_inst/O
                         net (fo=3, routed)           2.077     3.585    sw_IBUF
    SLICE_X43Y25         LUT2 (Prop_lut2_I1_O)        0.124     3.709 r  led_OBUF[1]_inst_i_1/O
                         net (fo=1, routed)           2.097     5.806    led_OBUF[1]
    Y18                  OBUF (Prop_obuf_I_O)         3.553     9.360 r  led_OBUF[1]_inst/O
                         net (fo=0)                   0.000     9.360    led[1]
    Y18                                                               r  led[1] (OUT)
  -------------------------------------------------------------------    -------------------

Slack:                    inf
  Source:                 sw
                            (input port)
  Destination:            led[2]
                            (output port)
  Path Group:             (none)
  Path Type:              Max at Slow Process Corner
  Data Path Delay:        9.155ns  (logic 5.160ns (56.365%)  route 3.995ns (43.635%))
  Logic Levels:           3  (IBUF=1 LUT2=1 OBUF=1)

    Location             Delay type                Incr(ns)  Path(ns)    Netlist Resource(s)
  -------------------------------------------------------------------    -------------------
    T14                                               0.000     0.000 r  sw (IN)
                         net (fo=0)                   0.000     0.000    sw
    T14                  IBUF (Prop_ibuf_I_O)         1.508     1.508 r  sw_IBUF_inst/O
                         net (fo=3, routed)           2.323     3.831    sw_IBUF
    SLICE_X43Y5          LUT2 (Prop_lut2_I1_O)        0.124     3.955 r  led_OBUF[2]_inst_i_1/O
                         net (fo=1, routed)           1.672     5.627    led_OBUF[2]
    W18                  OBUF (Prop_obuf_I_O)         3.528     9.155 r  led_OBUF[2]_inst/O
                         net (fo=0)                   0.000     9.155    led[2]
    W18                                                               r  led[2] (OUT)
  -------------------------------------------------------------------    -------------------





Min Delay Paths
--------------------------------------------------------------------------------------
Slack:                    inf
  Source:                 bt[2]
                            (input port)
  Destination:            led[2]
                            (output port)
  Path Group:             (none)
  Path Type:              Min at Fast Process Corner
  Data Path Delay:        2.270ns  (logic 1.492ns (65.760%)  route 0.777ns (34.240%))
  Logic Levels:           3  (IBUF=1 LUT2=1 OBUF=1)

    Location             Delay type                Incr(ns)  Path(ns)    Netlist Resource(s)
  -------------------------------------------------------------------    -------------------
    P15                                               0.000     0.000 r  bt[2] (IN)
                         net (fo=0)                   0.000     0.000    bt[2]
    P15                  IBUF (Prop_ibuf_I_O)         0.219     0.219 r  bt_IBUF[2]_inst/O
                         net (fo=1, routed)           0.450     0.669    bt_IBUF[2]
    SLICE_X43Y5          LUT2 (Prop_lut2_I0_O)        0.045     0.714 r  led_OBUF[2]_inst_i_1/O
                         net (fo=1, routed)           0.327     1.041    led_OBUF[2]
    W18                  OBUF (Prop_obuf_I_O)         1.229     2.270 r  led_OBUF[2]_inst/O
                         net (fo=0)                   0.000     2.270    led[2]
    W18                                                               r  led[2] (OUT)
  -------------------------------------------------------------------    -------------------

Slack:                    inf
  Source:                 bt[0]
                            (input port)
  Destination:            led[0]
                            (output port)
  Path Group:             (none)
  Path Type:              Min at Fast Process Corner
  Data Path Delay:        2.771ns  (logic 1.691ns (61.040%)  route 1.080ns (38.960%))
  Logic Levels:           3  (IBUF=1 LUT2=1 OBUF=1)

    Location             Delay type                Incr(ns)  Path(ns)    Netlist Resource(s)
  -------------------------------------------------------------------    -------------------
    W14                                               0.000     0.000 r  bt[0] (IN)
                         net (fo=0)                   0.000     0.000    bt[0]
    W14                  IBUF (Prop_ibuf_I_O)         0.350     0.350 r  bt_IBUF[0]_inst/O
                         net (fo=1, routed)           0.542     0.891    bt_IBUF[0]
    SLICE_X43Y25         LUT2 (Prop_lut2_I0_O)        0.048     0.939 r  led_OBUF[0]_inst_i_1/O
                         net (fo=1, routed)           0.538     1.477    led_OBUF[0]
    W16                  OBUF (Prop_obuf_I_O)         1.294     2.771 r  led_OBUF[0]_inst/O
                         net (fo=0)                   0.000     2.771    led[0]
    W16                                                               r  led[0] (OUT)
  -------------------------------------------------------------------    -------------------

Slack:                    inf
  Source:                 bt[1]
                            (input port)
  Destination:            led[1]
                            (output port)
  Path Group:             (none)
  Path Type:              Min at Fast Process Corner
  Data Path Delay:        2.856ns  (logic 1.605ns (56.211%)  route 1.250ns (43.789%))
  Logic Levels:           3  (IBUF=1 LUT2=1 OBUF=1)

    Location             Delay type                Incr(ns)  Path(ns)    Netlist Resource(s)
  -------------------------------------------------------------------    -------------------
    W13                                               0.000     0.000 r  bt[1] (IN)
                         net (fo=0)                   0.000     0.000    bt[1]
    W13                  IBUF (Prop_ibuf_I_O)         0.306     0.306 r  bt_IBUF[1]_inst/O
                         net (fo=1, routed)           0.730     1.037    bt_IBUF[1]
    SLICE_X43Y25         LUT2 (Prop_lut2_I0_O)        0.045     1.082 r  led_OBUF[1]_inst_i_1/O
                         net (fo=1, routed)           0.520     1.602    led_OBUF[1]
    Y18                  OBUF (Prop_obuf_I_O)         1.254     2.856 r  led_OBUF[1]_inst/O
                         net (fo=0)                   0.000     2.856    led[1]
    Y18                                                               r  led[1] (OUT)
  -------------------------------------------------------------------    -------------------





