
*** Running vivado
    with args -log wrapper.vds -m64 -product Vivado -mode batch -messageDb vivado.pb -notrace -source wrapper.tcl



****** Vivado v2024.2 (64-bit)
  **** SW Build 5239630 on Fri Nov 08 22:35:27 MST 2024
  **** IP Build 5239520 on Sun Nov 10 16:12:51 MST 2024
  **** SharedData Build 5239561 on Fri Nov 08 14:39:27 MST 2024
  **** Start of session at: Thu Feb 20 12:54:13 2025
    ** Copyright 1986-2022 Xilinx, Inc. All Rights Reserved.
    ** Copyright 2022-2024 Advanced Micro Devices, Inc. All Rights Reserved.

source wrapper.tcl -notrace
Command: read_checkpoint -auto_incremental -incremental {C:/Users/Kobe/Desktop/EE214_Projects/Project 5/KobeBui_EE214_Project5_part3/KobeBui_EE214_Project5_part3.srcs/utils_1/imports/synth_1/bin2seg.dcp}
INFO: [Vivado 12-5825] Read reference checkpoint from C:/Users/Kobe/Desktop/EE214_Projects/Project 5/KobeBui_EE214_Project5_part3/KobeBui_EE214_Project5_part3.srcs/utils_1/imports/synth_1/bin2seg.dcp for incremental synthesis
INFO: [Vivado 12-7989] Please ensure there are no constraint changes
Command: synth_design -top wrapper -part xc7z007sclg400-1
Starting synth_design
Attempting to get a license for feature 'Synthesis' and/or device 'xc7z007s'
INFO: [Common 17-349] Got license for feature 'Synthesis' and/or device 'xc7z007s'
INFO: [Device 21-403] Loading part xc7z007sclg400-1
INFO: [Designutils 20-5440] No compile time benefit to using incremental synthesis; A full resynthesis will be run
INFO: [Designutils 20-4379] Flow is switching to default flow due to incremental criteria not met. If you would like to alter this behaviour and have the flow terminate instead, please set the following parameter config_implementation {autoIncr.Synth.RejectBehavior Terminate}
INFO: [Synth 8-7079] Multithreading enabled for synth_design using a maximum of 2 processes.
INFO: [Synth 8-7078] Launching helper process for spawning children vivado processes
INFO: [Synth 8-7075] Helper process launched with PID 42880
---------------------------------------------------------------------------------
Starting RTL Elaboration : Time (s): cpu = 00:00:05 ; elapsed = 00:00:05 . Memory (MB): peak = 1302.555 ; gain = 469.238
---------------------------------------------------------------------------------
INFO: [Synth 8-6157] synthesizing module 'wrapper' [C:/Users/Kobe/Desktop/EE214_Projects/Project 5/KobeBui_EE214_Project5_part3/KobeBui_EE214_Project5_part3.srcs/sources_1/new/wrapper.v:23]
INFO: [Synth 8-6157] synthesizing module 'mux' [C:/Users/Kobe/Desktop/EE214_Projects/Project 5/KobeBui_EE214_Project5_part3/KobeBui_EE214_Project5_part3.srcs/sources_1/new/mux.v:23]
INFO: [Synth 8-6155] done synthesizing module 'mux' (0#1) [C:/Users/Kobe/Desktop/EE214_Projects/Project 5/KobeBui_EE214_Project5_part3/KobeBui_EE214_Project5_part3.srcs/sources_1/new/mux.v:23]
INFO: [Synth 8-6157] synthesizing module 'bin2seg' [C:/Users/Kobe/Desktop/EE214_Projects/Project 5/KobeBui_EE214_Project5_part3/KobeBui_EE214_Project5_part3.srcs/sources_1/new/bin2seg.v:23]
WARNING: [Synth 8-6090] variable 'catTmp' is written by both blocking and non-blocking assignments, entire logic could be removed [C:/Users/Kobe/Desktop/EE214_Projects/Project 5/KobeBui_EE214_Project5_part3/KobeBui_EE214_Project5_part3.srcs/sources_1/new/bin2seg.v:32]
WARNING: [Synth 8-6090] variable 'catTmp' is written by both blocking and non-blocking assignments, entire logic could be removed [C:/Users/Kobe/Desktop/EE214_Projects/Project 5/KobeBui_EE214_Project5_part3/KobeBui_EE214_Project5_part3.srcs/sources_1/new/bin2seg.v:33]
WARNING: [Synth 8-6090] variable 'catTmp' is written by both blocking and non-blocking assignments, entire logic could be removed [C:/Users/Kobe/Desktop/EE214_Projects/Project 5/KobeBui_EE214_Project5_part3/KobeBui_EE214_Project5_part3.srcs/sources_1/new/bin2seg.v:34]
WARNING: [Synth 8-6090] variable 'catTmp' is written by both blocking and non-blocking assignments, entire logic could be removed [C:/Users/Kobe/Desktop/EE214_Projects/Project 5/KobeBui_EE214_Project5_part3/KobeBui_EE214_Project5_part3.srcs/sources_1/new/bin2seg.v:35]
WARNING: [Synth 8-6090] variable 'catTmp' is written by both blocking and non-blocking assignments, entire logic could be removed [C:/Users/Kobe/Desktop/EE214_Projects/Project 5/KobeBui_EE214_Project5_part3/KobeBui_EE214_Project5_part3.srcs/sources_1/new/bin2seg.v:36]
WARNING: [Synth 8-6090] variable 'catTmp' is written by both blocking and non-blocking assignments, entire logic could be removed [C:/Users/Kobe/Desktop/EE214_Projects/Project 5/KobeBui_EE214_Project5_part3/KobeBui_EE214_Project5_part3.srcs/sources_1/new/bin2seg.v:37]
WARNING: [Synth 8-6090] variable 'catTmp' is written by both blocking and non-blocking assignments, entire logic could be removed [C:/Users/Kobe/Desktop/EE214_Projects/Project 5/KobeBui_EE214_Project5_part3/KobeBui_EE214_Project5_part3.srcs/sources_1/new/bin2seg.v:38]
WARNING: [Synth 8-6090] variable 'catTmp' is written by both blocking and non-blocking assignments, entire logic could be removed [C:/Users/Kobe/Desktop/EE214_Projects/Project 5/KobeBui_EE214_Project5_part3/KobeBui_EE214_Project5_part3.srcs/sources_1/new/bin2seg.v:39]
WARNING: [Synth 8-6090] variable 'catTmp' is written by both blocking and non-blocking assignments, entire logic could be removed [C:/Users/Kobe/Desktop/EE214_Projects/Project 5/KobeBui_EE214_Project5_part3/KobeBui_EE214_Project5_part3.srcs/sources_1/new/bin2seg.v:40]
WARNING: [Synth 8-6090] variable 'catTmp' is written by both blocking and non-blocking assignments, entire logic could be removed [C:/Users/Kobe/Desktop/EE214_Projects/Project 5/KobeBui_EE214_Project5_part3/KobeBui_EE214_Project5_part3.srcs/sources_1/new/bin2seg.v:41]
WARNING: [Synth 8-6090] variable 'catTmp' is written by both blocking and non-blocking assignments, entire logic could be removed [C:/Users/Kobe/Desktop/EE214_Projects/Project 5/KobeBui_EE214_Project5_part3/KobeBui_EE214_Project5_part3.srcs/sources_1/new/bin2seg.v:42]
WARNING: [Synth 8-6090] variable 'catTmp' is written by both blocking and non-blocking assignments, entire logic could be removed [C:/Users/Kobe/Desktop/EE214_Projects/Project 5/KobeBui_EE214_Project5_part3/KobeBui_EE214_Project5_part3.srcs/sources_1/new/bin2seg.v:43]
WARNING: [Synth 8-6090] variable 'catTmp' is written by both blocking and non-blocking assignments, entire logic could be removed [C:/Users/Kobe/Desktop/EE214_Projects/Project 5/KobeBui_EE214_Project5_part3/KobeBui_EE214_Project5_part3.srcs/sources_1/new/bin2seg.v:44]
WARNING: [Synth 8-6090] variable 'catTmp' is written by both blocking and non-blocking assignments, entire logic could be removed [C:/Users/Kobe/Desktop/EE214_Projects/Project 5/KobeBui_EE214_Project5_part3/KobeBui_EE214_Project5_part3.srcs/sources_1/new/bin2seg.v:45]
WARNING: [Synth 8-6090] variable 'catTmp' is written by both blocking and non-blocking assignments, entire logic could be removed [C:/Users/Kobe/Desktop/EE214_Projects/Project 5/KobeBui_EE214_Project5_part3/KobeBui_EE214_Project5_part3.srcs/sources_1/new/bin2seg.v:46]
WARNING: [Synth 8-6090] variable 'catTmp' is written by both blocking and non-blocking assignments, entire logic could be removed [C:/Users/Kobe/Desktop/EE214_Projects/Project 5/KobeBui_EE214_Project5_part3/KobeBui_EE214_Project5_part3.srcs/sources_1/new/bin2seg.v:47]
INFO: [Synth 8-6155] done synthesizing module 'bin2seg' (0#1) [C:/Users/Kobe/Desktop/EE214_Projects/Project 5/KobeBui_EE214_Project5_part3/KobeBui_EE214_Project5_part3.srcs/sources_1/new/bin2seg.v:23]
INFO: [Synth 8-6155] done synthesizing module 'wrapper' (0#1) [C:/Users/Kobe/Desktop/EE214_Projects/Project 5/KobeBui_EE214_Project5_part3/KobeBui_EE214_Project5_part3.srcs/sources_1/new/wrapper.v:23]
---------------------------------------------------------------------------------
Finished RTL Elaboration : Time (s): cpu = 00:00:06 ; elapsed = 00:00:06 . Memory (MB): peak = 1407.023 ; gain = 573.707
---------------------------------------------------------------------------------
---------------------------------------------------------------------------------
Start Handling Custom Attributes
---------------------------------------------------------------------------------
---------------------------------------------------------------------------------
Finished Handling Custom Attributes : Time (s): cpu = 00:00:06 ; elapsed = 00:00:06 . Memory (MB): peak = 1407.023 ; gain = 573.707
---------------------------------------------------------------------------------
---------------------------------------------------------------------------------
Finished RTL Optimization Phase 1 : Time (s): cpu = 00:00:06 ; elapsed = 00:00:06 . Memory (MB): peak = 1407.023 ; gain = 573.707
---------------------------------------------------------------------------------
Netlist sorting complete. Time (s): cpu = 00:00:00 ; elapsed = 00:00:00 . Memory (MB): peak = 1407.023 ; gain = 0.000
INFO: [Project 1-570] Preparing netlist for logic optimization

Processing XDC Constraints
Initializing timing engine
Parsing XDC File [C:/Users/Kobe/Desktop/EE214_Projects/blackboard_revD.xdc]
WARNING: [Vivado 12-584] No ports matched 'clk'. [C:/Users/Kobe/Desktop/EE214_Projects/blackboard_revD.xdc:4]
CRITICAL WARNING: [Common 17-55] 'set_property' expects at least one object. [C:/Users/Kobe/Desktop/EE214_Projects/blackboard_revD.xdc:4]
Resolution: If [get_<value>] was used to populate the object, check to make sure this command returns at least one valid object.
WARNING: [Vivado 12-584] No ports matched 'led[0]'. [C:/Users/Kobe/Desktop/EE214_Projects/blackboard_revD.xdc:7]
CRITICAL WARNING: [Common 17-55] 'set_property' expects at least one object. [C:/Users/Kobe/Desktop/EE214_Projects/blackboard_revD.xdc:7]
Resolution: If [get_<value>] was used to populate the object, check to make sure this command returns at least one valid object.
WARNING: [Vivado 12-584] No ports matched 'led[1]'. [C:/Users/Kobe/Desktop/EE214_Projects/blackboard_revD.xdc:8]
CRITICAL WARNING: [Common 17-55] 'set_property' expects at least one object. [C:/Users/Kobe/Desktop/EE214_Projects/blackboard_revD.xdc:8]
Resolution: If [get_<value>] was used to populate the object, check to make sure this command returns at least one valid object.
WARNING: [Vivado 12-584] No ports matched 'led[2]'. [C:/Users/Kobe/Desktop/EE214_Projects/blackboard_revD.xdc:9]
CRITICAL WARNING: [Common 17-55] 'set_property' expects at least one object. [C:/Users/Kobe/Desktop/EE214_Projects/blackboard_revD.xdc:9]
Resolution: If [get_<value>] was used to populate the object, check to make sure this command returns at least one valid object.
WARNING: [Vivado 12-584] No ports matched 'led[3]'. [C:/Users/Kobe/Desktop/EE214_Projects/blackboard_revD.xdc:10]
CRITICAL WARNING: [Common 17-55] 'set_property' expects at least one object. [C:/Users/Kobe/Desktop/EE214_Projects/blackboard_revD.xdc:10]
Resolution: If [get_<value>] was used to populate the object, check to make sure this command returns at least one valid object.
WARNING: [Vivado 12-584] No ports matched 'led[4]'. [C:/Users/Kobe/Desktop/EE214_Projects/blackboard_revD.xdc:11]
CRITICAL WARNING: [Common 17-55] 'set_property' expects at least one object. [C:/Users/Kobe/Desktop/EE214_Projects/blackboard_revD.xdc:11]
Resolution: If [get_<value>] was used to populate the object, check to make sure this command returns at least one valid object.
WARNING: [Vivado 12-584] No ports matched 'led[5]'. [C:/Users/Kobe/Desktop/EE214_Projects/blackboard_revD.xdc:12]
CRITICAL WARNING: [Common 17-55] 'set_property' expects at least one object. [C:/Users/Kobe/Desktop/EE214_Projects/blackboard_revD.xdc:12]
Resolution: If [get_<value>] was used to populate the object, check to make sure this command returns at least one valid object.
WARNING: [Vivado 12-584] No ports matched 'led[6]'. [C:/Users/Kobe/Desktop/EE214_Projects/blackboard_revD.xdc:13]
CRITICAL WARNING: [Common 17-55] 'set_property' expects at least one object. [C:/Users/Kobe/Desktop/EE214_Projects/blackboard_revD.xdc:13]
Resolution: If [get_<value>] was used to populate the object, check to make sure this command returns at least one valid object.
WARNING: [Vivado 12-584] No ports matched 'led[7]'. [C:/Users/Kobe/Desktop/EE214_Projects/blackboard_revD.xdc:14]
CRITICAL WARNING: [Common 17-55] 'set_property' expects at least one object. [C:/Users/Kobe/Desktop/EE214_Projects/blackboard_revD.xdc:14]
Resolution: If [get_<value>] was used to populate the object, check to make sure this command returns at least one valid object.
WARNING: [Vivado 12-584] No ports matched 'led[8]'. [C:/Users/Kobe/Desktop/EE214_Projects/blackboard_revD.xdc:15]
CRITICAL WARNING: [Common 17-55] 'set_property' expects at least one object. [C:/Users/Kobe/Desktop/EE214_Projects/blackboard_revD.xdc:15]
Resolution: If [get_<value>] was used to populate the object, check to make sure this command returns at least one valid object.
WARNING: [Vivado 12-584] No ports matched 'led[9]'. [C:/Users/Kobe/Desktop/EE214_Projects/blackboard_revD.xdc:16]
CRITICAL WARNING: [Common 17-55] 'set_property' expects at least one object. [C:/Users/Kobe/Desktop/EE214_Projects/blackboard_revD.xdc:16]
Resolution: If [get_<value>] was used to populate the object, check to make sure this command returns at least one valid object.
WARNING: [Vivado 12-584] No ports matched 'RGB_led_A[0]'. [C:/Users/Kobe/Desktop/EE214_Projects/blackboard_revD.xdc:19]
CRITICAL WARNING: [Common 17-55] 'set_property' expects at least one object. [C:/Users/Kobe/Desktop/EE214_Projects/blackboard_revD.xdc:19]
Resolution: If [get_<value>] was used to populate the object, check to make sure this command returns at least one valid object.
WARNING: [Vivado 12-584] No ports matched 'RGB_led_A[1]'. [C:/Users/Kobe/Desktop/EE214_Projects/blackboard_revD.xdc:20]
CRITICAL WARNING: [Common 17-55] 'set_property' expects at least one object. [C:/Users/Kobe/Desktop/EE214_Projects/blackboard_revD.xdc:20]
Resolution: If [get_<value>] was used to populate the object, check to make sure this command returns at least one valid object.
WARNING: [Vivado 12-584] No ports matched 'RGB_led_A[2]'. [C:/Users/Kobe/Desktop/EE214_Projects/blackboard_revD.xdc:21]
CRITICAL WARNING: [Common 17-55] 'set_property' expects at least one object. [C:/Users/Kobe/Desktop/EE214_Projects/blackboard_revD.xdc:21]
Resolution: If [get_<value>] was used to populate the object, check to make sure this command returns at least one valid object.
WARNING: [Vivado 12-584] No ports matched 'RGB_led_B[0]'. [C:/Users/Kobe/Desktop/EE214_Projects/blackboard_revD.xdc:23]
CRITICAL WARNING: [Common 17-55] 'set_property' expects at least one object. [C:/Users/Kobe/Desktop/EE214_Projects/blackboard_revD.xdc:23]
Resolution: If [get_<value>] was used to populate the object, check to make sure this command returns at least one valid object.
WARNING: [Vivado 12-584] No ports matched 'RGB_led_B[1]'. [C:/Users/Kobe/Desktop/EE214_Projects/blackboard_revD.xdc:24]
CRITICAL WARNING: [Common 17-55] 'set_property' expects at least one object. [C:/Users/Kobe/Desktop/EE214_Projects/blackboard_revD.xdc:24]
Resolution: If [get_<value>] was used to populate the object, check to make sure this command returns at least one valid object.
WARNING: [Vivado 12-584] No ports matched 'RGB_led_B[2]'. [C:/Users/Kobe/Desktop/EE214_Projects/blackboard_revD.xdc:25]
CRITICAL WARNING: [Common 17-55] 'set_property' expects at least one object. [C:/Users/Kobe/Desktop/EE214_Projects/blackboard_revD.xdc:25]
Resolution: If [get_<value>] was used to populate the object, check to make sure this command returns at least one valid object.
WARNING: [Vivado 12-584] No ports matched 'sw[8]'. [C:/Users/Kobe/Desktop/EE214_Projects/blackboard_revD.xdc:36]
CRITICAL WARNING: [Common 17-55] 'set_property' expects at least one object. [C:/Users/Kobe/Desktop/EE214_Projects/blackboard_revD.xdc:36]
Resolution: If [get_<value>] was used to populate the object, check to make sure this command returns at least one valid object.
WARNING: [Vivado 12-584] No ports matched 'sw[9]'. [C:/Users/Kobe/Desktop/EE214_Projects/blackboard_revD.xdc:37]
CRITICAL WARNING: [Common 17-55] 'set_property' expects at least one object. [C:/Users/Kobe/Desktop/EE214_Projects/blackboard_revD.xdc:37]
Resolution: If [get_<value>] was used to populate the object, check to make sure this command returns at least one valid object.
WARNING: [Vivado 12-584] No ports matched 'sw[10]'. [C:/Users/Kobe/Desktop/EE214_Projects/blackboard_revD.xdc:38]
CRITICAL WARNING: [Common 17-55] 'set_property' expects at least one object. [C:/Users/Kobe/Desktop/EE214_Projects/blackboard_revD.xdc:38]
Resolution: If [get_<value>] was used to populate the object, check to make sure this command returns at least one valid object.
WARNING: [Vivado 12-584] No ports matched 'sw[11]'. [C:/Users/Kobe/Desktop/EE214_Projects/blackboard_revD.xdc:39]
CRITICAL WARNING: [Common 17-55] 'set_property' expects at least one object. [C:/Users/Kobe/Desktop/EE214_Projects/blackboard_revD.xdc:39]
Resolution: If [get_<value>] was used to populate the object, check to make sure this command returns at least one valid object.
WARNING: [Vivado 12-584] No ports matched 'btn[1]'. [C:/Users/Kobe/Desktop/EE214_Projects/blackboard_revD.xdc:43]
CRITICAL WARNING: [Common 17-55] 'set_property' expects at least one object. [C:/Users/Kobe/Desktop/EE214_Projects/blackboard_revD.xdc:43]
Resolution: If [get_<value>] was used to populate the object, check to make sure this command returns at least one valid object.
WARNING: [Vivado 12-584] No ports matched 'btn[2]'. [C:/Users/Kobe/Desktop/EE214_Projects/blackboard_revD.xdc:44]
CRITICAL WARNING: [Common 17-55] 'set_property' expects at least one object. [C:/Users/Kobe/Desktop/EE214_Projects/blackboard_revD.xdc:44]
Resolution: If [get_<value>] was used to populate the object, check to make sure this command returns at least one valid object.
WARNING: [Vivado 12-584] No ports matched 'btn[3]'. [C:/Users/Kobe/Desktop/EE214_Projects/blackboard_revD.xdc:45]
CRITICAL WARNING: [Common 17-55] 'set_property' expects at least one object. [C:/Users/Kobe/Desktop/EE214_Projects/blackboard_revD.xdc:45]
Resolution: If [get_<value>] was used to populate the object, check to make sure this command returns at least one valid object.
Finished Parsing XDC File [C:/Users/Kobe/Desktop/EE214_Projects/blackboard_revD.xdc]
INFO: [Project 1-236] Implementation specific constraints were found while reading constraint file [C:/Users/Kobe/Desktop/EE214_Projects/blackboard_revD.xdc]. These constraints will be ignored for synthesis but will be used in implementation. Impacted constraints are listed in the file [.Xil/wrapper_propImpl.xdc].
Resolution: To avoid this warning, move constraints listed in [.Xil/wrapper_propImpl.xdc] to another XDC file and exclude this new file from synthesis with the used_in_synthesis property (File Properties dialog in GUI) and re-run elaboration/synthesis.
Completed Processing XDC Constraints

Netlist sorting complete. Time (s): cpu = 00:00:00 ; elapsed = 00:00:00 . Memory (MB): peak = 1432.109 ; gain = 0.000
INFO: [Project 1-111] Unisim Transformation Summary:
No Unisim elements were transformed.

Constraint Validation Runtime : Time (s): cpu = 00:00:00 ; elapsed = 00:00:00.002 . Memory (MB): peak = 1432.109 ; gain = 0.000
INFO: [Designutils 20-5440] No compile time benefit to using incremental synthesis; A full resynthesis will be run
INFO: [Designutils 20-4379] Flow is switching to default flow due to incremental criteria not met. If you would like to alter this behaviour and have the flow terminate instead, please set the following parameter config_implementation {autoIncr.Synth.RejectBehavior Terminate}
---------------------------------------------------------------------------------
Finished Constraint Validation : Time (s): cpu = 00:00:11 ; elapsed = 00:00:12 . Memory (MB): peak = 1432.109 ; gain = 598.793
---------------------------------------------------------------------------------
---------------------------------------------------------------------------------
Start Loading Part and Timing Information
---------------------------------------------------------------------------------
Loading part: xc7z007sclg400-1
---------------------------------------------------------------------------------
Finished Loading Part and Timing Information : Time (s): cpu = 00:00:11 ; elapsed = 00:00:12 . Memory (MB): peak = 1432.109 ; gain = 598.793
---------------------------------------------------------------------------------
---------------------------------------------------------------------------------
Start Applying 'set_property' XDC Constraints
---------------------------------------------------------------------------------
---------------------------------------------------------------------------------
Finished applying 'set_property' XDC Constraints : Time (s): cpu = 00:00:11 ; elapsed = 00:00:12 . Memory (MB): peak = 1432.109 ; gain = 598.793
---------------------------------------------------------------------------------
---------------------------------------------------------------------------------
Finished RTL Optimization Phase 2 : Time (s): cpu = 00:00:12 ; elapsed = 00:00:12 . Memory (MB): peak = 1432.109 ; gain = 598.793
---------------------------------------------------------------------------------
---------------------------------------------------------------------------------
Start RTL Component Statistics 
---------------------------------------------------------------------------------
Detailed RTL Component Info : 
+---Muxes : 
	   2 Input    4 Bit        Muxes := 2     
---------------------------------------------------------------------------------
Finished RTL Component Statistics 
---------------------------------------------------------------------------------
---------------------------------------------------------------------------------
Start Part Resource Summary
---------------------------------------------------------------------------------
Part Resources:
DSPs: 66 (col length:40)
BRAMs: 100 (col length: RAMB18 40 RAMB36 20)
---------------------------------------------------------------------------------
Finished Part Resource Summary
---------------------------------------------------------------------------------
---------------------------------------------------------------------------------
Start Cross Boundary and Area Optimization
---------------------------------------------------------------------------------
WARNING: [Synth 8-7080] Parallel synthesis criteria is not met
WARNING: [Synth 8-3917] design wrapper has port seg_an[3] driven by constant 1
WARNING: [Synth 8-3917] design wrapper has port seg_an[2] driven by constant 1
---------------------------------------------------------------------------------
Finished Cross Boundary and Area Optimization : Time (s): cpu = 00:00:13 ; elapsed = 00:00:14 . Memory (MB): peak = 1456.148 ; gain = 622.832
---------------------------------------------------------------------------------
---------------------------------------------------------------------------------
Start Applying XDC Timing Constraints
---------------------------------------------------------------------------------
---------------------------------------------------------------------------------
Finished Applying XDC Timing Constraints : Time (s): cpu = 00:00:18 ; elapsed = 00:00:18 . Memory (MB): peak = 1605.148 ; gain = 771.832
---------------------------------------------------------------------------------
---------------------------------------------------------------------------------
Start Timing Optimization
---------------------------------------------------------------------------------
---------------------------------------------------------------------------------
Finished Timing Optimization : Time (s): cpu = 00:00:18 ; elapsed = 00:00:18 . Memory (MB): peak = 1605.223 ; gain = 771.906
---------------------------------------------------------------------------------
---------------------------------------------------------------------------------
Start Technology Mapping
---------------------------------------------------------------------------------
---------------------------------------------------------------------------------
Finished Technology Mapping : Time (s): cpu = 00:00:18 ; elapsed = 00:00:18 . Memory (MB): peak = 1615.117 ; gain = 781.801
---------------------------------------------------------------------------------
---------------------------------------------------------------------------------
Start IO Insertion
---------------------------------------------------------------------------------
---------------------------------------------------------------------------------
Start Flattening Before IO Insertion
---------------------------------------------------------------------------------
---------------------------------------------------------------------------------
Finished Flattening Before IO Insertion
---------------------------------------------------------------------------------
---------------------------------------------------------------------------------
Start Final Netlist Cleanup
---------------------------------------------------------------------------------
---------------------------------------------------------------------------------
Finished Final Netlist Cleanup
---------------------------------------------------------------------------------
---------------------------------------------------------------------------------
Finished IO Insertion : Time (s): cpu = 00:00:20 ; elapsed = 00:00:21 . Memory (MB): peak = 1828.609 ; gain = 995.293
---------------------------------------------------------------------------------
---------------------------------------------------------------------------------
Start Renaming Generated Instances
---------------------------------------------------------------------------------
---------------------------------------------------------------------------------
Finished Renaming Generated Instances : Time (s): cpu = 00:00:20 ; elapsed = 00:00:21 . Memory (MB): peak = 1828.609 ; gain = 995.293
---------------------------------------------------------------------------------
---------------------------------------------------------------------------------
Start Rebuilding User Hierarchy
---------------------------------------------------------------------------------
---------------------------------------------------------------------------------
Finished Rebuilding User Hierarchy : Time (s): cpu = 00:00:20 ; elapsed = 00:00:21 . Memory (MB): peak = 1828.609 ; gain = 995.293
---------------------------------------------------------------------------------
---------------------------------------------------------------------------------
Start Renaming Generated Ports
---------------------------------------------------------------------------------
---------------------------------------------------------------------------------
Finished Renaming Generated Ports : Time (s): cpu = 00:00:20 ; elapsed = 00:00:21 . Memory (MB): peak = 1828.609 ; gain = 995.293
---------------------------------------------------------------------------------
---------------------------------------------------------------------------------
Start Handling Custom Attributes
---------------------------------------------------------------------------------
---------------------------------------------------------------------------------
Finished Handling Custom Attributes : Time (s): cpu = 00:00:20 ; elapsed = 00:00:21 . Memory (MB): peak = 1828.609 ; gain = 995.293
---------------------------------------------------------------------------------
---------------------------------------------------------------------------------
Start Renaming Generated Nets
---------------------------------------------------------------------------------
---------------------------------------------------------------------------------
Finished Renaming Generated Nets : Time (s): cpu = 00:00:20 ; elapsed = 00:00:21 . Memory (MB): peak = 1828.609 ; gain = 995.293
---------------------------------------------------------------------------------
---------------------------------------------------------------------------------
Start Writing Synthesis Report
---------------------------------------------------------------------------------

Report BlackBoxes: 
+-+--------------+----------+
| |BlackBox name |Instances |
+-+--------------+----------+
+-+--------------+----------+

Report Cell Usage: 
+------+-----+------+
|      |Cell |Count |
+------+-----+------+
|1     |LUT1 |     1|
|2     |LUT3 |     3|
|3     |LUT6 |     7|
|4     |IBUF |     9|
|5     |OBUF |    12|
+------+-----+------+
---------------------------------------------------------------------------------
Finished Writing Synthesis Report : Time (s): cpu = 00:00:20 ; elapsed = 00:00:21 . Memory (MB): peak = 1828.609 ; gain = 995.293
---------------------------------------------------------------------------------
Synthesis finished with 0 errors, 0 critical warnings and 3 warnings.
Synthesis Optimization Runtime : Time (s): cpu = 00:00:13 ; elapsed = 00:00:20 . Memory (MB): peak = 1828.609 ; gain = 970.207
Synthesis Optimization Complete : Time (s): cpu = 00:00:20 ; elapsed = 00:00:21 . Memory (MB): peak = 1828.609 ; gain = 995.293
INFO: [Project 1-571] Translating synthesized netlist
Netlist sorting complete. Time (s): cpu = 00:00:00 ; elapsed = 00:00:00 . Memory (MB): peak = 1837.742 ; gain = 0.000
INFO: [Project 1-570] Preparing netlist for logic optimization
INFO: [Opt 31-138] Pushed 0 inverter(s) to 0 load pin(s).
Netlist sorting complete. Time (s): cpu = 00:00:00 ; elapsed = 00:00:00 . Memory (MB): peak = 1841.359 ; gain = 0.000
INFO: [Project 1-111] Unisim Transformation Summary:
No Unisim elements were transformed.

Synth Design complete | Checksum: d157a5fd
INFO: [Common 17-83] Releasing license: Synthesis
25 Infos, 43 Warnings, 24 Critical Warnings and 0 Errors encountered.
synth_design completed successfully
INFO: [Common 17-600] The following parameters have non-default value.
tcl.statsThreshold
INFO: [runtcl-6] Synthesis results are not added to the cache due to CRITICAL_WARNING
Write ShapeDB Complete: Time (s): cpu = 00:00:00 ; elapsed = 00:00:00.001 . Memory (MB): peak = 1841.359 ; gain = 0.000
INFO: [Common 17-1381] The checkpoint 'C:/Users/Kobe/Desktop/EE214_Projects/Project 5/KobeBui_EE214_Project5_part3/KobeBui_EE214_Project5_part3.runs/synth_1/wrapper.dcp' has been generated.
INFO: [Vivado 12-24828] Executing command : report_utilization -file wrapper_utilization_synth.rpt -pb wrapper_utilization_synth.pb
INFO: [Common 17-206] Exiting Vivado at Thu Feb 20 12:54:50 2025...
